[I 2023-11-11 11:55:06,247] Trial 280 finished with value: 108.17964479440246 and parameters: {'seed': 112, 'N': 4, 'n_neurons_1': 173, 'n_neurons_2': 146, 'n_neurons_3': 125, 'n_neurons_4': 63, 'Dropout': 0.09901546975133638, 'kernel_regularizer': 0.10369115616296642, 'learning_rate': 0.001170620338025943, 'beta_1': 0.8274896857109502, 'min_delta': 11.076615878766386, 'batch_size': 32}. Best is trial 184 with value: 95.50310257112065.
A : MAE:  108.17964479440246
A : Best epoch:  18
A : Best epoch:  25
A : Best epoch:  36
[I 2023-11-11 11:56:02,310] Trial 281 finished with value: 108.85117333672468 and parameters: {'seed': 116, 'N': 3, 'n_neurons_1': 177, 'n_neurons_2': 143, 'n_neurons_3': 121, 'n_neurons_4': 66, 'Dropout': 0.1638699391723481, 'kernel_regularizer': 0.16160061775655116, 'learning_rate': 0.0011175559459987844, 'beta_1': 0.7602475981754161, 'min_delta': 12.10630104285264, 'batch_size': 32}. Best is trial 184 with value: 95.50310257112065.
A : MAE:  108.85117333672468
A : Best epoch:  36
A : Best epoch:  30
A : Best epoch:  30
A : Best epoch:  24
[I 2023-11-11 11:57:29,460] Trial 282 finished with value: 107.94842636889422 and parameters: {'seed': 113, 'N': 4, 'n_neurons_1': 178, 'n_neurons_2': 145, 'n_neurons_3': 127, 'n_neurons_4': 64, 'Dropout': 0.1336550742702137, 'kernel_regularizer': 0.14435020691798256, 'learning_rate': 0.001148004180083211, 'beta_1': 0.8356132876412168, 'min_delta': 6.486540060812331, 'batch_size': 32}. Best is trial 184 with value: 95.50310257112065.
A : MAE:  107.94842636889422
A : Best epoch:  38
A : Best epoch:  16
A : Best epoch:  38
A : Best epoch:  38
[I 2023-11-11 11:58:42,454] Trial 283 finished with value: 106.2487643007972 and parameters: {'seed': 111, 'N': 4, 'n_neurons_1': 176, 'n_neurons_2': 144, 'n_neurons_3': 125, 'n_neurons_4': 70, 'Dropout': 0.09355408023395687, 'kernel_regularizer': 0.11272844097125981, 'learning_rate': 0.001125741228067149, 'beta_1': 0.7562429100129051, 'min_delta': 7.186648337241063, 'batch_size': 32}. Best is trial 184 with value: 95.50310257112065.
A : MAE:  106.2487643007972
A : Best epoch:  27
A : Best epoch:  68
A : Best epoch:  33
A : Best epoch:  20
[I 2023-11-11 11:59:43,943] Trial 284 finished with value: 106.43478077430187 and parameters: {'seed': 148, 'N': 4, 'n_neurons_1': 166, 'n_neurons_2': 147, 'n_neurons_3': 122, 'n_neurons_4': 81, 'Dropout': 0.13066790601754083, 'kernel_regularizer': 0.12450765477880399, 'learning_rate': 0.0011362576973900694, 'beta_1': 0.7589811626390176, 'min_delta': 6.69941659401986, 'batch_size': 64}. Best is trial 184 with value: 95.50310257112065.
A : MAE:  106.43478077430187
A : Best epoch:  43
A : Best epoch:  41
A : Best epoch:  17
A : Best epoch:  38
[I 2023-11-11 12:01:10,660] Trial 285 finished with value: 103.01973450840826 and parameters: {'seed': 120, 'N': 4, 'n_neurons_1': 175, 'n_neurons_2': 146, 'n_neurons_3': 117, 'n_neurons_4': 65, 'Dropout': 0.12844775669942163, 'kernel_regularizer': 0.10936308803228481, 'learning_rate': 0.0011575229461337987, 'beta_1': 0.8323026323022348, 'min_delta': 7.6083594974500075, 'batch_size': 32}. Best is trial 184 with value: 95.50310257112065.
A : MAE:  103.01973450840826
A : Best epoch:  20
A : Best epoch:  20
A : Best epoch:  44
A : Best epoch:  11
[I 2023-11-11 12:03:16,140] Trial 286 finished with value: 99.39306080403902 and parameters: {'seed': 114, 'N': 4, 'n_neurons_1': 177, 'n_neurons_2': 145, 'n_neurons_3': 126, 'n_neurons_4': 64, 'Dropout': 0.055563317991906995, 'kernel_regularizer': 0.12193581397852103, 'learning_rate': 0.0011198030120681585, 'beta_1': 0.7666263109853975, 'min_delta': 10.812300433591021, 'batch_size': 16}. Best is trial 184 with value: 95.50310257112065.
A : MAE:  99.39306080403902
A : Best epoch:  30
A : Best epoch:  29
A : Best epoch:  23
A : Best epoch:  19
[I 2023-11-11 12:04:32,741] Trial 287 finished with value: 111.45789768651565 and parameters: {'seed': 117, 'N': 4, 'n_neurons_1': 174, 'n_neurons_2': 148, 'n_neurons_3': 118, 'n_neurons_4': 82, 'Dropout': 0.12229250852721224, 'kernel_regularizer': 0.15503568755772856, 'learning_rate': 0.0009984779328109583, 'beta_1': 0.8081642431558774, 'min_delta': 6.188448467041861, 'batch_size': 32}. Best is trial 184 with value: 95.50310257112065.
A : MAE:  111.45789768651565
A : Best epoch:  31
A : Best epoch:  31
A : Best epoch:  18
A : Best epoch:  19
[I 2023-11-11 12:06:40,046] Trial 288 finished with value: 104.49580941901868 and parameters: {'seed': 115, 'N': 4, 'n_neurons_1': 178, 'n_neurons_2': 147, 'n_neurons_3': 128, 'n_neurons_4': 66, 'Dropout': 0.08977007301916576, 'kernel_regularizer': 0.09863620857866275, 'learning_rate': 0.0011068386412254826, 'beta_1': 0.7999917281661485, 'min_delta': 11.282948963300662, 'batch_size': 16}. Best is trial 184 with value: 95.50310257112065.
A : MAE:  104.49580941901868
A : Best epoch:  40
A : Best epoch:  31
A : Best epoch:  31
A : Best epoch:  31
[I 2023-11-11 12:07:27,149] Trial 289 finished with value: 108.06155476902791 and parameters: {'seed': 122, 'N': 4, 'n_neurons_1': 172, 'n_neurons_2': 144, 'n_neurons_3': 123, 'n_neurons_4': 80, 'Dropout': 0.1977040814321791, 'kernel_regularizer': 0.12946526689726587, 'learning_rate': 0.0011433004719468582, 'beta_1': 0.7533031806759581, 'min_delta': 10.429962642135786, 'batch_size': 64}. Best is trial 184 with value: 95.50310257112065.
A : MAE:  108.06155476902791
A : Best epoch:  25
A : Best epoch:  24
A : Best epoch:  23
A : Best epoch:  43
[I 2023-11-11 12:09:33,056] Trial 290 finished with value: 100.36357962462147 and parameters: {'seed': 108, 'N': 4, 'n_neurons_1': 165, 'n_neurons_2': 146, 'n_neurons_3': 114, 'n_neurons_4': 63, 'Dropout': 0.05902096186186327, 'kernel_regularizer': 0.05075178044245826, 'learning_rate': 0.0010962781007919635, 'beta_1': 0.7623031054774857, 'min_delta': 12.965432439022814, 'batch_size': 16}. Best is trial 184 with value: 95.50310257112065.
A : MAE:  100.36357962462147
A : Best epoch:  13
A : Best epoch:  19
A : Best epoch:  30
A : Best epoch:  24
[I 2023-11-11 12:11:25,343] Trial 291 finished with value: 107.58891251742574 and parameters: {'seed': 113, 'N': 4, 'n_neurons_1': 144, 'n_neurons_2': 147, 'n_neurons_3': 115, 'n_neurons_4': 85, 'Dropout': 0.1343789570911569, 'kernel_regularizer': 0.11646748328105287, 'learning_rate': 0.0010337451265658637, 'beta_1': 0.7575530055765962, 'min_delta': 11.817850561590706, 'batch_size': 16}. Best is trial 184 with value: 95.50310257112065.
A : MAE:  107.58891251742574
A : Best epoch:  26
A : Best epoch:  26
A : Best epoch:  26
A : Best epoch:  31
A : Best epoch:  26
[I 2023-11-11 12:14:16,024] Trial 292 finished with value: 100.15841012029014 and parameters: {'seed': 118, 'N': 5, 'n_neurons_1': 154, 'n_neurons_2': 142, 'n_neurons_3': 99, 'n_neurons_4': 64, 'Dropout': 0.08164648017231131, 'kernel_regularizer': 0.10402550176766623, 'learning_rate': 0.001018028614067245, 'beta_1': 0.7502092191768368, 'min_delta': 9.270451431465254, 'batch_size': 16}. Best is trial 184 with value: 95.50310257112065.
A : MAE:  100.15841012029014
A : Best epoch:  25
A : Best epoch:  25
A : Best epoch:  29
A : Best epoch:  13
[I 2023-11-11 12:16:12,980] Trial 293 finished with value: 108.19957600027887 and parameters: {'seed': 111, 'N': 4, 'n_neurons_1': 164, 'n_neurons_2': 145, 'n_neurons_3': 100, 'n_neurons_4': 77, 'Dropout': 0.0972988516806419, 'kernel_regularizer': 0.17328998205591614, 'learning_rate': 0.0011317851998089838, 'beta_1': 0.821888661762678, 'min_delta': 6.638277601997235, 'batch_size': 16}. Best is trial 184 with value: 95.50310257112065.
A : MAE:  108.19957600027887
A : Best epoch:  18
A : Best epoch:  8
A : Best epoch:  15
A : Best epoch:  21
[I 2023-11-11 12:17:51,425] Trial 294 finished with value: 109.4378745873932 and parameters: {'seed': 183, 'N': 4, 'n_neurons_1': 142, 'n_neurons_2': 147, 'n_neurons_3': 116, 'n_neurons_4': 65, 'Dropout': 0.10871230672914363, 'kernel_regularizer': 0.11245849915286739, 'learning_rate': 0.0011644097740985172, 'beta_1': 0.7646776549817375, 'min_delta': 9.947203077865058, 'batch_size': 16}. Best is trial 184 with value: 95.50310257112065.
A : MAE:  109.4378745873932
A : Best epoch:  34
A : Best epoch:  33
A : Best epoch:  40
A : Best epoch:  9
[I 2023-11-11 12:19:59,776] Trial 295 finished with value: 104.37037567157151 and parameters: {'seed': 115, 'N': 4, 'n_neurons_1': 156, 'n_neurons_2': 143, 'n_neurons_3': 113, 'n_neurons_4': 63, 'Dropout': 0.07597717690565929, 'kernel_regularizer': 0.11878082067405171, 'learning_rate': 0.0011502856164765129, 'beta_1': 0.8144878335183361, 'min_delta': 8.501826811691773, 'batch_size': 16}. Best is trial 184 with value: 95.50310257112065.
A : MAE:  104.37037567157151
A : Best epoch:  48
A : Best epoch:  18
A : Best epoch:  40
A : Best epoch:  56
[I 2023-11-11 12:21:31,499] Trial 296 finished with value: 102.79809326830318 and parameters: {'seed': 109, 'N': 4, 'n_neurons_1': 143, 'n_neurons_2': 148, 'n_neurons_3': 101, 'n_neurons_4': 83, 'Dropout': 0.05525739165038029, 'kernel_regularizer': 0.09003549498061894, 'learning_rate': 0.0008099721764579035, 'beta_1': 0.7598086977258497, 'min_delta': 7.775547351045259, 'batch_size': 32}. Best is trial 184 with value: 95.50310257112065.
A : MAE:  102.79809326830318
A : Best epoch:  31
A : Best epoch:  31
A : Best epoch:  29
A : Best epoch:  36
[I 2023-11-11 12:23:42,395] Trial 297 finished with value: 101.24424470849493 and parameters: {'seed': 124, 'N': 4, 'n_neurons_1': 163, 'n_neurons_2': 144, 'n_neurons_3': 126, 'n_neurons_4': 62, 'Dropout': 0.08703727107967325, 'kernel_regularizer': 0.12594977927851303, 'learning_rate': 0.0011285344425993134, 'beta_1': 0.8261688334408299, 'min_delta': 7.257950428572393, 'batch_size': 16}. Best is trial 184 with value: 95.50310257112065.
A : MAE:  101.24424470849493
A : Best epoch:  33
A : Best epoch:  13
A : Best epoch:  9
A : Best epoch:  22
[I 2023-11-11 12:25:23,577] Trial 298 finished with value: 102.25129034065299 and parameters: {'seed': 151, 'N': 4, 'n_neurons_1': 160, 'n_neurons_2': 139, 'n_neurons_3': 124, 'n_neurons_4': 80, 'Dropout': 0.1415270860231421, 'kernel_regularizer': 0.10748237015548749, 'learning_rate': 0.001177185812616796, 'beta_1': 0.7688298603441671, 'min_delta': 6.924854676037489, 'batch_size': 16}. Best is trial 184 with value: 95.50310257112065.
A : MAE:  102.25129034065299
A : Best epoch:  22
A : Best epoch:  25
A : Best epoch:  12
A : Best epoch:  24
[I 2023-11-11 12:27:13,286] Trial 299 finished with value: 106.37101771713544 and parameters: {'seed': 141, 'N': 4, 'n_neurons_1': 176, 'n_neurons_2': 146, 'n_neurons_3': 119, 'n_neurons_4': 60, 'Dropout': 0.07951918387859491, 'kernel_regularizer': 0.14913415333385013, 'learning_rate': 0.000992524712174478, 'beta_1': 0.7564147447916997, 'min_delta': 13.409359831735584, 'batch_size': 16}. Best is trial 184 with value: 95.50310257112065.
A : MAE:  106.37101771713544
[I 2023-11-11 12:27:39,427] Trial 300 finished with value: 110.53431979465385 and parameters: {'seed': 112, 'N': 1, 'n_neurons_1': 180, 'n_neurons_2': 148, 'n_neurons_3': 106, 'n_neurons_4': 66, 'Dropout': 0.06116997764290173, 'kernel_regularizer': 0.11363489836042699, 'learning_rate': 0.0011376628321788527, 'beta_1': 0.8066883124006308, 'min_delta': 9.641928848184527, 'batch_size': 16}. Best is trial 184 with value: 95.50310257112065.
A : Best epoch:  12
A : MAE:  110.53431979465385
A : Best epoch:  27
A : Best epoch:  24
A : Best epoch:  30
A : Best epoch:  35
[I 2023-11-11 12:28:29,644] Trial 301 finished with value: 109.90632633645045 and parameters: {'seed': 116, 'N': 4, 'n_neurons_1': 146, 'n_neurons_2': 145, 'n_neurons_3': 102, 'n_neurons_4': 61, 'Dropout': 0.07093459932142207, 'kernel_regularizer': 0.07948548330538675, 'learning_rate': 0.001116857596716462, 'beta_1': 0.8340931543984547, 'min_delta': 7.980293352804992, 'batch_size': 64}. Best is trial 184 with value: 95.50310257112065.
A : MAE:  109.90632633645045
A : Best epoch:  12
A : Best epoch:  32
A : Best epoch:  37
A : Best epoch:  32
[I 2023-11-11 12:31:02,711] Trial 302 finished with value: 103.32707296949258 and parameters: {'seed': 119, 'N': 4, 'n_neurons_1': 162, 'n_neurons_2': 146, 'n_neurons_3': 115, 'n_neurons_4': 85, 'Dropout': 0.058174231437107114, 'kernel_regularizer': 0.12025585223485753, 'learning_rate': 0.0010587094501269, 'beta_1': 0.7614194508365829, 'min_delta': 8.639521593947643, 'batch_size': 16}. Best is trial 184 with value: 95.50310257112065.
A : MAE:  103.32707296949258
A : Best epoch:  11
A : Best epoch:  34
A : Best epoch:  34
A : Best epoch:  48
[I 2023-11-11 12:32:19,550] Trial 303 finished with value: 100.11114763543173 and parameters: {'seed': 188, 'N': 4, 'n_neurons_1': 169, 'n_neurons_2': 140, 'n_neurons_3': 100, 'n_neurons_4': 82, 'Dropout': 0.09326409712261757, 'kernel_regularizer': 0.13514254265787137, 'learning_rate': 0.0011076557605686074, 'beta_1': 0.7905924980495821, 'min_delta': 8.865664477918957, 'batch_size': 32}. Best is trial 184 with value: 95.50310257112065.
A : MAE:  100.11114763543173
[I 2023-11-11 12:33:44,350] Trial 304 finished with value: 98.27555077497867 and parameters: {'seed': 114, 'N': 2, 'n_neurons_1': 163, 'n_neurons_2': 144, 'n_neurons_3': 103, 'n_neurons_4': 81, 'Dropout': 0.06416936369085122, 'kernel_regularizer': 0.10940494343510869, 'learning_rate': 0.0010739484936396558, 'beta_1': 0.8777486251673776, 'min_delta': 9.195305241117667, 'batch_size': 16}. Best is trial 184 with value: 95.50310257112065.
A : Best epoch:  42
A : Best epoch:  25
A : MAE:  98.27555077497867
[I 2023-11-11 12:34:17,833] Trial 305 finished with value: 104.07277824586119 and parameters: {'seed': 114, 'N': 1, 'n_neurons_1': 163, 'n_neurons_2': 144, 'n_neurons_3': 104, 'n_neurons_4': 81, 'Dropout': 0.06413802468285305, 'kernel_regularizer': 0.10203242356737198, 'learning_rate': 0.001079448044778794, 'beta_1': 0.8795101353270687, 'min_delta': 9.037558210969774, 'batch_size': 16}. Best is trial 184 with value: 95.50310257112065.
A : Best epoch:  35
A : MAE:  104.07277824586119
[I 2023-11-11 12:35:39,372] Trial 306 finished with value: 103.32818341940491 and parameters: {'seed': 111, 'N': 2, 'n_neurons_1': 162, 'n_neurons_2': 144, 'n_neurons_3': 113, 'n_neurons_4': 80, 'Dropout': 0.10160245217121543, 'kernel_regularizer': 0.1084946630649688, 'learning_rate': 0.0011550860724446903, 'beta_1': 0.819855113561513, 'min_delta': 9.128883589402642, 'batch_size': 16}. Best is trial 184 with value: 95.50310257112065.
A : Best epoch:  47
A : Best epoch:  38
A : MAE:  103.32818341940491
[I 2023-11-11 12:36:02,442] Trial 307 finished with value: 119.8589857295618 and parameters: {'seed': 116, 'N': 1, 'n_neurons_1': 163, 'n_neurons_2': 145, 'n_neurons_3': 103, 'n_neurons_4': 81, 'Dropout': 0.06859370617347205, 'kernel_regularizer': 0.11467078475539631, 'learning_rate': 0.001069338654983118, 'beta_1': 0.8706785448053408, 'min_delta': 9.486781975304586, 'batch_size': 16}. Best is trial 184 with value: 95.50310257112065.
A : Best epoch:  12
A : MAE:  119.8589857295618
[I 2023-11-11 12:37:05,047] Trial 308 finished with value: 107.03276004643789 and parameters: {'seed': 110, 'N': 2, 'n_neurons_1': 152, 'n_neurons_2': 142, 'n_neurons_3': 105, 'n_neurons_4': 79, 'Dropout': 0.0637843285730067, 'kernel_regularizer': 0.1106090551772604, 'learning_rate': 0.0010472818362568415, 'beta_1': 0.8993546911413457, 'min_delta': 10.169314851797798, 'batch_size': 16}. Best is trial 184 with value: 95.50310257112065.
A : Best epoch:  39
A : Best epoch:  21
A : MAE:  107.03276004643789
A : Best epoch:  30
A : Best epoch:  30
A : Best epoch:  30
[I 2023-11-11 12:39:17,295] Trial 309 finished with value: 100.99179627390195 and parameters: {'seed': 113, 'N': 3, 'n_neurons_1': 165, 'n_neurons_2': 146, 'n_neurons_3': 114, 'n_neurons_4': 83, 'Dropout': 0.05962006754684689, 'kernel_regularizer': 0.10493044652507329, 'learning_rate': 0.0009738487282541969, 'beta_1': 0.8611729054948369, 'min_delta': 8.427752967319531, 'batch_size': 16}. Best is trial 184 with value: 95.50310257112065.
A : MAE:  100.99179627390195
A : Best epoch:  39
A : Best epoch:  39
A : Best epoch:  31
A : Best epoch:  29
[I 2023-11-11 12:41:43,284] Trial 310 finished with value: 98.32784058663223 and parameters: {'seed': 114, 'N': 4, 'n_neurons_1': 164, 'n_neurons_2': 143, 'n_neurons_3': 111, 'n_neurons_4': 82, 'Dropout': 0.07276033313025251, 'kernel_regularizer': 0.1176425693044618, 'learning_rate': 0.001060415622765268, 'beta_1': 0.7864677312735566, 'min_delta': 9.404981931088573, 'batch_size': 16}. Best is trial 184 with value: 95.50310257112065.
A : MAE:  98.32784058663223
A : Best epoch:  17
A : Best epoch:  41
A : Best epoch:  45
A : Best epoch:  27
[I 2023-11-11 12:44:14,703] Trial 311 finished with value: 101.51564498465193 and parameters: {'seed': 107, 'N': 4, 'n_neurons_1': 164, 'n_neurons_2': 143, 'n_neurons_3': 110, 'n_neurons_4': 82, 'Dropout': 0.07250679575006287, 'kernel_regularizer': 0.11734061297962087, 'learning_rate': 0.0010559533834758586, 'beta_1': 0.8507538586070226, 'min_delta': 9.027917614455745, 'batch_size': 16}. Best is trial 184 with value: 95.50310257112065.
A : MAE:  101.51564498465193
A : Best epoch:  30
A : Best epoch:  34
A : Best epoch:  30
A : Best epoch:  30
[I 2023-11-11 12:46:37,569] Trial 312 finished with value: 97.85398578931292 and parameters: {'seed': 113, 'N': 4, 'n_neurons_1': 164, 'n_neurons_2': 143, 'n_neurons_3': 111, 'n_neurons_4': 82, 'Dropout': 0.0689356742479044, 'kernel_regularizer': 0.11554606308627574, 'learning_rate': 0.0010727894555355355, 'beta_1': 0.8460275036696661, 'min_delta': 9.973407440481363, 'batch_size': 16}. Best is trial 184 with value: 95.50310257112065.
A : MAE:  97.85398578931292
A : Best epoch:  30
A : Best epoch:  23
A : Best epoch:  48
A : Best epoch:  23
[I 2023-11-11 12:49:15,954] Trial 313 finished with value: 100.09366269838209 and parameters: {'seed': 109, 'N': 4, 'n_neurons_1': 165, 'n_neurons_2': 142, 'n_neurons_3': 108, 'n_neurons_4': 82, 'Dropout': 0.06856178346230542, 'kernel_regularizer': 0.1212490489405113, 'learning_rate': 0.001062353970938161, 'beta_1': 0.835623492018133, 'min_delta': 9.618849371905537, 'batch_size': 16}. Best is trial 184 with value: 95.50310257112065.
A : MAE:  100.09366269838209
A : Best epoch:  33
A : Best epoch:  20
A : Best epoch:  30
A : Best epoch:  15
[I 2023-11-11 12:51:14,130] Trial 314 finished with value: 100.84294937569925 and parameters: {'seed': 113, 'N': 4, 'n_neurons_1': 166, 'n_neurons_2': 143, 'n_neurons_3': 111, 'n_neurons_4': 83, 'Dropout': 0.06611940937395014, 'kernel_regularizer': 0.11598888834001317, 'learning_rate': 0.001078012460768794, 'beta_1': 0.8411644548109586, 'min_delta': 9.190041728333757, 'batch_size': 16}. Best is trial 184 with value: 95.50310257112065.
A : MAE:  100.84294937569925
A : Best epoch:  40
A : Best epoch:  19
A : Best epoch:  29
A : Best epoch:  58
[I 2023-11-11 12:53:52,144] Trial 315 finished with value: 99.78943821320996 and parameters: {'seed': 111, 'N': 4, 'n_neurons_1': 164, 'n_neurons_2': 143, 'n_neurons_3': 110, 'n_neurons_4': 81, 'Dropout': 0.0725834965891782, 'kernel_regularizer': 0.11304256821504399, 'learning_rate': 0.0010858245702203323, 'beta_1': 0.8244215384377239, 'min_delta': 8.64028015043293, 'batch_size': 16}. Best is trial 184 with value: 95.50310257112065.
A : MAE:  99.78943821320996
[I 2023-11-11 12:54:26,881] Trial 316 finished with value: 107.6120007670357 and parameters: {'seed': 118, 'N': 1, 'n_neurons_1': 164, 'n_neurons_2': 144, 'n_neurons_3': 111, 'n_neurons_4': 82, 'Dropout': 0.06974402377238384, 'kernel_regularizer': 0.12491558710854492, 'learning_rate': 0.0010673443614946884, 'beta_1': 0.8471718442152691, 'min_delta': 9.421700943399513, 'batch_size': 16}. Best is trial 184 with value: 95.50310257112065.
A : Best epoch:  22
A : MAE:  107.6120007670357
A : Best epoch:  30
A : Best epoch:  26
A : Best epoch:  31
A : Best epoch:  26
[I 2023-11-11 12:56:31,493] Trial 317 finished with value: 102.72950900447508 and parameters: {'seed': 132, 'N': 4, 'n_neurons_1': 163, 'n_neurons_2': 144, 'n_neurons_3': 113, 'n_neurons_4': 63, 'Dropout': 0.0654471222100614, 'kernel_regularizer': 0.11929399706681786, 'learning_rate': 0.0010751175296694509, 'beta_1': 0.8262531784665729, 'min_delta': 9.687347953000266, 'batch_size': 16}. Best is trial 184 with value: 95.50310257112065.
A : MAE:  102.72950900447508
A : Best epoch:  37
A : Best epoch:  26
[I 2023-11-11 12:58:00,208] Trial 318 finished with value: 104.06129110339388 and parameters: {'seed': 143, 'N': 2, 'n_neurons_1': 165, 'n_neurons_2': 143, 'n_neurons_3': 111, 'n_neurons_4': 82, 'Dropout': 0.07406198499468115, 'kernel_regularizer': 0.11639246265329822, 'learning_rate': 0.0010431199211418068, 'beta_1': 0.8830010984992746, 'min_delta': 9.974181998340725, 'batch_size': 16}. Best is trial 184 with value: 95.50310257112065.
A : MAE:  104.06129110339388
A : Best epoch:  33
A : Best epoch:  32
A : Best epoch:  36
A : Best epoch:  8
[I 2023-11-11 13:00:13,080] Trial 319 finished with value: 103.68242561171427 and parameters: {'seed': 112, 'N': 4, 'n_neurons_1': 162, 'n_neurons_2': 141, 'n_neurons_3': 114, 'n_neurons_4': 83, 'Dropout': 0.062205677804544425, 'kernel_regularizer': 0.11148093302241813, 'learning_rate': 0.001005760428630435, 'beta_1': 0.8581588795079594, 'min_delta': 8.05375630289843, 'batch_size': 16}. Best is trial 184 with value: 95.50310257112065.
A : MAE:  103.68242561171427
A : Best epoch:  25
A : Best epoch:  27
A : Best epoch:  18
A : Best epoch:  50
