[I 2023-11-11 05:29:05,350] Trial 80 finished with value: 101.11229065617663 and parameters: {'seed': 119, 'N': 4, 'n_neurons_1': 160, 'n_neurons_2': 153, 'n_neurons_3': 104, 'n_neurons_4': 85, 'Dropout': 0.06198101988790983, 'kernel_regularizer': 0.1126796937914823, 'learning_rate': 0.0008734331075131584, 'beta_1': 0.7604456355456695, 'min_delta': 14.423611843446128, 'batch_size': 16}. Best is trial 8 with value: 97.03100597906038.
A : MAE:  101.11229065617663
A : Best epoch:  19
A : Best epoch:  38
A : Best epoch:  24
A : Best epoch:  15
[I 2023-11-11 05:31:01,332] Trial 81 finished with value: 103.44035219509804 and parameters: {'seed': 113, 'N': 4, 'n_neurons_1': 160, 'n_neurons_2': 153, 'n_neurons_3': 104, 'n_neurons_4': 86, 'Dropout': 0.0667683063472326, 'kernel_regularizer': 0.10986205404421347, 'learning_rate': 0.000873800746239701, 'beta_1': 0.7606935926548458, 'min_delta': 14.469500575786036, 'batch_size': 16}. Best is trial 8 with value: 97.03100597906038.
A : MAE:  103.44035219509804
A : Best epoch:  34
A : Best epoch:  21
A : Best epoch:  22
A : Best epoch:  25
[I 2023-11-11 05:32:59,926] Trial 82 finished with value: 112.34482869901628 and parameters: {'seed': 118, 'N': 4, 'n_neurons_1': 162, 'n_neurons_2': 153, 'n_neurons_3': 106, 'n_neurons_4': 87, 'Dropout': 0.06184237664443307, 'kernel_regularizer': 0.11362397223827363, 'learning_rate': 0.0008727653902549249, 'beta_1': 0.7592861768527511, 'min_delta': 13.563397127210678, 'batch_size': 16}. Best is trial 8 with value: 97.03100597906038.
A : MAE:  112.34482869901628
A : Best epoch:  34
A : Best epoch:  19
A : Best epoch:  17
A : Best epoch:  32
[I 2023-11-11 05:34:54,982] Trial 83 finished with value: 106.41987730598224 and parameters: {'seed': 105, 'N': 4, 'n_neurons_1': 155, 'n_neurons_2': 155, 'n_neurons_3': 102, 'n_neurons_4': 85, 'Dropout': 0.06994550420708814, 'kernel_regularizer': 0.10233225571240875, 'learning_rate': 0.0009027701455158591, 'beta_1': 0.7536865425170021, 'min_delta': 14.840809191308654, 'batch_size': 16}. Best is trial 8 with value: 97.03100597906038.
A : MAE:  106.41987730598224
A : Best epoch:  27
A : Best epoch:  34
A : Best epoch:  20
A : Best epoch:  25
[I 2023-11-11 05:36:37,967] Trial 84 finished with value: 102.21724808625075 and parameters: {'seed': 122, 'N': 4, 'n_neurons_1': 158, 'n_neurons_2': 152, 'n_neurons_3': 105, 'n_neurons_4': 88, 'Dropout': 0.05634592149149459, 'kernel_regularizer': 0.08970283783762315, 'learning_rate': 0.0009391410504795735, 'beta_1': 0.7645813330551092, 'min_delta': 13.857870339953008, 'batch_size': 16}. Best is trial 8 with value: 97.03100597906038.
A : MAE:  102.21724808625075
A : Best epoch:  30
A : Best epoch:  28
A : Best epoch:  30
A : Best epoch:  32
[I 2023-11-11 05:38:56,464] Trial 85 finished with value: 103.01081289682645 and parameters: {'seed': 110, 'N': 4, 'n_neurons_1': 164, 'n_neurons_2': 149, 'n_neurons_3': 109, 'n_neurons_4': 76, 'Dropout': 0.06506359615739676, 'kernel_regularizer': 0.12304119198735035, 'learning_rate': 0.0009262944751009714, 'beta_1': 0.7624057473497892, 'min_delta': 14.149878782951273, 'batch_size': 16}. Best is trial 8 with value: 97.03100597906038.
A : MAE:  103.01081289682645
A : Best epoch:  28
A : Best epoch:  37
A : Best epoch:  26
A : Best epoch:  37
A : Best epoch:  46
[I 2023-11-11 05:41:55,020] Trial 86 finished with value: 104.29998922180425 and parameters: {'seed': 118, 'N': 5, 'n_neurons_1': 160, 'n_neurons_2': 147, 'n_neurons_3': 107, 'n_neurons_4': 80, 'Dropout': 0.07231627951300316, 'kernel_regularizer': 0.11701715605934557, 'learning_rate': 0.0008427753352275368, 'beta_1': 0.7693644291935142, 'min_delta': 13.304775008456227, 'batch_size': 16}. Best is trial 8 with value: 97.03100597906038.
A : MAE:  104.29998922180425
A : Best epoch:  38
A : Best epoch:  30
A : Best epoch:  34
A : Best epoch:  30
[I 2023-11-11 05:43:56,263] Trial 87 finished with value: 98.55683916179939 and parameters: {'seed': 113, 'N': 4, 'n_neurons_1': 162, 'n_neurons_2': 145, 'n_neurons_3': 103, 'n_neurons_4': 84, 'Dropout': 0.06369405124586525, 'kernel_regularizer': 0.1275561033740899, 'learning_rate': 0.0009680171058743796, 'beta_1': 0.7534420102850422, 'min_delta': 15.082212384247589, 'batch_size': 16}. Best is trial 8 with value: 97.03100597906038.
A : MAE:  98.55683916179939
A : Best epoch:  29
A : Best epoch:  44
A : Best epoch:  20
A : Best epoch:  31
[I 2023-11-11 05:45:57,279] Trial 88 finished with value: 99.85162428523492 and parameters: {'seed': 114, 'N': 4, 'n_neurons_1': 162, 'n_neurons_2': 121, 'n_neurons_3': 103, 'n_neurons_4': 84, 'Dropout': 0.05036284252250413, 'kernel_regularizer': 0.1268937727635195, 'learning_rate': 0.000901440758180765, 'beta_1': 0.7536416788518449, 'min_delta': 14.972303327816201, 'batch_size': 16}. Best is trial 8 with value: 97.03100597906038.
A : MAE:  99.85162428523492
A : Best epoch:  34
A : Best epoch:  36
A : Best epoch:  15
A : Best epoch:  34
[I 2023-11-11 05:47:50,261] Trial 89 finished with value: 103.76294884460644 and parameters: {'seed': 113, 'N': 4, 'n_neurons_1': 162, 'n_neurons_2': 152, 'n_neurons_3': 102, 'n_neurons_4': 83, 'Dropout': 0.051375305024695714, 'kernel_regularizer': 0.12263541029329515, 'learning_rate': 0.0008875957790126808, 'beta_1': 0.7540389584857221, 'min_delta': 15.005123405258585, 'batch_size': 16}. Best is trial 8 with value: 97.03100597906038.
A : MAE:  103.76294884460644
A : Best epoch:  35
A : Best epoch:  21
A : Best epoch:  24
A : Best epoch:  35
A : Best epoch:  35
[I 2023-11-11 05:50:21,067] Trial 90 finished with value: 105.04883149104539 and parameters: {'seed': 107, 'N': 5, 'n_neurons_1': 157, 'n_neurons_2': 122, 'n_neurons_3': 103, 'n_neurons_4': 84, 'Dropout': 0.05904797403284813, 'kernel_regularizer': 0.1284324067043407, 'learning_rate': 0.0009043908162445594, 'beta_1': 0.7581214004951854, 'min_delta': 15.044481430555093, 'batch_size': 16}. Best is trial 8 with value: 97.03100597906038.
A : MAE:  105.04883149104539
A : Best epoch:  22
A : Best epoch:  23
A : Best epoch:  31
A : Best epoch:  36
[I 2023-11-11 05:52:02,356] Trial 91 finished with value: 109.10309333282194 and parameters: {'seed': 116, 'N': 4, 'n_neurons_1': 164, 'n_neurons_2': 126, 'n_neurons_3': 104, 'n_neurons_4': 85, 'Dropout': 0.054961183226556534, 'kernel_regularizer': 0.13319708821258391, 'learning_rate': 0.0009229412070610435, 'beta_1': 0.7508596126109658, 'min_delta': 14.180692307872297, 'batch_size': 16}. Best is trial 8 with value: 97.03100597906038.
A : MAE:  109.10309333282194
A : Best epoch:  27
A : Best epoch:  29
A : Best epoch:  28
A : Best epoch:  19
[I 2023-11-11 05:53:49,313] Trial 92 finished with value: 107.74668456369828 and parameters: {'seed': 121, 'N': 4, 'n_neurons_1': 161, 'n_neurons_2': 124, 'n_neurons_3': 103, 'n_neurons_4': 85, 'Dropout': 0.0645221858669519, 'kernel_regularizer': 0.1095091850277851, 'learning_rate': 0.0009391517376623266, 'beta_1': 0.7590679214948036, 'min_delta': 14.475261919912962, 'batch_size': 16}. Best is trial 8 with value: 97.03100597906038.
A : MAE:  107.74668456369828
A : Best epoch:  20
A : Best epoch:  25
A : Best epoch:  30
A : Best epoch:  25
[I 2023-11-11 05:55:43,996] Trial 93 finished with value: 109.63464736576779 and parameters: {'seed': 127, 'N': 4, 'n_neurons_1': 159, 'n_neurons_2': 131, 'n_neurons_3': 105, 'n_neurons_4': 82, 'Dropout': 0.05924232569996882, 'kernel_regularizer': 0.1264569157115446, 'learning_rate': 0.0009542060813770237, 'beta_1': 0.7545883473355695, 'min_delta': 13.657068921632073, 'batch_size': 16}. Best is trial 8 with value: 97.03100597906038.
A : MAE:  109.63464736576779
A : Best epoch:  16
A : Best epoch:  22
A : Best epoch:  33
A : Best epoch:  16
[I 2023-11-11 05:57:21,854] Trial 94 finished with value: 106.02741838694148 and parameters: {'seed': 103, 'N': 4, 'n_neurons_1': 147, 'n_neurons_2': 120, 'n_neurons_3': 101, 'n_neurons_4': 89, 'Dropout': 0.0510333481055639, 'kernel_regularizer': 0.11328407671296399, 'learning_rate': 0.0009658301824301104, 'beta_1': 0.7625059943948761, 'min_delta': 14.673486683164706, 'batch_size': 16}. Best is trial 8 with value: 97.03100597906038.
A : MAE:  106.02741838694148
A : Best epoch:  15
A : Best epoch:  32
A : Best epoch:  28
A : Best epoch:  15
[I 2023-11-11 05:59:22,227] Trial 95 finished with value: 101.6188454977602 and parameters: {'seed': 126, 'N': 4, 'n_neurons_1': 153, 'n_neurons_2': 157, 'n_neurons_3': 107, 'n_neurons_4': 86, 'Dropout': 0.06885369884665996, 'kernel_regularizer': 0.09823780689869721, 'learning_rate': 0.0009090604356312039, 'beta_1': 0.7677454317699809, 'min_delta': 15.42854908119618, 'batch_size': 16}. Best is trial 8 with value: 97.03100597906038.
A : MAE:  101.6188454977602
A : Best epoch:  29
A : Best epoch:  19
A : Best epoch:  25
A : Best epoch:  19
[I 2023-11-11 06:01:10,850] Trial 96 finished with value: 109.63234050593731 and parameters: {'seed': 111, 'N': 4, 'n_neurons_1': 153, 'n_neurons_2': 158, 'n_neurons_3': 107, 'n_neurons_4': 86, 'Dropout': 0.05765733769872419, 'kernel_regularizer': 0.106023572174575, 'learning_rate': 0.0008784873471058303, 'beta_1': 0.7503420052006963, 'min_delta': 15.611787336339658, 'batch_size': 16}. Best is trial 8 with value: 97.03100597906038.
A : MAE:  109.63234050593731
A : Best epoch:  32
A : Best epoch:  32
A : Best epoch:  32
A : Best epoch:  40
[I 2023-11-11 06:03:16,891] Trial 97 finished with value: 102.38310890319352 and parameters: {'seed': 120, 'N': 4, 'n_neurons_1': 151, 'n_neurons_2': 129, 'n_neurons_3': 124, 'n_neurons_4': 84, 'Dropout': 0.06347839356280667, 'kernel_regularizer': 0.11923703457167285, 'learning_rate': 0.0009018064456962072, 'beta_1': 0.7676858666855126, 'min_delta': 15.367450930027186, 'batch_size': 16}. Best is trial 8 with value: 97.03100597906038.
A : MAE:  102.38310890319352
A : Best epoch:  48
A : Best epoch:  28
A : Best epoch:  12
A : Best epoch:  17
A : Best epoch:  27
[I 2023-11-11 06:05:56,028] Trial 98 finished with value: 105.63767337561599 and parameters: {'seed': 126, 'N': 5, 'n_neurons_1': 154, 'n_neurons_2': 156, 'n_neurons_3': 99, 'n_neurons_4': 87, 'Dropout': 0.054737802942262326, 'kernel_regularizer': 0.14517041217313356, 'learning_rate': 0.000917124018956468, 'beta_1': 0.7573685766257319, 'min_delta': 13.833802366333114, 'batch_size': 16}. Best is trial 8 with value: 97.03100597906038.
A : MAE:  105.63767337561599
A : Best epoch:  34
A : Best epoch:  31
A : Best epoch:  18
A : Best epoch:  31
[I 2023-11-11 06:08:13,164] Trial 99 finished with value: 102.32725399738328 and parameters: {'seed': 115, 'N': 4, 'n_neurons_1': 149, 'n_neurons_2': 154, 'n_neurons_3': 107, 'n_neurons_4': 83, 'Dropout': 0.06789561376130858, 'kernel_regularizer': 0.12830878414656519, 'learning_rate': 0.0008583832593664383, 'beta_1': 0.7637295694119216, 'min_delta': 13.3691460164751, 'batch_size': 16}. Best is trial 8 with value: 97.03100597906038.
A : MAE:  102.32725399738328
A : Best epoch:  16
A : Best epoch:  16
A : Best epoch:  16
A : Best epoch:  26
[I 2023-11-11 06:10:04,113] Trial 100 finished with value: 104.16793834597415 and parameters: {'seed': 131, 'N': 4, 'n_neurons_1': 162, 'n_neurons_2': 136, 'n_neurons_3': 102, 'n_neurons_4': 88, 'Dropout': 0.06015462169190769, 'kernel_regularizer': 0.13788786012492985, 'learning_rate': 0.0008907020271321337, 'beta_1': 0.7609711110926042, 'min_delta': 12.53620024231575, 'batch_size': 16}. Best is trial 8 with value: 97.03100597906038.
A : MAE:  104.16793834597415
A : Best epoch:  24
A : Best epoch:  24
A : Best epoch:  39
A : Best epoch:  24
[I 2023-11-11 06:12:16,412] Trial 101 finished with value: 101.45926815460561 and parameters: {'seed': 107, 'N': 4, 'n_neurons_1': 166, 'n_neurons_2': 157, 'n_neurons_3': 104, 'n_neurons_4': 86, 'Dropout': 0.06478729823770119, 'kernel_regularizer': 0.09992096401437812, 'learning_rate': 0.0009050049914831564, 'beta_1': 0.7685589698135693, 'min_delta': 14.310573305683095, 'batch_size': 16}. Best is trial 8 with value: 97.03100597906038.
A : MAE:  101.45926815460561
A : Best epoch:  18
A : Best epoch:  34
A : Best epoch:  25
A : Best epoch:  25
[I 2023-11-11 06:14:18,693] Trial 102 finished with value: 105.6212725835135 and parameters: {'seed': 124, 'N': 4, 'n_neurons_1': 166, 'n_neurons_2': 160, 'n_neurons_3': 104, 'n_neurons_4': 86, 'Dropout': 0.0648871906913769, 'kernel_regularizer': 0.09737821135464778, 'learning_rate': 0.0009073489208430193, 'beta_1': 0.767686699426737, 'min_delta': 14.121840308251324, 'batch_size': 16}. Best is trial 8 with value: 97.03100597906038.
A : MAE:  105.6212725835135
A : Best epoch:  27
A : Best epoch:  17
A : Best epoch:  35
A : Best epoch:  27
[I 2023-11-11 06:16:36,085] Trial 103 finished with value: 103.79362310625947 and parameters: {'seed': 107, 'N': 4, 'n_neurons_1': 163, 'n_neurons_2': 157, 'n_neurons_3': 108, 'n_neurons_4': 85, 'Dropout': 0.06882003798253084, 'kernel_regularizer': 0.1053323339052764, 'learning_rate': 0.0008975540843866374, 'beta_1': 0.7708597308688161, 'min_delta': 15.122197698063102, 'batch_size': 16}. Best is trial 8 with value: 97.03100597906038.
A : MAE:  103.79362310625947
A : Best epoch:  11
A : Best epoch:  18
A : Best epoch:  18
A : Best epoch:  37
[I 2023-11-11 06:18:22,933] Trial 104 finished with value: 106.94829960485573 and parameters: {'seed': 112, 'N': 4, 'n_neurons_1': 148, 'n_neurons_2': 158, 'n_neurons_3': 110, 'n_neurons_4': 81, 'Dropout': 0.06251037646228057, 'kernel_regularizer': 0.11234549987707844, 'learning_rate': 0.0008829944087141398, 'beta_1': 0.7578983703524412, 'min_delta': 14.303683864229146, 'batch_size': 16}. Best is trial 8 with value: 97.03100597906038.
A : MAE:  106.94829960485573
A : Best epoch:  27
A : Best epoch:  27
A : Best epoch:  40
A : Best epoch:  40
[I 2023-11-11 06:20:48,167] Trial 105 finished with value: 102.13868714682879 and parameters: {'seed': 107, 'N': 4, 'n_neurons_1': 159, 'n_neurons_2': 155, 'n_neurons_3': 106, 'n_neurons_4': 88, 'Dropout': 0.058712963544817726, 'kernel_regularizer': 0.09880409581861035, 'learning_rate': 0.0009102520647417222, 'beta_1': 0.7526079000720511, 'min_delta': 13.186918296769173, 'batch_size': 16}. Best is trial 8 with value: 97.03100597906038.
A : MAE:  102.13868714682879
A : Best epoch:  23
A : Best epoch:  34
A : Best epoch:  34
A : Best epoch:  39
[I 2023-11-11 06:23:10,789] Trial 106 finished with value: 100.43790785898415 and parameters: {'seed': 102, 'N': 4, 'n_neurons_1': 157, 'n_neurons_2': 159, 'n_neurons_3': 101, 'n_neurons_4': 82, 'Dropout': 0.05206061180470049, 'kernel_regularizer': 0.11860537956640264, 'learning_rate': 0.0009222581215769514, 'beta_1': 0.7641356189241749, 'min_delta': 14.75522023565034, 'batch_size': 16}. Best is trial 8 with value: 97.03100597906038.
A : MAE:  100.43790785898415
A : Best epoch:  17
A : Best epoch:  16
A : Best epoch:  16
A : Best epoch:  16
[I 2023-11-11 06:25:09,847] Trial 107 finished with value: 108.1031422828355 and parameters: {'seed': 103, 'N': 4, 'n_neurons_1': 156, 'n_neurons_2': 159, 'n_neurons_3': 103, 'n_neurons_4': 82, 'Dropout': 0.05017944401716025, 'kernel_regularizer': 0.11646801670104541, 'learning_rate': 0.0008896536574847993, 'beta_1': 0.7552217692378286, 'min_delta': 14.928715579523985, 'batch_size': 16}. Best is trial 8 with value: 97.03100597906038.
A : MAE:  108.1031422828355
A : Best epoch:  34
A : Best epoch:  40
A : Best epoch:  31
A : Best epoch:  45
A : Best epoch:  29
[I 2023-11-11 06:27:52,521] Trial 108 finished with value: 98.84285536513342 and parameters: {'seed': 115, 'N': 5, 'n_neurons_1': 158, 'n_neurons_2': 158, 'n_neurons_3': 101, 'n_neurons_4': 80, 'Dropout': 0.05343855806150021, 'kernel_regularizer': 0.13276339580162677, 'learning_rate': 0.0009348559079656979, 'beta_1': 0.76424797608827, 'min_delta': 15.76593179344134, 'batch_size': 16}. Best is trial 8 with value: 97.03100597906038.
A : MAE:  98.84285536513342
A : Best epoch:  33
A : Best epoch:  27
A : Best epoch:  34
A : Best epoch:  45
A : Best epoch:  18
A : Best epoch:  23
[I 2023-11-11 06:31:04,032] Trial 109 finished with value: 102.62721855839936 and parameters: {'seed': 115, 'N': 6, 'n_neurons_1': 158, 'n_neurons_2': 158, 'n_neurons_3': 99, 'n_neurons_4': 78, 'Dropout': 0.05364639363434314, 'kernel_regularizer': 0.1341819419871058, 'learning_rate': 0.0009330295879861726, 'beta_1': 0.7646652786943547, 'min_delta': 16.17477803840716, 'batch_size': 16}. Best is trial 8 with value: 97.03100597906038.
A : MAE:  102.62721855839936
A : Best epoch:  39
A : Best epoch:  24
A : Best epoch:  34
A : Best epoch:  32
A : Best epoch:  28
[I 2023-11-11 06:33:34,178] Trial 110 finished with value: 105.25418945614177 and parameters: {'seed': 119, 'N': 5, 'n_neurons_1': 160, 'n_neurons_2': 159, 'n_neurons_3': 101, 'n_neurons_4': 80, 'Dropout': 0.05359696317612405, 'kernel_regularizer': 0.12450682123476398, 'learning_rate': 0.0009455283096532855, 'beta_1': 0.7610164464860328, 'min_delta': 15.764251162513307, 'batch_size': 16}. Best is trial 8 with value: 97.03100597906038.
A : MAE:  105.25418945614177
A : Best epoch:  28
A : Best epoch:  31
A : Best epoch:  27
A : Best epoch:  49
A : Best epoch:  35
[I 2023-11-11 06:36:13,481] Trial 111 finished with value: 105.16097668480228 and parameters: {'seed': 124, 'N': 5, 'n_neurons_1': 152, 'n_neurons_2': 156, 'n_neurons_3': 102, 'n_neurons_4': 84, 'Dropout': 0.058369437974416835, 'kernel_regularizer': 0.12053703578758596, 'learning_rate': 0.0009173077222624479, 'beta_1': 0.7681106540223156, 'min_delta': 14.758014475797392, 'batch_size': 16}. Best is trial 8 with value: 97.03100597906038.
A : MAE:  105.16097668480228
A : Best epoch:  25
A : Best epoch:  31
A : Best epoch:  29
A : Best epoch:  25
[I 2023-11-11 06:37:57,487] Trial 112 finished with value: 103.797893325513 and parameters: {'seed': 138, 'N': 4, 'n_neurons_1': 154, 'n_neurons_2': 157, 'n_neurons_3': 103, 'n_neurons_4': 83, 'Dropout': 0.05254546567018489, 'kernel_regularizer': 0.11784703062860948, 'learning_rate': 0.0009202233742257992, 'beta_1': 0.7645670782189266, 'min_delta': 15.335385525876198, 'batch_size': 16}. Best is trial 8 with value: 97.03100597906038.
A : MAE:  103.797893325513
A : Best epoch:  14
A : Best epoch:  31
A : Best epoch:  33
A : Best epoch:  29
[I 2023-11-11 06:39:36,272] Trial 113 finished with value: 111.53481343096576 and parameters: {'seed': 105, 'N': 4, 'n_neurons_1': 157, 'n_neurons_2': 160, 'n_neurons_3': 100, 'n_neurons_4': 84, 'Dropout': 0.05720014125288395, 'kernel_regularizer': 0.1300587165633367, 'learning_rate': 0.0008973484669715149, 'beta_1': 0.7570383660701729, 'min_delta': 16.417903279130616, 'batch_size': 16}. Best is trial 8 with value: 97.03100597906038.
A : MAE:  111.53481343096576
A : Best epoch:  23
A : Best epoch:  34
A : Best epoch:  27
A : Best epoch:  27
[I 2023-11-11 06:41:36,638] Trial 114 finished with value: 104.00948164304144 and parameters: {'seed': 109, 'N': 4, 'n_neurons_1': 161, 'n_neurons_2': 155, 'n_neurons_3': 128, 'n_neurons_4': 79, 'Dropout': 0.06085275933257029, 'kernel_regularizer': 0.10807558564982839, 'learning_rate': 0.0009085947872016355, 'beta_1': 0.7718867964773076, 'min_delta': 14.386771963790636, 'batch_size': 16}. Best is trial 8 with value: 97.03100597906038.
A : MAE:  104.00948164304144
A : Best epoch:  29
A : Best epoch:  21
A : Best epoch:  29
A : Best epoch:  46
A : Best epoch:  30
[I 2023-11-11 06:44:26,866] Trial 115 finished with value: 104.49917174490503 and parameters: {'seed': 114, 'N': 5, 'n_neurons_1': 158, 'n_neurons_2': 154, 'n_neurons_3': 104, 'n_neurons_4': 81, 'Dropout': 0.06488261640247041, 'kernel_regularizer': 0.12374032463220784, 'learning_rate': 0.0009545973642120808, 'beta_1': 0.7531091351724062, 'min_delta': 15.18136696609302, 'batch_size': 16}. Best is trial 8 with value: 97.03100597906038.
A : MAE:  104.49917174490503
A : Best epoch:  31
A : Best epoch:  10
A : Best epoch:  6
A : Best epoch:  10
[I 2023-11-11 06:46:05,747] Trial 116 finished with value: 108.16991335048846 and parameters: {'seed': 116, 'N': 4, 'n_neurons_1': 163, 'n_neurons_2': 158, 'n_neurons_3': 101, 'n_neurons_4': 86, 'Dropout': 0.06884322769953469, 'kernel_regularizer': 0.11145692564500068, 'learning_rate': 0.0009330869480547396, 'beta_1': 0.760972040382565, 'min_delta': 15.604455720378972, 'batch_size': 16}. Best is trial 8 with value: 97.03100597906038.
A : MAE:  108.16991335048846
[I 2023-11-11 06:46:32,653] Trial 117 finished with value: 107.02114466094675 and parameters: {'seed': 129, 'N': 1, 'n_neurons_1': 156, 'n_neurons_2': 153, 'n_neurons_3': 98, 'n_neurons_4': 77, 'Dropout': 0.05633456991019274, 'kernel_regularizer': 0.13561304181723205, 'learning_rate': 0.0009453651950148814, 'beta_1': 0.7659165072271228, 'min_delta': 14.63250374847655, 'batch_size': 16}. Best is trial 8 with value: 97.03100597906038.
A : Best epoch:  31
A : MAE:  107.02114466094675
A : Best epoch:  8
A : Best epoch:  24
A : Best epoch:  31
A : Best epoch:  18
[I 2023-11-11 06:48:24,503] Trial 118 finished with value: 105.49647262585815 and parameters: {'seed': 112, 'N': 4, 'n_neurons_1': 151, 'n_neurons_2': 156, 'n_neurons_3': 100, 'n_neurons_4': 82, 'Dropout': 0.06306693396444842, 'kernel_regularizer': 0.11476375566959832, 'learning_rate': 0.0009857438470446725, 'beta_1': 0.7563438503886785, 'min_delta': 13.923476950976248, 'batch_size': 16}. Best is trial 8 with value: 97.03100597906038.
A : MAE:  105.49647262585815
A : Best epoch:  25
A : Best epoch:  43
A : Best epoch:  38
[I 2023-11-11 06:50:04,181] Trial 119 finished with value: 104.13406032692104 and parameters: {'seed': 108, 'N': 3, 'n_neurons_1': 160, 'n_neurons_2': 157, 'n_neurons_3': 117, 'n_neurons_4': 85, 'Dropout': 0.05362163973606467, 'kernel_regularizer': 0.13056314932592336, 'learning_rate': 0.0008667679562645692, 'beta_1': 0.76901831609595, 'min_delta': 15.00381177410114, 'batch_size': 16}. Best is trial 8 with value: 97.03100597906038.
A : MAE:  104.13406032692104
A : Best epoch:  38
A : Best epoch:  16
A : Best epoch:  25
A : Best epoch:  31
A : Best epoch:  19
