[I 2023-11-11 04:36:13,100] Trial 40 finished with value: 114.61322536977615 and parameters: {'seed': 158, 'N': 1, 'n_neurons_1': 173, 'n_neurons_2': 157, 'n_neurons_3': 125, 'n_neurons_4': 73, 'Dropout': 0.08084900158455449, 'kernel_regularizer': 0.16562867868137082, 'learning_rate': 0.0011136723203871467, 'beta_1': 0.8485067655131034, 'min_delta': 11.40095452299654, 'batch_size': 64}. Best is trial 8 with value: 97.03100597906038.
A : Best epoch:  18
A : MAE:  114.61322536977615
A : Best epoch:  30
A : Best epoch:  14
A : Best epoch:  43
A : Best epoch:  23
A : Best epoch:  22
[I 2023-11-11 04:37:44,215] Trial 41 finished with value: 105.37456821266738 and parameters: {'seed': 181, 'N': 5, 'n_neurons_1': 176, 'n_neurons_2': 149, 'n_neurons_3': 93, 'n_neurons_4': 68, 'Dropout': 0.10012807356087215, 'kernel_regularizer': 0.13482950047706013, 'learning_rate': 0.0009699199942642485, 'beta_1': 0.7612448155522511, 'min_delta': 13.791320562742499, 'batch_size': 32}. Best is trial 8 with value: 97.03100597906038.
A : MAE:  105.37456821266738
A : Best epoch:  26
A : Best epoch:  27
A : Best epoch:  31
A : Best epoch:  31
A : Best epoch:  24
[I 2023-11-11 04:39:11,169] Trial 42 finished with value: 105.69832031255224 and parameters: {'seed': 176, 'N': 5, 'n_neurons_1': 176, 'n_neurons_2': 148, 'n_neurons_3': 93, 'n_neurons_4': 67, 'Dropout': 0.11100539874404187, 'kernel_regularizer': 0.12380495385534862, 'learning_rate': 0.0009998870245067836, 'beta_1': 0.7558156904192563, 'min_delta': 14.044351639857139, 'batch_size': 32}. Best is trial 8 with value: 97.03100597906038.
A : MAE:  105.69832031255224
A : Best epoch:  36
A : Best epoch:  17
A : Best epoch:  26
A : Best epoch:  29
A : Best epoch:  34
[I 2023-11-11 04:40:57,866] Trial 43 finished with value: 113.2422882120184 and parameters: {'seed': 191, 'N': 5, 'n_neurons_1': 178, 'n_neurons_2': 146, 'n_neurons_3': 90, 'n_neurons_4': 70, 'Dropout': 0.09195403304335426, 'kernel_regularizer': 0.14450784409785317, 'learning_rate': 0.0009627165293512269, 'beta_1': 0.7737686315023429, 'min_delta': 14.787769042282815, 'batch_size': 32}. Best is trial 8 with value: 97.03100597906038.
A : MAE:  113.2422882120184
A : Best epoch:  31
A : Best epoch:  49
A : Best epoch:  32
A : Best epoch:  32
[I 2023-11-11 04:42:17,366] Trial 44 finished with value: 110.20655367611354 and parameters: {'seed': 171, 'N': 4, 'n_neurons_1': 170, 'n_neurons_2': 142, 'n_neurons_3': 107, 'n_neurons_4': 90, 'Dropout': 0.09743790856038685, 'kernel_regularizer': 0.13700933697855638, 'learning_rate': 0.001018792686905099, 'beta_1': 0.7663703565564237, 'min_delta': 12.721522042431594, 'batch_size': 32}. Best is trial 8 with value: 97.03100597906038.
A : MAE:  110.20655367611354
A : Best epoch:  10
A : Best epoch:  14
A : Best epoch:  29
A : Best epoch:  37
A : Best epoch:  29
A : Best epoch:  26
[I 2023-11-11 04:43:54,119] Trial 45 finished with value: 108.93152599421583 and parameters: {'seed': 181, 'N': 6, 'n_neurons_1': 174, 'n_neurons_2': 152, 'n_neurons_3': 103, 'n_neurons_4': 64, 'Dropout': 0.10462587781496464, 'kernel_regularizer': 0.10739927352652595, 'learning_rate': 0.0010737435396783457, 'beta_1': 0.750315638434204, 'min_delta': 15.694958596851912, 'batch_size': 32}. Best is trial 8 with value: 97.03100597906038.
A : MAE:  108.93152599421583
[I 2023-11-11 04:44:51,638] Trial 46 finished with value: 106.11962408032244 and parameters: {'seed': 162, 'N': 3, 'n_neurons_1': 180, 'n_neurons_2': 137, 'n_neurons_3': 95, 'n_neurons_4': 87, 'Dropout': 0.11785805127184833, 'kernel_regularizer': 0.13058477454730533, 'learning_rate': 0.0010495083809452625, 'beta_1': 0.7752742643137341, 'min_delta': 13.826000186199572, 'batch_size': 32}. Best is trial 8 with value: 97.03100597906038.
A : Best epoch:  28
A : Best epoch:  39
A : Best epoch:  30
A : MAE:  106.11962408032244
A : Best epoch:  24
A : Best epoch:  25
A : Best epoch:  22
A : Best epoch:  32
[I 2023-11-11 04:45:39,293] Trial 47 finished with value: 114.61773450476268 and parameters: {'seed': 177, 'N': 4, 'n_neurons_1': 155, 'n_neurons_2': 159, 'n_neurons_3': 100, 'n_neurons_4': 68, 'Dropout': 0.08578832429109536, 'kernel_regularizer': 0.17307285745870213, 'learning_rate': 0.0009827395082089303, 'beta_1': 0.7588748322517216, 'min_delta': 16.808890013514343, 'batch_size': 64}. Best is trial 8 with value: 97.03100597906038.
A : MAE:  114.61773450476268
A : Best epoch:  31
A : Best epoch:  31
A : Best epoch:  13
A : Best epoch:  17
A : Best epoch:  34
A : Best epoch:  31
[I 2023-11-11 04:47:06,711] Trial 48 finished with value: 114.3272955215709 and parameters: {'seed': 185, 'N': 6, 'n_neurons_1': 152, 'n_neurons_2': 139, 'n_neurons_3': 96, 'n_neurons_4': 62, 'Dropout': 0.1259216329897636, 'kernel_regularizer': 0.11956706449570481, 'learning_rate': 0.0009451514952653901, 'beta_1': 0.7829044698965948, 'min_delta': 12.010444343296355, 'batch_size': 32}. Best is trial 8 with value: 97.03100597906038.
A : MAE:  114.3272955215709
A : Best epoch:  44
A : Best epoch:  30
A : Best epoch:  30
A : Best epoch:  33
A : Best epoch:  44
[I 2023-11-11 04:48:19,674] Trial 49 finished with value: 105.96657449143107 and parameters: {'seed': 167, 'N': 5, 'n_neurons_1': 169, 'n_neurons_2': 134, 'n_neurons_3': 119, 'n_neurons_4': 70, 'Dropout': 0.10103630101784852, 'kernel_regularizer': 0.13216755853785847, 'learning_rate': 0.0009131967918901834, 'beta_1': 0.7640136662031071, 'min_delta': 10.645399322860357, 'batch_size': 64}. Best is trial 8 with value: 97.03100597906038.
A : MAE:  105.96657449143107
[I 2023-11-11 04:48:49,432] Trial 50 finished with value: 110.35615110999328 and parameters: {'seed': 155, 'N': 1, 'n_neurons_1': 172, 'n_neurons_2': 141, 'n_neurons_3': 99, 'n_neurons_4': 72, 'Dropout': 0.10839834706411446, 'kernel_regularizer': 0.11017143843370415, 'learning_rate': 0.001036795957452042, 'beta_1': 0.7570857364934567, 'min_delta': 15.320945374085861, 'batch_size': 16}. Best is trial 8 with value: 97.03100597906038.
A : Best epoch:  25
A : MAE:  110.35615110999328
A : Best epoch:  33
A : Best epoch:  19
A : Best epoch:  31
A : Best epoch:  33
[I 2023-11-11 04:49:59,162] Trial 51 finished with value: 109.96137953375504 and parameters: {'seed': 164, 'N': 4, 'n_neurons_1': 175, 'n_neurons_2': 148, 'n_neurons_3': 103, 'n_neurons_4': 69, 'Dropout': 0.11275661086952074, 'kernel_regularizer': 0.14226745833206633, 'learning_rate': 0.0008949194917733183, 'beta_1': 0.7710335851267259, 'min_delta': 14.177178498023242, 'batch_size': 32}. Best is trial 8 with value: 97.03100597906038.
A : MAE:  109.96137953375504
A : Best epoch:  30
A : Best epoch:  30
A : Best epoch:  24
A : Best epoch:  24
[I 2023-11-11 04:51:07,548] Trial 52 finished with value: 110.43043093115456 and parameters: {'seed': 150, 'N': 4, 'n_neurons_1': 178, 'n_neurons_2': 146, 'n_neurons_3': 102, 'n_neurons_4': 67, 'Dropout': 0.10829562314643579, 'kernel_regularizer': 0.12139507962450077, 'learning_rate': 0.0009165560861973312, 'beta_1': 0.7663174170936323, 'min_delta': 14.259496235052307, 'batch_size': 32}. Best is trial 8 with value: 97.03100597906038.
A : MAE:  110.43043093115456
A : Best epoch:  36
A : Best epoch:  43
A : Best epoch:  28
A : Best epoch:  27
[I 2023-11-11 04:52:30,037] Trial 53 finished with value: 102.47141512142083 and parameters: {'seed': 174, 'N': 4, 'n_neurons_1': 174, 'n_neurons_2': 150, 'n_neurons_3': 101, 'n_neurons_4': 69, 'Dropout': 0.09144907068467481, 'kernel_regularizer': 0.10569377733312088, 'learning_rate': 0.0009548155682012294, 'beta_1': 0.7738626660056303, 'min_delta': 12.929679230221765, 'batch_size': 32}. Best is trial 8 with value: 97.03100597906038.
A : MAE:  102.47141512142083
[I 2023-11-11 04:53:56,006] Trial 54 finished with value: 104.82774931009743 and parameters: {'seed': 175, 'N': 3, 'n_neurons_1': 172, 'n_neurons_2': 150, 'n_neurons_3': 130, 'n_neurons_4': 83, 'Dropout': 0.07740406377486911, 'kernel_regularizer': 0.09479410144788555, 'learning_rate': 0.0009487084763560116, 'beta_1': 0.7812479393021061, 'min_delta': 12.969076485030769, 'batch_size': 32}. Best is trial 8 with value: 97.03100597906038.
A : Best epoch:  28
A : Best epoch:  33
A : Best epoch:  48
A : MAE:  104.82774931009743
A : Best epoch:  30
A : Best epoch:  26
A : Best epoch:  40
A : Best epoch:  18
[I 2023-11-11 04:55:11,308] Trial 55 finished with value: 106.26740802367475 and parameters: {'seed': 109, 'N': 4, 'n_neurons_1': 174, 'n_neurons_2': 151, 'n_neurons_3': 100, 'n_neurons_4': 65, 'Dropout': 0.09039247842363113, 'kernel_regularizer': 0.1046821068807989, 'learning_rate': 0.0009586437826890611, 'beta_1': 0.7869588760022854, 'min_delta': 11.928634396920769, 'batch_size': 32}. Best is trial 8 with value: 97.03100597906038.
A : MAE:  106.26740802367475
[I 2023-11-11 04:55:42,028] Trial 56 finished with value: 113.22968965475785 and parameters: {'seed': 172, 'N': 2, 'n_neurons_1': 176, 'n_neurons_2': 155, 'n_neurons_3': 114, 'n_neurons_4': 71, 'Dropout': 0.08335669414428815, 'kernel_regularizer': 0.11037908736120679, 'learning_rate': 0.0010168393858504723, 'beta_1': 0.7764488261244343, 'min_delta': 13.45238052384611, 'batch_size': 32}. Best is trial 8 with value: 97.03100597906038.
A : Best epoch:  26
A : Best epoch:  23
A : MAE:  113.22968965475785
A : Best epoch:  45
A : Best epoch:  40
A : Best epoch:  62
A : Best epoch:  22
[I 2023-11-11 04:56:38,965] Trial 57 finished with value: 105.76404657586848 and parameters: {'seed': 190, 'N': 4, 'n_neurons_1': 165, 'n_neurons_2': 144, 'n_neurons_3': 110, 'n_neurons_4': 74, 'Dropout': 0.09472196631751516, 'kernel_regularizer': 0.12647135083869962, 'learning_rate': 0.000994330455101013, 'beta_1': 0.765799856434413, 'min_delta': 14.705713404597955, 'batch_size': 64}. Best is trial 8 with value: 97.03100597906038.
A : MAE:  105.76404657586848
A : Best epoch:  22
A : Best epoch:  22
A : Best epoch:  37
A : Best epoch:  34
A : Best epoch:  30
[I 2023-11-11 04:58:12,316] Trial 58 finished with value: 104.32882598294151 and parameters: {'seed': 136, 'N': 5, 'n_neurons_1': 179, 'n_neurons_2': 154, 'n_neurons_3': 106, 'n_neurons_4': 79, 'Dropout': 0.10084092591523476, 'kernel_regularizer': 0.11518588610450829, 'learning_rate': 0.000934022338122216, 'beta_1': 0.7559720799157038, 'min_delta': 12.64587365000391, 'batch_size': 32}. Best is trial 8 with value: 97.03100597906038.
A : MAE:  104.32882598294151
[I 2023-11-11 04:59:08,428] Trial 59 finished with value: 102.03128278002337 and parameters: {'seed': 168, 'N': 3, 'n_neurons_1': 171, 'n_neurons_2': 145, 'n_neurons_3': 93, 'n_neurons_4': 69, 'Dropout': 0.07176522479858916, 'kernel_regularizer': 0.09229704242866071, 'learning_rate': 0.000976051194016241, 'beta_1': 0.773586872051401, 'min_delta': 15.479817880923147, 'batch_size': 32}. Best is trial 8 with value: 97.03100597906038.
A : Best epoch:  36
A : Best epoch:  29
A : Best epoch:  35
A : MAE:  102.03128278002337
[I 2023-11-11 04:59:45,178] Trial 60 finished with value: 103.30216336465057 and parameters: {'seed': 169, 'N': 3, 'n_neurons_1': 168, 'n_neurons_2': 145, 'n_neurons_3': 92, 'n_neurons_4': 69, 'Dropout': 0.0676469481904466, 'kernel_regularizer': 0.093261789356802, 'learning_rate': 0.0009786733214816048, 'beta_1': 0.7979011631926327, 'min_delta': 15.92066481383942, 'batch_size': 64}. Best is trial 8 with value: 97.03100597906038.
A : Best epoch:  28
A : Best epoch:  28
A : Best epoch:  46
A : MAE:  103.30216336465057
[I 2023-11-11 05:00:25,529] Trial 61 finished with value: 104.25072065347443 and parameters: {'seed': 168, 'N': 3, 'n_neurons_1': 171, 'n_neurons_2': 146, 'n_neurons_3': 93, 'n_neurons_4': 69, 'Dropout': 0.06226115078473102, 'kernel_regularizer': 0.09294820347036235, 'learning_rate': 0.0009776361320610924, 'beta_1': 0.7892434969535823, 'min_delta': 15.926094814452735, 'batch_size': 64}. Best is trial 8 with value: 97.03100597906038.
A : Best epoch:  36
A : Best epoch:  37
A : Best epoch:  37
A : MAE:  104.25072065347443
[I 2023-11-11 05:01:04,828] Trial 62 finished with value: 104.43054406024198 and parameters: {'seed': 160, 'N': 3, 'n_neurons_1': 168, 'n_neurons_2': 144, 'n_neurons_3': 92, 'n_neurons_4': 71, 'Dropout': 0.07104493994518847, 'kernel_regularizer': 0.08749238525924327, 'learning_rate': 0.0010252667202497198, 'beta_1': 0.7798241446016955, 'min_delta': 17.025575114834574, 'batch_size': 64}. Best is trial 8 with value: 97.03100597906038.
A : Best epoch:  50
A : Best epoch:  41
A : Best epoch:  46
A : MAE:  104.43054406024198
[I 2023-11-11 05:01:45,918] Trial 63 finished with value: 106.12395029154213 and parameters: {'seed': 168, 'N': 3, 'n_neurons_1': 173, 'n_neurons_2': 147, 'n_neurons_3': 98, 'n_neurons_4': 66, 'Dropout': 0.06682371942285482, 'kernel_regularizer': 0.10741060520052119, 'learning_rate': 0.001011579751773617, 'beta_1': 0.7973325830654274, 'min_delta': 15.20323876256648, 'batch_size': 64}. Best is trial 8 with value: 97.03100597906038.
A : Best epoch:  35
A : Best epoch:  37
A : Best epoch:  37
A : MAE:  106.12395029154213
[I 2023-11-11 05:02:07,150] Trial 64 finished with value: 108.25975269013111 and parameters: {'seed': 173, 'N': 2, 'n_neurons_1': 170, 'n_neurons_2': 141, 'n_neurons_3': 97, 'n_neurons_4': 73, 'Dropout': 0.07985592864845134, 'kernel_regularizer': 0.10055437700759907, 'learning_rate': 0.0009807266286057169, 'beta_1': 0.7731340348620597, 'min_delta': 16.127150418235086, 'batch_size': 64}. Best is trial 8 with value: 97.03100597906038.
A : Best epoch:  15
A : Best epoch:  31
A : MAE:  108.25975269013111
[I 2023-11-11 05:02:43,831] Trial 65 finished with value: 107.44235633516999 and parameters: {'seed': 163, 'N': 3, 'n_neurons_1': 161, 'n_neurons_2': 145, 'n_neurons_3': 90, 'n_neurons_4': 68, 'Dropout': 0.0750957426162627, 'kernel_regularizer': 0.08611067135060724, 'learning_rate': 0.0010079936878510211, 'beta_1': 0.7981852779872222, 'min_delta': 15.323020687876513, 'batch_size': 64}. Best is trial 8 with value: 97.03100597906038.
A : Best epoch:  36
A : Best epoch:  33
A : Best epoch:  31
A : MAE:  107.44235633516999
[I 2023-11-11 05:03:35,131] Trial 66 finished with value: 112.14684038006392 and parameters: {'seed': 178, 'N': 3, 'n_neurons_1': 166, 'n_neurons_2': 143, 'n_neurons_3': 95, 'n_neurons_4': 70, 'Dropout': 0.061054772922695885, 'kernel_regularizer': 0.09606778650178362, 'learning_rate': 0.0010536540916758215, 'beta_1': 0.7825027242345037, 'min_delta': 14.819321770825907, 'batch_size': 32}. Best is trial 8 with value: 97.03100597906038.
A : Best epoch:  42
A : Best epoch:  32
A : Best epoch:  32
A : MAE:  112.14684038006392
A : Best epoch:  44
A : Best epoch:  39
A : Best epoch:  31
A : Best epoch:  46
[I 2023-11-11 05:04:34,522] Trial 67 finished with value: 104.64315768466479 and parameters: {'seed': 185, 'N': 4, 'n_neurons_1': 175, 'n_neurons_2': 139, 'n_neurons_3': 101, 'n_neurons_4': 66, 'Dropout': 0.09056841665110583, 'kernel_regularizer': 0.1176954589947797, 'learning_rate': 0.000992428648699492, 'beta_1': 0.7714554817384244, 'min_delta': 13.305847208685293, 'batch_size': 64}. Best is trial 8 with value: 97.03100597906038.
A : MAE:  104.64315768466479
[I 2023-11-11 05:05:02,230] Trial 68 finished with value: 111.41691140301215 and parameters: {'seed': 156, 'N': 2, 'n_neurons_1': 157, 'n_neurons_2': 151, 'n_neurons_3': 96, 'n_neurons_4': 75, 'Dropout': 0.0826481668522258, 'kernel_regularizer': 0.07331694559808533, 'learning_rate': 0.0010272521410122275, 'beta_1': 0.7888306308308886, 'min_delta': 15.61197318999295, 'batch_size': 32}. Best is trial 8 with value: 97.03100597906038.
A : Best epoch:  29
A : Best epoch:  29
A : MAE:  111.41691140301215
A : Best epoch:  33
A : Best epoch:  38
A : Best epoch:  36
A : Best epoch:  53
[I 2023-11-11 05:07:12,675] Trial 69 finished with value: 101.98554727507916 and parameters: {'seed': 152, 'N': 4, 'n_neurons_1': 164, 'n_neurons_2': 147, 'n_neurons_3': 105, 'n_neurons_4': 69, 'Dropout': 0.0750281923758555, 'kernel_regularizer': 0.10028975392817578, 'learning_rate': 0.0009649495960908612, 'beta_1': 0.7753800534354164, 'min_delta': 14.603361277196505, 'batch_size': 16}. Best is trial 8 with value: 97.03100597906038.
A : MAE:  101.98554727507916
A : Best epoch:  15
A : Best epoch:  27
A : Best epoch:  35
A : Best epoch:  31
[I 2023-11-11 05:09:05,729] Trial 70 finished with value: 101.64048276219457 and parameters: {'seed': 100, 'N': 4, 'n_neurons_1': 165, 'n_neurons_2': 147, 'n_neurons_3': 105, 'n_neurons_4': 72, 'Dropout': 0.07211446662995423, 'kernel_regularizer': 0.1013459474875669, 'learning_rate': 0.0009274522983560657, 'beta_1': 0.777787193245565, 'min_delta': 13.744204766595441, 'batch_size': 16}. Best is trial 8 with value: 97.03100597906038.
A : MAE:  101.64048276219457
A : Best epoch:  18
A : Best epoch:  24
A : Best epoch:  26
A : Best epoch:  46
[I 2023-11-11 05:10:53,172] Trial 71 finished with value: 106.79489772620157 and parameters: {'seed': 109, 'N': 4, 'n_neurons_1': 163, 'n_neurons_2': 147, 'n_neurons_3': 104, 'n_neurons_4': 72, 'Dropout': 0.07257588115316989, 'kernel_regularizer': 0.10338569468929194, 'learning_rate': 0.0009505455897490428, 'beta_1': 0.7789093667380933, 'min_delta': 13.606112817890885, 'batch_size': 16}. Best is trial 8 with value: 97.03100597906038.
A : MAE:  106.79489772620157
A : Best epoch:  21
A : Best epoch:  22
A : Best epoch:  33
A : Best epoch:  44
[I 2023-11-11 05:12:58,745] Trial 72 finished with value: 108.89141366645138 and parameters: {'seed': 151, 'N': 4, 'n_neurons_1': 165, 'n_neurons_2': 149, 'n_neurons_3': 108, 'n_neurons_4': 70, 'Dropout': 0.07660287852337587, 'kernel_regularizer': 0.08067800490113473, 'learning_rate': 0.0009262889828026676, 'beta_1': 0.7749652633897299, 'min_delta': 13.015725847497626, 'batch_size': 16}. Best is trial 8 with value: 97.03100597906038.
A : MAE:  108.89141366645138
A : Best epoch:  22
A : Best epoch:  28
A : Best epoch:  15
A : Best epoch:  29
[I 2023-11-11 05:14:36,097] Trial 73 finished with value: 106.92675309698623 and parameters: {'seed': 103, 'N': 4, 'n_neurons_1': 159, 'n_neurons_2': 147, 'n_neurons_3': 105, 'n_neurons_4': 71, 'Dropout': 0.08657549678639298, 'kernel_regularizer': 0.09546969979140396, 'learning_rate': 0.000966863193698648, 'beta_1': 0.7822393290383439, 'min_delta': 14.45950844417761, 'batch_size': 16}. Best is trial 8 with value: 97.03100597906038.
A : MAE:  106.92675309698623
A : Best epoch:  23
A : Best epoch:  63
A : Best epoch:  45
A : Best epoch:  23
[I 2023-11-11 05:16:50,266] Trial 74 finished with value: 98.13207989754599 and parameters: {'seed': 143, 'N': 4, 'n_neurons_1': 164, 'n_neurons_2': 145, 'n_neurons_3': 105, 'n_neurons_4': 68, 'Dropout': 0.06728302679444151, 'kernel_regularizer': 0.11199958182342487, 'learning_rate': 0.0009384772166867612, 'beta_1': 0.7707322715717256, 'min_delta': 13.707086739570304, 'batch_size': 16}. Best is trial 8 with value: 97.03100597906038.
A : MAE:  98.13207989754599
A : Best epoch:  28
A : Best epoch:  28
A : Best epoch:  28
A : Best epoch:  41
[I 2023-11-11 05:18:55,192] Trial 75 finished with value: 105.59366250850407 and parameters: {'seed': 127, 'N': 4, 'n_neurons_1': 164, 'n_neurons_2': 150, 'n_neurons_3': 111, 'n_neurons_4': 68, 'Dropout': 0.05537581835930768, 'kernel_regularizer': 0.11300835889261505, 'learning_rate': 0.0009315763693625346, 'beta_1': 0.7699866677846732, 'min_delta': 13.861343690506015, 'batch_size': 16}. Best is trial 8 with value: 97.03100597906038.
A : MAE:  105.59366250850407
A : Best epoch:  10
A : Best epoch:  16
A : Best epoch:  29
A : Best epoch:  10
[I 2023-11-11 05:20:28,991] Trial 76 finished with value: 106.82426155286575 and parameters: {'seed': 144, 'N': 4, 'n_neurons_1': 167, 'n_neurons_2': 143, 'n_neurons_3': 106, 'n_neurons_4': 72, 'Dropout': 0.07453550719307059, 'kernel_regularizer': 0.10093685220945962, 'learning_rate': 0.0009422641850471242, 'beta_1': 0.7656470165599418, 'min_delta': 12.297012217049955, 'batch_size': 16}. Best is trial 8 with value: 97.03100597906038.
A : MAE:  106.82426155286575
A : Best epoch:  24
A : Best epoch:  15
A : Best epoch:  31
A : Best epoch:  27
[I 2023-11-11 05:22:26,321] Trial 77 finished with value: 104.30958319217496 and parameters: {'seed': 100, 'N': 4, 'n_neurons_1': 161, 'n_neurons_2': 151, 'n_neurons_3': 108, 'n_neurons_4': 82, 'Dropout': 0.07965899941582424, 'kernel_regularizer': 0.11952055743204121, 'learning_rate': 0.0009137625329748635, 'beta_1': 0.7546043685586424, 'min_delta': 12.922391172602754, 'batch_size': 16}. Best is trial 8 with value: 97.03100597906038.
A : MAE:  104.30958319217496
A : Best epoch:  40
A : Best epoch:  40
A : Best epoch:  24
A : Best epoch:  24
[I 2023-11-11 05:24:32,205] Trial 78 finished with value: 100.86719074929917 and parameters: {'seed': 107, 'N': 4, 'n_neurons_1': 160, 'n_neurons_2': 149, 'n_neurons_3': 102, 'n_neurons_4': 76, 'Dropout': 0.07090690476194333, 'kernel_regularizer': 0.10923540523034608, 'learning_rate': 0.0009603524980954149, 'beta_1': 0.7605960187978948, 'min_delta': 13.37115898401999, 'batch_size': 16}. Best is trial 8 with value: 97.03100597906038.
A : MAE:  100.86719074929917
A : Best epoch:  32
A : Best epoch:  32
A : Best epoch:  30
A : Best epoch:  30
[I 2023-11-11 05:26:55,928] Trial 79 finished with value: 99.32108903336149 and parameters: {'seed': 117, 'N': 4, 'n_neurons_1': 161, 'n_neurons_2': 153, 'n_neurons_3': 104, 'n_neurons_4': 87, 'Dropout': 0.0636875767954157, 'kernel_regularizer': 0.11426730145684649, 'learning_rate': 0.0008776456709061278, 'beta_1': 0.7623748569932216, 'min_delta': 14.267331871221065, 'batch_size': 16}. Best is trial 8 with value: 97.03100597906038.
A : MAE:  99.32108903336149
A : Best epoch:  32
A : Best epoch:  39
A : Best epoch:  33
A : Best epoch:  28
