[I 2023-11-10 18:41:28,166] Trial 54 finished with value: 33306.21780735377 and parameters: {'seed': 36, 'n_neurons_1': 188, 'n_neurons_2': 135, 'n_neurons_3': 118, 'n_neurons_4': 80, 'kernel_regularizer': 0.035259660558126446, 'learning_rate': 0.007940871900880782, 'min_delta': 3.5828435112542745, 'patience': 8}. Best is trial 6 with value: 20400.72876504571.
54  MAE:  88.93599947211969
[I 2023-11-10 18:41:44,505] Trial 55 finished with value: 30444.105603395194 and parameters: {'seed': 17, 'n_neurons_1': 200, 'n_neurons_2': 153, 'n_neurons_3': 116, 'n_neurons_4': 78, 'kernel_regularizer': 0.04410981551616623, 'learning_rate': 0.008901217758429496, 'min_delta': 3.12207463770259, 'patience': 8}. Best is trial 6 with value: 20400.72876504571.
55  MAE:  86.31976658375562
[I 2023-11-10 18:42:00,823] Trial 56 finished with value: 22991.883790751184 and parameters: {'seed': 26, 'n_neurons_1': 191, 'n_neurons_2': 156, 'n_neurons_3': 119, 'n_neurons_4': 89, 'kernel_regularizer': 0.02958662088988067, 'learning_rate': 0.008213236263067646, 'min_delta': 3.3590534149092277, 'patience': 7}. Best is trial 6 with value: 20400.72876504571.
56  MAE:  79.76618027417746
[I 2023-11-10 18:42:13,995] Trial 57 finished with value: 32026.38747618433 and parameters: {'seed': 10, 'n_neurons_1': 186, 'n_neurons_2': 156, 'n_neurons_3': 119, 'n_neurons_4': 89, 'kernel_regularizer': 0.030276080878751527, 'learning_rate': 0.008173391399683337, 'min_delta': 3.292427946904227, 'patience': 7}. Best is trial 6 with value: 20400.72876504571.
57  MAE:  96.42022032181683
[I 2023-11-10 18:42:22,218] Trial 58 finished with value: 26385.775485465114 and parameters: {'seed': 5, 'n_neurons_1': 194, 'n_neurons_2': 165, 'n_neurons_3': 115, 'n_neurons_4': 86, 'kernel_regularizer': 0.02265186374881816, 'learning_rate': 0.008660229883366167, 'min_delta': 2.9013640284228033, 'patience': 4}. Best is trial 6 with value: 20400.72876504571.
58  MAE:  80.81291931044476
[I 2023-11-10 18:42:35,110] Trial 59 finished with value: 27456.039240533333 and parameters: {'seed': 23, 'n_neurons_1': 190, 'n_neurons_2': 172, 'n_neurons_3': 117, 'n_neurons_4': 90, 'kernel_regularizer': 0.032077817665246186, 'learning_rate': 0.0077454005561106345, 'min_delta': 2.504980600708668, 'patience': 7}. Best is trial 6 with value: 20400.72876504571.
59  MAE:  90.72704034296888
[I 2023-11-10 18:42:52,257] Trial 60 finished with value: 39414.42749424283 and parameters: {'seed': 29, 'n_neurons_1': 184, 'n_neurons_2': 180, 'n_neurons_3': 109, 'n_neurons_4': 87, 'kernel_regularizer': 0.029203126532307118, 'learning_rate': 0.008267530802475664, 'min_delta': 2.6335917809366953, 'patience': 6}. Best is trial 6 with value: 20400.72876504571.
60  MAE:  106.17969894788982
[I 2023-11-10 18:43:10,922] Trial 61 finished with value: 35335.04710479484 and parameters: {'seed': 13, 'n_neurons_1': 192, 'n_neurons_2': 161, 'n_neurons_3': 119, 'n_neurons_4': 83, 'kernel_regularizer': 0.037453259652330304, 'learning_rate': 0.007616836219579823, 'min_delta': 3.4402696814027216, 'patience': 8}. Best is trial 6 with value: 20400.72876504571.
61  MAE:  90.1736832937373
[I 2023-11-10 18:43:24,236] Trial 62 finished with value: 29691.75616615865 and parameters: {'seed': 76, 'n_neurons_1': 191, 'n_neurons_2': 151, 'n_neurons_3': 120, 'n_neurons_4': 69, 'kernel_regularizer': 0.03921104965288643, 'learning_rate': 0.006884099358795625, 'min_delta': 3.930528670897668, 'patience': 8}. Best is trial 6 with value: 20400.72876504571.
62  MAE:  89.86005178489064
[I 2023-11-10 18:43:34,565] Trial 63 finished with value: 33647.62103491253 and parameters: {'seed': 20, 'n_neurons_1': 195, 'n_neurons_2': 148, 'n_neurons_3': 118, 'n_neurons_4': 80, 'kernel_regularizer': 0.034129194259088266, 'learning_rate': 0.00742818154035749, 'min_delta': 3.230926442918549, 'patience': 8}. Best is trial 6 with value: 20400.72876504571.
63  MAE:  109.67010449154742
[I 2023-11-10 18:43:48,231] Trial 64 finished with value: 39216.60205838589 and parameters: {'seed': 36, 'n_neurons_1': 188, 'n_neurons_2': 157, 'n_neurons_3': 117, 'n_neurons_4': 82, 'kernel_regularizer': 0.02193265191336357, 'learning_rate': 0.008583390212119343, 'min_delta': 3.0055294313533203, 'patience': 7}. Best is trial 6 with value: 20400.72876504571.
64  MAE:  92.64974468377001
[I 2023-11-10 18:44:08,899] Trial 65 finished with value: 41026.38444424818 and parameters: {'seed': 9, 'n_neurons_1': 193, 'n_neurons_2': 175, 'n_neurons_3': 118, 'n_neurons_4': 73, 'kernel_regularizer': 0.048941993501729564, 'learning_rate': 0.009054834764223597, 'min_delta': 3.676125449689158, 'patience': 8}. Best is trial 6 with value: 20400.72876504571.
65  MAE:  96.18949776818754
[I 2023-11-10 18:44:29,243] Trial 66 finished with value: 39591.41880448338 and parameters: {'seed': 46, 'n_neurons_1': 200, 'n_neurons_2': 131, 'n_neurons_3': 116, 'n_neurons_4': 77, 'kernel_regularizer': 0.04269118702931836, 'learning_rate': 0.007923479511692135, 'min_delta': 2.929253908846199, 'patience': 8}. Best is trial 6 with value: 20400.72876504571.
66  MAE:  101.72025558545509
[W 2023-11-10 18:44:46,998] Trial 67 failed with parameters: {'seed': 81, 'n_neurons_1': 198, 'n_neurons_2': 145, 'n_neurons_3': 113, 'n_neurons_4': 71, 'kernel_regularizer': 0.02848683242746533, 'learning_rate': 0.007180100037613859, 'min_delta': 3.5319083286565567, 'patience': 8} because of the following error: KeyboardInterrupt().