[I 2023-11-11 09:23:39,733] Trial 200 finished with value: 106.70974559769331 and parameters: {'seed': 116, 'N': 4, 'n_neurons_1': 141, 'n_neurons_2': 149, 'n_neurons_3': 114, 'n_neurons_4': 64, 'Dropout': 0.11553547928933364, 'kernel_regularizer': 0.10729617346096246, 'learning_rate': 0.0011536538368684414, 'beta_1': 0.7671644795716894, 'min_delta': 14.75084093658629, 'batch_size': 16}. Best is trial 184 with value: 95.50310257112065.
A : MAE:  106.70974559769331
A : Best epoch:  25
A : Best epoch:  14
A : Best epoch:  20
A : Best epoch:  29
[I 2023-11-11 09:25:30,851] Trial 201 finished with value: 102.18780228336972 and parameters: {'seed': 114, 'N': 4, 'n_neurons_1': 161, 'n_neurons_2': 145, 'n_neurons_3': 117, 'n_neurons_4': 83, 'Dropout': 0.05210149070451319, 'kernel_regularizer': 0.12579649188928949, 'learning_rate': 0.0010592773037190635, 'beta_1': 0.7519205851545875, 'min_delta': 15.079461254372747, 'batch_size': 16}. Best is trial 184 with value: 95.50310257112065.
A : MAE:  102.18780228336972
A : Best epoch:  25
A : Best epoch:  19
A : Best epoch:  19
A : Best epoch:  31
[I 2023-11-11 09:27:20,590] Trial 202 finished with value: 104.43967920050498 and parameters: {'seed': 111, 'N': 4, 'n_neurons_1': 163, 'n_neurons_2': 146, 'n_neurons_3': 115, 'n_neurons_4': 67, 'Dropout': 0.053597472751343266, 'kernel_regularizer': 0.11984434516596826, 'learning_rate': 0.0011272341809201913, 'beta_1': 0.7537600158616331, 'min_delta': 15.314081192266674, 'batch_size': 16}. Best is trial 184 with value: 95.50310257112065.
A : MAE:  104.43967920050498
A : Best epoch:  26
A : Best epoch:  23
A : Best epoch:  36
A : Best epoch:  22
[I 2023-11-11 09:29:26,155] Trial 203 finished with value: 105.5836623423924 and parameters: {'seed': 118, 'N': 4, 'n_neurons_1': 161, 'n_neurons_2': 130, 'n_neurons_3': 104, 'n_neurons_4': 80, 'Dropout': 0.10618935975939825, 'kernel_regularizer': 0.13446932222817382, 'learning_rate': 0.0011460578629381218, 'beta_1': 0.7576518963592084, 'min_delta': 14.856396179728003, 'batch_size': 16}. Best is trial 184 with value: 95.50310257112065.
A : MAE:  105.5836623423924
A : Best epoch:  10
A : Best epoch:  28
A : Best epoch:  14
A : Best epoch:  20
[I 2023-11-11 09:31:14,528] Trial 204 finished with value: 108.54380812005284 and parameters: {'seed': 114, 'N': 4, 'n_neurons_1': 162, 'n_neurons_2': 144, 'n_neurons_3': 112, 'n_neurons_4': 62, 'Dropout': 0.056997739438494746, 'kernel_regularizer': 0.15223874068194906, 'learning_rate': 0.001110896068187813, 'beta_1': 0.7615143275268854, 'min_delta': 13.908758372920852, 'batch_size': 16}. Best is trial 184 with value: 95.50310257112065.
A : MAE:  108.54380812005284
A : Best epoch:  23
A : Best epoch:  14
A : Best epoch:  32
A : Best epoch:  31
[I 2023-11-11 09:33:05,643] Trial 205 finished with value: 103.9200899125174 and parameters: {'seed': 120, 'N': 4, 'n_neurons_1': 160, 'n_neurons_2': 127, 'n_neurons_3': 109, 'n_neurons_4': 66, 'Dropout': 0.07817114349455398, 'kernel_regularizer': 0.12767530113351455, 'learning_rate': 0.0010757818609465244, 'beta_1': 0.792949959799015, 'min_delta': 14.45948153100457, 'batch_size': 16}. Best is trial 184 with value: 95.50310257112065.
A : MAE:  103.9200899125174
A : Best epoch:  43
A : Best epoch:  49
A : Best epoch:  31
A : Best epoch:  38
[I 2023-11-11 09:34:05,971] Trial 206 finished with value: 107.25752469429024 and parameters: {'seed': 108, 'N': 4, 'n_neurons_1': 141, 'n_neurons_2': 145, 'n_neurons_3': 103, 'n_neurons_4': 61, 'Dropout': 0.060391739749229435, 'kernel_regularizer': 0.1427830422602991, 'learning_rate': 0.0010024945930060787, 'beta_1': 0.7556531460260515, 'min_delta': 15.848524014000997, 'batch_size': 64}. Best is trial 184 with value: 95.50310257112065.
A : MAE:  107.25752469429024
A : Best epoch:  26
A : Best epoch:  26
A : Best epoch:  46
A : Best epoch:  49
[I 2023-11-11 09:36:55,107] Trial 207 finished with value: 97.8098883128807 and parameters: {'seed': 132, 'N': 4, 'n_neurons_1': 163, 'n_neurons_2': 147, 'n_neurons_3': 116, 'n_neurons_4': 65, 'Dropout': 0.09568787265614295, 'kernel_regularizer': 0.11397127196802369, 'learning_rate': 0.0011328972013581423, 'beta_1': 0.7603531297486538, 'min_delta': 5.972945966784524, 'batch_size': 16}. Best is trial 184 with value: 95.50310257112065.
A : MAE:  97.8098883128807
A : Best epoch:  51
A : Best epoch:  47
A : Best epoch:  22
A : Best epoch:  22
[I 2023-11-11 09:39:16,634] Trial 208 finished with value: 97.04324298198945 and parameters: {'seed': 135, 'N': 4, 'n_neurons_1': 164, 'n_neurons_2': 147, 'n_neurons_3': 116, 'n_neurons_4': 63, 'Dropout': 0.09106640876739298, 'kernel_regularizer': 0.11072199481521593, 'learning_rate': 0.001130978418803074, 'beta_1': 0.7645882459629352, 'min_delta': 9.280405933399074, 'batch_size': 16}. Best is trial 184 with value: 95.50310257112065.
A : MAE:  97.04324298198945
A : Best epoch:  44
A : Best epoch:  44
A : Best epoch:  23
A : Best epoch:  48
[I 2023-11-11 09:40:49,696] Trial 209 finished with value: 101.79582328816065 and parameters: {'seed': 140, 'N': 4, 'n_neurons_1': 164, 'n_neurons_2': 147, 'n_neurons_3': 119, 'n_neurons_4': 63, 'Dropout': 0.08889349392088186, 'kernel_regularizer': 0.10178957736573715, 'learning_rate': 0.001120286897487032, 'beta_1': 0.7647742289728475, 'min_delta': 6.063188350801452, 'batch_size': 32}. Best is trial 184 with value: 95.50310257112065.
A : MAE:  101.79582328816065
A : Best epoch:  32
A : Best epoch:  36
A : Best epoch:  36
A : Best epoch:  32
A : Best epoch:  32
A : Best epoch:  32
[I 2023-11-11 09:44:09,654] Trial 210 finished with value: 100.54472820611929 and parameters: {'seed': 123, 'N': 6, 'n_neurons_1': 165, 'n_neurons_2': 146, 'n_neurons_3': 116, 'n_neurons_4': 64, 'Dropout': 0.09883817501790669, 'kernel_regularizer': 0.1104616351179613, 'learning_rate': 0.0011313801571590876, 'beta_1': 0.7601608291806325, 'min_delta': 10.485401031165404, 'batch_size': 16}. Best is trial 184 with value: 95.50310257112065.
A : MAE:  100.54472820611929
A : Best epoch:  29
A : Best epoch:  42
A : Best epoch:  23
A : Best epoch:  22
[I 2023-11-11 09:46:10,943] Trial 211 finished with value: 104.71266775325803 and parameters: {'seed': 133, 'N': 4, 'n_neurons_1': 163, 'n_neurons_2': 148, 'n_neurons_3': 116, 'n_neurons_4': 62, 'Dropout': 0.06627627511434128, 'kernel_regularizer': 0.11564328779320504, 'learning_rate': 0.001138747472146183, 'beta_1': 0.768896734335165, 'min_delta': 8.922934810280772, 'batch_size': 16}. Best is trial 184 with value: 95.50310257112065.
A : MAE:  104.71266775325803
A : Best epoch:  33
A : Best epoch:  29
A : Best epoch:  20
A : Best epoch:  23
[I 2023-11-11 09:48:09,346] Trial 212 finished with value: 103.96362582639526 and parameters: {'seed': 135, 'N': 4, 'n_neurons_1': 163, 'n_neurons_2': 149, 'n_neurons_3': 115, 'n_neurons_4': 62, 'Dropout': 0.09482612209623395, 'kernel_regularizer': 0.11133606644555057, 'learning_rate': 0.0011048977359536395, 'beta_1': 0.7641464573273128, 'min_delta': 8.705864001991626, 'batch_size': 16}. Best is trial 184 with value: 95.50310257112065.
A : MAE:  103.96362582639526
A : Best epoch:  30
A : Best epoch:  63
A : Best epoch:  23
A : Best epoch:  30
[I 2023-11-11 09:50:45,275] Trial 213 finished with value: 98.12607257283942 and parameters: {'seed': 134, 'N': 4, 'n_neurons_1': 164, 'n_neurons_2': 147, 'n_neurons_3': 117, 'n_neurons_4': 65, 'Dropout': 0.09253286536462924, 'kernel_regularizer': 0.10752856343054794, 'learning_rate': 0.0011566247618707483, 'beta_1': 0.7746334734945365, 'min_delta': 10.125453403644059, 'batch_size': 16}. Best is trial 184 with value: 95.50310257112065.
A : MAE:  98.12607257283942
A : Best epoch:  29
A : Best epoch:  25
A : Best epoch:  33
A : Best epoch:  11
[I 2023-11-11 09:52:19,962] Trial 214 finished with value: 105.49270115855248 and parameters: {'seed': 138, 'N': 4, 'n_neurons_1': 164, 'n_neurons_2': 147, 'n_neurons_3': 117, 'n_neurons_4': 66, 'Dropout': 0.09419319629457922, 'kernel_regularizer': 0.10694953802926425, 'learning_rate': 0.0011541504911390145, 'beta_1': 0.7588803228916572, 'min_delta': 11.635396955215972, 'batch_size': 16}. Best is trial 184 with value: 95.50310257112065.
A : MAE:  105.49270115855248
A : Best epoch:  12
A : Best epoch:  39
A : Best epoch:  26
A : Best epoch:  29
[I 2023-11-11 09:54:09,225] Trial 215 finished with value: 103.73540979381855 and parameters: {'seed': 132, 'N': 4, 'n_neurons_1': 165, 'n_neurons_2': 148, 'n_neurons_3': 118, 'n_neurons_4': 63, 'Dropout': 0.08592025685398402, 'kernel_regularizer': 0.11490618560742959, 'learning_rate': 0.0011708636864649405, 'beta_1': 0.7622343713953136, 'min_delta': 11.08041888092501, 'batch_size': 16}. Best is trial 184 with value: 95.50310257112065.
A : MAE:  103.73540979381855
A : Best epoch:  16
A : Best epoch:  25
A : Best epoch:  39
A : Best epoch:  14
[I 2023-11-11 09:56:04,506] Trial 216 finished with value: 108.41911842003772 and parameters: {'seed': 130, 'N': 4, 'n_neurons_1': 162, 'n_neurons_2': 138, 'n_neurons_3': 118, 'n_neurons_4': 64, 'Dropout': 0.0987568401898841, 'kernel_regularizer': 0.10352959723508326, 'learning_rate': 0.0010239283713925197, 'beta_1': 0.7749056812689235, 'min_delta': 9.745724318887202, 'batch_size': 16}. Best is trial 184 with value: 95.50310257112065.
A : MAE:  108.41911842003772
A : Best epoch:  38
A : Best epoch:  29
A : Best epoch:  33
A : Best epoch:  38
[I 2023-11-11 09:58:21,542] Trial 217 finished with value: 103.65604751654068 and parameters: {'seed': 111, 'N': 4, 'n_neurons_1': 164, 'n_neurons_2': 146, 'n_neurons_3': 114, 'n_neurons_4': 65, 'Dropout': 0.09346533430167613, 'kernel_regularizer': 0.10929517204545128, 'learning_rate': 0.0011281316993203365, 'beta_1': 0.7500172927006263, 'min_delta': 9.461339634823593, 'batch_size': 16}. Best is trial 184 with value: 95.50310257112065.
A : MAE:  103.65604751654068
A : Best epoch:  30
A : Best epoch:  30
A : Best epoch:  31
A : Best epoch:  30
[I 2023-11-11 10:00:13,218] Trial 218 finished with value: 109.21550803669565 and parameters: {'seed': 116, 'N': 4, 'n_neurons_1': 163, 'n_neurons_2': 147, 'n_neurons_3': 116, 'n_neurons_4': 65, 'Dropout': 0.09080406115522086, 'kernel_regularizer': 0.11566644646911306, 'learning_rate': 0.0009819285001689243, 'beta_1': 0.7661516657577755, 'min_delta': 7.73684769520245, 'batch_size': 16}. Best is trial 184 with value: 95.50310257112065.
A : MAE:  109.21550803669565
A : Best epoch:  27
A : Best epoch:  28
A : Best epoch:  14
A : Best epoch:  29
[I 2023-11-11 10:02:26,498] Trial 219 finished with value: 105.39189796287687 and parameters: {'seed': 142, 'N': 4, 'n_neurons_1': 161, 'n_neurons_2': 144, 'n_neurons_3': 113, 'n_neurons_4': 65, 'Dropout': 0.0723886691235572, 'kernel_regularizer': 0.11230916034787379, 'learning_rate': 0.0010942439653986939, 'beta_1': 0.7599161703603751, 'min_delta': 12.302749295103666, 'batch_size': 16}. Best is trial 184 with value: 95.50310257112065.
A : MAE:  105.39189796287687
A : Best epoch:  22
A : Best epoch:  20
A : Best epoch:  42
A : Best epoch:  32
[I 2023-11-11 10:04:35,760] Trial 220 finished with value: 104.10370554824658 and parameters: {'seed': 133, 'N': 4, 'n_neurons_1': 159, 'n_neurons_2': 145, 'n_neurons_3': 120, 'n_neurons_4': 63, 'Dropout': 0.10024390274316604, 'kernel_regularizer': 0.09722913226941926, 'learning_rate': 0.001148616229766012, 'beta_1': 0.7555840970910755, 'min_delta': 10.503743076986606, 'batch_size': 16}. Best is trial 184 with value: 95.50310257112065.
A : MAE:  104.10370554824658
A : Best epoch:  14
A : Best epoch:  14
A : Best epoch:  43
A : Best epoch:  22
[I 2023-11-11 10:06:40,644] Trial 221 finished with value: 101.93167809306833 and parameters: {'seed': 136, 'N': 4, 'n_neurons_1': 142, 'n_neurons_2': 150, 'n_neurons_3': 114, 'n_neurons_4': 88, 'Dropout': 0.08624939382888132, 'kernel_regularizer': 0.12113354256472182, 'learning_rate': 0.0011397149195980021, 'beta_1': 0.771637818286903, 'min_delta': 11.966505813574186, 'batch_size': 16}. Best is trial 184 with value: 95.50310257112065.
A : MAE:  101.93167809306833
A : Best epoch:  29
A : Best epoch:  15
A : Best epoch:  15
A : Best epoch:  18
[I 2023-11-11 10:08:08,847] Trial 222 finished with value: 114.88851201117626 and parameters: {'seed': 137, 'N': 4, 'n_neurons_1': 162, 'n_neurons_2': 148, 'n_neurons_3': 115, 'n_neurons_4': 61, 'Dropout': 0.09655523489412825, 'kernel_regularizer': 0.10607046620412632, 'learning_rate': 0.0011552853054366916, 'beta_1': 0.7672908240109828, 'min_delta': 10.045250263674038, 'batch_size': 16}. Best is trial 184 with value: 95.50310257112065.
A : MAE:  114.88851201117626
A : Best epoch:  24
A : Best epoch:  43
A : Best epoch:  31
A : Best epoch:  26
[I 2023-11-11 10:10:04,648] Trial 223 finished with value: 100.8035746657801 and parameters: {'seed': 129, 'N': 4, 'n_neurons_1': 140, 'n_neurons_2': 147, 'n_neurons_3': 116, 'n_neurons_4': 81, 'Dropout': 0.08279249678033808, 'kernel_regularizer': 0.11610946288365495, 'learning_rate': 0.0011221971647510278, 'beta_1': 0.7772362558904095, 'min_delta': 11.652978678238203, 'batch_size': 16}. Best is trial 184 with value: 95.50310257112065.
A : MAE:  100.8035746657801
A : Best epoch:  42
A : Best epoch:  22
A : Best epoch:  28
A : Best epoch:  22
[I 2023-11-11 10:12:16,789] Trial 224 finished with value: 101.8206247471734 and parameters: {'seed': 140, 'N': 4, 'n_neurons_1': 167, 'n_neurons_2': 146, 'n_neurons_3': 117, 'n_neurons_4': 67, 'Dropout': 0.09121258911662863, 'kernel_regularizer': 0.11047867716525837, 'learning_rate': 0.0011424358319470957, 'beta_1': 0.8294683115141708, 'min_delta': 10.929392368846653, 'batch_size': 16}. Best is trial 184 with value: 95.50310257112065.
A : MAE:  101.8206247471734
A : Best epoch:  16
A : Best epoch:  25
A : Best epoch:  16
A : Best epoch:  16
[I 2023-11-11 10:14:05,672] Trial 225 finished with value: 104.41038692177648 and parameters: {'seed': 146, 'N': 4, 'n_neurons_1': 163, 'n_neurons_2': 149, 'n_neurons_3': 115, 'n_neurons_4': 60, 'Dropout': 0.06318420185469004, 'kernel_regularizer': 0.1188070803351795, 'learning_rate': 0.001034415932995309, 'beta_1': 0.7633732810254138, 'min_delta': 12.67422052066486, 'batch_size': 16}. Best is trial 184 with value: 95.50310257112065.
A : MAE:  104.41038692177648
A : Best epoch:  15
A : Best epoch:  30
A : Best epoch:  15
A : Best epoch:  36
[I 2023-11-11 10:16:25,554] Trial 226 finished with value: 100.02536682754625 and parameters: {'seed': 113, 'N': 4, 'n_neurons_1': 165, 'n_neurons_2': 143, 'n_neurons_3': 114, 'n_neurons_4': 82, 'Dropout': 0.05871047667249818, 'kernel_regularizer': 0.10106482306996462, 'learning_rate': 0.0011361807798541065, 'beta_1': 0.7705290419891473, 'min_delta': 7.409992697131394, 'batch_size': 16}. Best is trial 184 with value: 95.50310257112065.
A : MAE:  100.02536682754625
A : Best epoch:  13
A : Best epoch:  33
A : Best epoch:  31
A : Best epoch:  44
[I 2023-11-11 10:17:15,412] Trial 227 finished with value: 112.3710613346161 and parameters: {'seed': 135, 'N': 4, 'n_neurons_1': 160, 'n_neurons_2': 145, 'n_neurons_3': 112, 'n_neurons_4': 85, 'Dropout': 0.10464471035721327, 'kernel_regularizer': 0.24241427608101043, 'learning_rate': 0.0011154468432208182, 'beta_1': 0.8030189057773203, 'min_delta': 11.538820948745151, 'batch_size': 64}. Best is trial 184 with value: 95.50310257112065.
A : MAE:  112.3710613346161
A : Best epoch:  24
A : Best epoch:  47
A : Best epoch:  47
A : Best epoch:  30
[I 2023-11-11 10:19:54,385] Trial 228 finished with value: 101.2323631254229 and parameters: {'seed': 134, 'N': 4, 'n_neurons_1': 164, 'n_neurons_2': 147, 'n_neurons_3': 101, 'n_neurons_4': 83, 'Dropout': 0.08771748687481998, 'kernel_regularizer': 0.11330353029167428, 'learning_rate': 0.0010081279785903226, 'beta_1': 0.774372162942764, 'min_delta': 13.183493750953046, 'batch_size': 16}. Best is trial 184 with value: 95.50310257112065.
A : MAE:  101.2323631254229
A : Best epoch:  18
A : Best epoch:  20
A : Best epoch:  28
A : Best epoch:  30
[I 2023-11-11 10:21:46,561] Trial 229 finished with value: 108.98203769394225 and parameters: {'seed': 110, 'N': 4, 'n_neurons_1': 148, 'n_neurons_2': 148, 'n_neurons_3': 102, 'n_neurons_4': 86, 'Dropout': 0.1077781953774686, 'kernel_regularizer': 0.12373100915619893, 'learning_rate': 0.0009701992561017957, 'beta_1': 0.8445346812644015, 'min_delta': 11.391274633926145, 'batch_size': 16}. Best is trial 184 with value: 95.50310257112065.
A : MAE:  108.98203769394225
A : Best epoch:  26
A : Best epoch:  27
A : Best epoch:  14
A : Best epoch:  16
[I 2023-11-11 10:22:57,913] Trial 230 finished with value: 108.54035489346036 and parameters: {'seed': 131, 'N': 4, 'n_neurons_1': 143, 'n_neurons_2': 142, 'n_neurons_3': 123, 'n_neurons_4': 68, 'Dropout': 0.09209225792338974, 'kernel_regularizer': 0.10630666829216162, 'learning_rate': 0.0011008128001412528, 'beta_1': 0.7582722041040701, 'min_delta': 10.698888082610903, 'batch_size': 32}. Best is trial 184 with value: 95.50310257112065.
A : MAE:  108.54035489346036
A : Best epoch:  23
A : Best epoch:  23
A : Best epoch:  23
A : Best epoch:  10
[I 2023-11-11 10:24:58,112] Trial 231 finished with value: 104.95790543828336 and parameters: {'seed': 115, 'N': 4, 'n_neurons_1': 162, 'n_neurons_2': 145, 'n_neurons_3': 103, 'n_neurons_4': 84, 'Dropout': 0.05079958527673965, 'kernel_regularizer': 0.1296564979085432, 'learning_rate': 0.0011622663275236264, 'beta_1': 0.753262065024059, 'min_delta': 11.272660843744557, 'batch_size': 16}. Best is trial 184 with value: 95.50310257112065.
A : MAE:  104.95790543828336
A : Best epoch:  34
A : Best epoch:  15
A : Best epoch:  18
A : Best epoch:  20
[I 2023-11-11 10:27:01,291] Trial 232 finished with value: 104.41414549238661 and parameters: {'seed': 113, 'N': 4, 'n_neurons_1': 161, 'n_neurons_2': 150, 'n_neurons_3': 102, 'n_neurons_4': 84, 'Dropout': 0.11282286494156639, 'kernel_regularizer': 0.06288927448213336, 'learning_rate': 0.001190439208544597, 'beta_1': 0.8354492972914652, 'min_delta': 10.158670485383505, 'batch_size': 16}. Best is trial 184 with value: 95.50310257112065.
A : MAE:  104.41414549238661
A : Best epoch:  30
A : Best epoch:  23
A : Best epoch:  46
A : Best epoch:  38
[I 2023-11-11 10:29:48,182] Trial 233 finished with value: 99.90253242109442 and parameters: {'seed': 117, 'N': 4, 'n_neurons_1': 163, 'n_neurons_2': 146, 'n_neurons_3': 104, 'n_neurons_4': 85, 'Dropout': 0.05433433886259839, 'kernel_regularizer': 0.1224333225389352, 'learning_rate': 0.0011497239158952681, 'beta_1': 0.790110303033345, 'min_delta': 11.077327142249292, 'batch_size': 16}. Best is trial 184 with value: 95.50310257112065.
A : MAE:  99.90253242109442
A : Best epoch:  53
A : Best epoch:  45
A : Best epoch:  27
A : Best epoch:  33
[I 2023-11-11 10:32:13,644] Trial 234 finished with value: 100.27924127699121 and parameters: {'seed': 115, 'N': 4, 'n_neurons_1': 162, 'n_neurons_2': 149, 'n_neurons_3': 105, 'n_neurons_4': 61, 'Dropout': 0.055937054128506566, 'kernel_regularizer': 0.11809362111359381, 'learning_rate': 0.0009880135288269907, 'beta_1': 0.7560947180872745, 'min_delta': 13.799681287340949, 'batch_size': 16}. Best is trial 184 with value: 95.50310257112065.
A : MAE:  100.27924127699121
A : Best epoch:  13
A : Best epoch:  8
A : Best epoch:  20
A : Best epoch:  33
[I 2023-11-11 10:33:50,133] Trial 235 finished with value: 110.33817104694377 and parameters: {'seed': 112, 'N': 4, 'n_neurons_1': 141, 'n_neurons_2': 144, 'n_neurons_3': 104, 'n_neurons_4': 62, 'Dropout': 0.06799875538755315, 'kernel_regularizer': 0.13294308988783365, 'learning_rate': 0.0011314130150972374, 'beta_1': 0.7861238683445217, 'min_delta': 6.340764391144312, 'batch_size': 16}. Best is trial 184 with value: 95.50310257112065.
A : MAE:  110.33817104694377
A : Best epoch:  8
A : Best epoch:  35
A : Best epoch:  38
A : Best epoch:  29
[I 2023-11-11 10:36:02,863] Trial 236 finished with value: 103.77196675027805 and parameters: {'seed': 119, 'N': 4, 'n_neurons_1': 151, 'n_neurons_2': 147, 'n_neurons_3': 100, 'n_neurons_4': 82, 'Dropout': 0.10192947323461787, 'kernel_regularizer': 0.12557763826534277, 'learning_rate': 0.0010647610028557554, 'beta_1': 0.7613859300130461, 'min_delta': 9.345564863832236, 'batch_size': 16}. Best is trial 184 with value: 95.50310257112065.
A : MAE:  103.77196675027805
A : Best epoch:  30
A : Best epoch:  21
A : Best epoch:  26
A : Best epoch:  27
[I 2023-11-11 10:37:55,799] Trial 237 finished with value: 107.35162992028582 and parameters: {'seed': 110, 'N': 4, 'n_neurons_1': 161, 'n_neurons_2': 148, 'n_neurons_3': 103, 'n_neurons_4': 83, 'Dropout': 0.05009099978713043, 'kernel_regularizer': 0.11000762060954966, 'learning_rate': 0.0011255576526713633, 'beta_1': 0.7652005217012731, 'min_delta': 14.981566389489005, 'batch_size': 16}. Best is trial 184 with value: 95.50310257112065.
A : MAE:  107.35162992028582
A : Best epoch:  42
A : Best epoch:  16
A : Best epoch:  33
A : Best epoch:  27
[I 2023-11-11 10:39:58,353] Trial 238 finished with value: 105.86439844402187 and parameters: {'seed': 115, 'N': 4, 'n_neurons_1': 169, 'n_neurons_2': 125, 'n_neurons_3': 115, 'n_neurons_4': 85, 'Dropout': 0.12889818079694504, 'kernel_regularizer': 0.11474912337841232, 'learning_rate': 0.0010795611203205052, 'beta_1': 0.8177369882471759, 'min_delta': 14.205516201358888, 'batch_size': 16}. Best is trial 184 with value: 95.50310257112065.
A : MAE:  105.86439844402187
A : Best epoch:  55
A : Best epoch:  24
A : Best epoch:  23
A : Best epoch:  40
[I 2023-11-11 10:42:26,989] Trial 239 finished with value: 97.88785015131137 and parameters: {'seed': 107, 'N': 4, 'n_neurons_1': 162, 'n_neurons_2': 146, 'n_neurons_3': 101, 'n_neurons_4': 63, 'Dropout': 0.08387590822645699, 'kernel_regularizer': 0.12047765103380335, 'learning_rate': 0.0011429019598995515, 'beta_1': 0.758172031624129, 'min_delta': 8.110268592539423, 'batch_size': 16}. Best is trial 184 with value: 95.50310257112065.
A : MAE:  97.88785015131137
A : Best epoch:  31
A : Best epoch:  22
A : Best epoch:  31
A : Best epoch:  16
