[I 2023-11-11 06:52:28,376] Trial 120 finished with value: 104.5730522777768 and parameters: {'seed': 111, 'N': 5, 'n_neurons_1': 159, 'n_neurons_2': 159, 'n_neurons_3': 104, 'n_neurons_4': 79, 'Dropout': 0.05051878092540451, 'kernel_regularizer': 0.12024553318226797, 'learning_rate': 0.0008849715058191789, 'beta_1': 0.7627280432152692, 'min_delta': 16.021111317573695, 'batch_size': 16}. Best is trial 8 with value: 97.03100597906038.
A : MAE:  104.5730522777768
A : Best epoch:  37
A : Best epoch:  18
A : Best epoch:  32
A : Best epoch:  31
[I 2023-11-11 06:54:29,739] Trial 121 finished with value: 100.82117983476132 and parameters: {'seed': 102, 'N': 4, 'n_neurons_1': 166, 'n_neurons_2': 148, 'n_neurons_3': 105, 'n_neurons_4': 87, 'Dropout': 0.07121356950295606, 'kernel_regularizer': 0.10405332694547802, 'learning_rate': 0.0009362353326008311, 'beta_1': 0.7720565906665409, 'min_delta': 13.697326826506803, 'batch_size': 16}. Best is trial 8 with value: 97.03100597906038.
A : MAE:  100.82117983476132
A : Best epoch:  37
A : Best epoch:  27
A : Best epoch:  34
A : Best epoch:  34
[I 2023-11-11 06:56:54,335] Trial 122 finished with value: 99.22708656003722 and parameters: {'seed': 102, 'N': 4, 'n_neurons_1': 162, 'n_neurons_2': 149, 'n_neurons_3': 102, 'n_neurons_4': 87, 'Dropout': 0.06670655582436841, 'kernel_regularizer': 0.10911179324254752, 'learning_rate': 0.0009219178254542422, 'beta_1': 0.7724710724191306, 'min_delta': 14.10232011067293, 'batch_size': 16}. Best is trial 8 with value: 97.03100597906038.
A : MAE:  99.22708656003722
A : Best epoch:  15
A : Best epoch:  28
A : Best epoch:  22
A : Best epoch:  22
[I 2023-11-11 06:58:49,370] Trial 123 finished with value: 108.33597121113044 and parameters: {'seed': 103, 'N': 4, 'n_neurons_1': 161, 'n_neurons_2': 149, 'n_neurons_3': 102, 'n_neurons_4': 89, 'Dropout': 0.061157564550781925, 'kernel_regularizer': 0.10765785309242493, 'learning_rate': 0.0009230192862560672, 'beta_1': 0.775689403104322, 'min_delta': 13.529518560217678, 'batch_size': 16}. Best is trial 8 with value: 97.03100597906038.
A : MAE:  108.33597121113044
A : Best epoch:  36
A : Best epoch:  37
A : Best epoch:  29
A : Best epoch:  17
[I 2023-11-11 07:00:50,486] Trial 124 finished with value: 101.77013146638815 and parameters: {'seed': 106, 'N': 4, 'n_neurons_1': 167, 'n_neurons_2': 150, 'n_neurons_3': 101, 'n_neurons_4': 87, 'Dropout': 0.0649971497611679, 'kernel_regularizer': 0.12623746961990592, 'learning_rate': 0.0009350094583181443, 'beta_1': 0.7726303796763425, 'min_delta': 13.96034434539738, 'batch_size': 16}. Best is trial 8 with value: 97.03100597906038.
A : MAE:  101.77013146638815
A : Best epoch:  34
A : Best epoch:  37
A : Best epoch:  37
A : Best epoch:  27
[I 2023-11-11 07:03:11,869] Trial 125 finished with value: 101.33135708115438 and parameters: {'seed': 102, 'N': 4, 'n_neurons_1': 163, 'n_neurons_2': 151, 'n_neurons_3': 103, 'n_neurons_4': 90, 'Dropout': 0.07150896859772203, 'kernel_regularizer': 0.10425862349128961, 'learning_rate': 0.0009500010884370844, 'beta_1': 0.8252621015399371, 'min_delta': 12.783726933815693, 'batch_size': 16}. Best is trial 8 with value: 97.03100597906038.
A : MAE:  101.33135708115438
A : Best epoch:  18
A : Best epoch:  27
A : Best epoch:  19
A : Best epoch:  27
[I 2023-11-11 07:04:46,577] Trial 126 finished with value: 107.4429998425852 and parameters: {'seed': 102, 'N': 4, 'n_neurons_1': 145, 'n_neurons_2': 148, 'n_neurons_3': 100, 'n_neurons_4': 88, 'Dropout': 0.07831231386347097, 'kernel_regularizer': 0.11184680997684512, 'learning_rate': 0.0009592709053258589, 'beta_1': 0.8302203893127217, 'min_delta': 12.803295580466143, 'batch_size': 16}. Best is trial 8 with value: 97.03100597906038.
A : MAE:  107.4429998425852
A : Best epoch:  36
A : Best epoch:  26
A : Best epoch:  24
A : Best epoch:  18
[I 2023-11-11 07:07:01,997] Trial 127 finished with value: 103.22132760342117 and parameters: {'seed': 101, 'N': 4, 'n_neurons_1': 163, 'n_neurons_2': 151, 'n_neurons_3': 103, 'n_neurons_4': 89, 'Dropout': 0.0719726388297535, 'kernel_regularizer': 0.10492509127899692, 'learning_rate': 0.0009730945996909647, 'beta_1': 0.8201015198793731, 'min_delta': 12.339642416207194, 'batch_size': 16}. Best is trial 8 with value: 97.03100597906038.
A : MAE:  103.22132760342117
A : Best epoch:  34
A : Best epoch:  32
A : Best epoch:  32
A : Best epoch:  29
[I 2023-11-11 07:09:16,230] Trial 128 finished with value: 104.41497098208697 and parameters: {'seed': 105, 'N': 4, 'n_neurons_1': 165, 'n_neurons_2': 146, 'n_neurons_3': 102, 'n_neurons_4': 90, 'Dropout': 0.08102726270070738, 'kernel_regularizer': 0.11574141889555545, 'learning_rate': 0.0009452683737850958, 'beta_1': 0.7598956995680963, 'min_delta': 13.13627158328613, 'batch_size': 16}. Best is trial 8 with value: 97.03100597906038.
A : MAE:  104.41497098208697
A : Best epoch:  26
A : Best epoch:  26
A : Best epoch:  28
A : Best epoch:  26
[I 2023-11-11 07:11:28,032] Trial 129 finished with value: 104.74335071023246 and parameters: {'seed': 101, 'N': 4, 'n_neurons_1': 162, 'n_neurons_2': 150, 'n_neurons_3': 105, 'n_neurons_4': 90, 'Dropout': 0.07361662180142498, 'kernel_regularizer': 0.12030608727516993, 'learning_rate': 0.0009716904263352132, 'beta_1': 0.7798862984692767, 'min_delta': 11.784197624247234, 'batch_size': 16}. Best is trial 8 with value: 97.03100597906038.
A : MAE:  104.74335071023246
[I 2023-11-11 07:12:07,500] Trial 130 finished with value: 106.8143743418729 and parameters: {'seed': 104, 'N': 3, 'n_neurons_1': 161, 'n_neurons_2': 148, 'n_neurons_3': 103, 'n_neurons_4': 80, 'Dropout': 0.07556029419662096, 'kernel_regularizer': 0.13978235989216348, 'learning_rate': 0.0009915301497261666, 'beta_1': 0.8254602687444603, 'min_delta': 12.791917273413722, 'batch_size': 64}. Best is trial 8 with value: 97.03100597906038.
A : Best epoch:  23
A : Best epoch:  24
A : Best epoch:  23
A : MAE:  106.8143743418729
A : Best epoch:  31
A : Best epoch:  32
A : Best epoch:  24
A : Best epoch:  24
[I 2023-11-11 07:13:52,345] Trial 131 finished with value: 105.40876606279812 and parameters: {'seed': 108, 'N': 4, 'n_neurons_1': 164, 'n_neurons_2': 152, 'n_neurons_3': 104, 'n_neurons_4': 87, 'Dropout': 0.0686814271197848, 'kernel_regularizer': 0.10347146223894785, 'learning_rate': 0.0009521324405691082, 'beta_1': 0.7769574957666029, 'min_delta': 14.316443895435649, 'batch_size': 16}. Best is trial 8 with value: 97.03100597906038.
A : MAE:  105.40876606279812
A : Best epoch:  20
A : Best epoch:  26
A : Best epoch:  38
A : Best epoch:  31
[I 2023-11-11 07:16:10,828] Trial 132 finished with value: 99.93350954818476 and parameters: {'seed': 100, 'N': 4, 'n_neurons_1': 162, 'n_neurons_2': 149, 'n_neurons_3': 102, 'n_neurons_4': 84, 'Dropout': 0.056330037285457935, 'kernel_regularizer': 0.10855112950216879, 'learning_rate': 0.0009308240899819572, 'beta_1': 0.7638386175331103, 'min_delta': 13.519216161268936, 'batch_size': 16}. Best is trial 8 with value: 97.03100597906038.
A : MAE:  99.93350954818476
A : Best epoch:  26
A : Best epoch:  40
A : Best epoch:  42
A : Best epoch:  31
[I 2023-11-11 07:18:29,414] Trial 133 finished with value: 101.50642186618494 and parameters: {'seed': 100, 'N': 4, 'n_neurons_1': 162, 'n_neurons_2': 149, 'n_neurons_3': 99, 'n_neurons_4': 84, 'Dropout': 0.05716157403976485, 'kernel_regularizer': 0.11061258814318944, 'learning_rate': 0.0009387159392192946, 'beta_1': 0.7586455861473695, 'min_delta': 13.505752894356487, 'batch_size': 16}. Best is trial 8 with value: 97.03100597906038.
A : MAE:  101.50642186618494
A : Best epoch:  30
A : Best epoch:  30
A : Best epoch:  23
A : Best epoch:  33
[I 2023-11-11 07:20:37,752] Trial 134 finished with value: 103.37986915739452 and parameters: {'seed': 117, 'N': 4, 'n_neurons_1': 160, 'n_neurons_2': 151, 'n_neurons_3': 101, 'n_neurons_4': 83, 'Dropout': 0.06099878068029588, 'kernel_regularizer': 0.11503212738166556, 'learning_rate': 0.0009292060106115804, 'beta_1': 0.752796675139835, 'min_delta': 13.06924063689246, 'batch_size': 16}. Best is trial 8 with value: 97.03100597906038.
A : MAE:  103.37986915739452
A : Best epoch:  12
A : Best epoch:  27
A : Best epoch:  41
A : Best epoch:  33
[I 2023-11-11 07:23:03,048] Trial 135 finished with value: 97.13573335547984 and parameters: {'seed': 104, 'N': 4, 'n_neurons_1': 163, 'n_neurons_2': 149, 'n_neurons_3': 102, 'n_neurons_4': 81, 'Dropout': 0.05359461549412352, 'kernel_regularizer': 0.10914950817118285, 'learning_rate': 0.0009637623998267131, 'beta_1': 0.7644928933459398, 'min_delta': 13.333324680093236, 'batch_size': 16}. Best is trial 8 with value: 97.03100597906038.
A : MAE:  97.13573335547984
A : Best epoch:  28
A : Best epoch:  30
A : Best epoch:  36
A : Best epoch:  30
[I 2023-11-11 07:25:31,615] Trial 136 finished with value: 98.6342909631186 and parameters: {'seed': 110, 'N': 4, 'n_neurons_1': 162, 'n_neurons_2': 144, 'n_neurons_3': 102, 'n_neurons_4': 82, 'Dropout': 0.055566851718591215, 'kernel_regularizer': 0.12405702642585882, 'learning_rate': 0.0010027362508781207, 'beta_1': 0.7636347879048775, 'min_delta': 13.807602658627028, 'batch_size': 16}. Best is trial 8 with value: 97.03100597906038.
A : MAE:  98.6342909631186
A : Best epoch:  37
A : Best epoch:  12
A : Best epoch:  20
A : Best epoch:  37
[I 2023-11-11 07:27:31,592] Trial 137 finished with value: 101.91073197084164 and parameters: {'seed': 110, 'N': 4, 'n_neurons_1': 163, 'n_neurons_2': 144, 'n_neurons_3': 102, 'n_neurons_4': 81, 'Dropout': 0.0540726734052131, 'kernel_regularizer': 0.12656603932464122, 'learning_rate': 0.001005552320533, 'beta_1': 0.7630651109299544, 'min_delta': 13.396219593387002, 'batch_size': 16}. Best is trial 8 with value: 97.03100597906038.
A : MAE:  101.91073197084164
A : Best epoch:  30
A : Best epoch:  30
A : Best epoch:  38
A : Best epoch:  34
[I 2023-11-11 07:29:35,434] Trial 138 finished with value: 107.31926087985981 and parameters: {'seed': 105, 'N': 4, 'n_neurons_1': 165, 'n_neurons_2': 146, 'n_neurons_3': 100, 'n_neurons_4': 82, 'Dropout': 0.050531252993233564, 'kernel_regularizer': 0.13203887524512833, 'learning_rate': 0.0009981330347826327, 'beta_1': 0.7723073530298508, 'min_delta': 13.851525690018535, 'batch_size': 16}. Best is trial 8 with value: 97.03100597906038.
A : MAE:  107.31926087985981
A : Best epoch:  38
A : Best epoch:  38
A : Best epoch:  41
A : Best epoch:  40
[I 2023-11-11 07:30:27,840] Trial 139 finished with value: 107.66933046518427 and parameters: {'seed': 147, 'N': 4, 'n_neurons_1': 158, 'n_neurons_2': 142, 'n_neurons_3': 121, 'n_neurons_4': 80, 'Dropout': 0.0567702016775914, 'kernel_regularizer': 0.12386310217675847, 'learning_rate': 0.0009641040051942664, 'beta_1': 0.7656017267543765, 'min_delta': 14.044841269548336, 'batch_size': 64}. Best is trial 8 with value: 97.03100597906038.
A : MAE:  107.66933046518427
A : Best epoch:  25
A : Best epoch:  28
A : Best epoch:  25
A : Best epoch:  38
A : Best epoch:  19
A : Best epoch:  38
[I 2023-11-11 07:33:34,709] Trial 140 finished with value: 102.36923054008432 and parameters: {'seed': 111, 'N': 6, 'n_neurons_1': 162, 'n_neurons_2': 148, 'n_neurons_3': 98, 'n_neurons_4': 83, 'Dropout': 0.05373087269832396, 'kernel_regularizer': 0.11848853246751559, 'learning_rate': 0.000987439957243417, 'beta_1': 0.7711351233900686, 'min_delta': 13.618287221365849, 'batch_size': 16}. Best is trial 8 with value: 97.03100597906038.
A : MAE:  102.36923054008432
A : Best epoch:  25
A : Best epoch:  36
A : Best epoch:  34
A : Best epoch:  30
[I 2023-11-11 07:35:40,870] Trial 141 finished with value: 101.36803290969418 and parameters: {'seed': 113, 'N': 4, 'n_neurons_1': 159, 'n_neurons_2': 133, 'n_neurons_3': 102, 'n_neurons_4': 81, 'Dropout': 0.059158533066088134, 'kernel_regularizer': 0.1128668219693604, 'learning_rate': 0.0011011076951458355, 'beta_1': 0.756341845889446, 'min_delta': 14.710738960606056, 'batch_size': 16}. Best is trial 8 with value: 97.03100597906038.
A : MAE:  101.36803290969418
A : Best epoch:  50
A : Best epoch:  30
A : Best epoch:  20
A : Best epoch:  44
[I 2023-11-11 07:37:57,278] Trial 142 finished with value: 97.94620406928514 and parameters: {'seed': 114, 'N': 4, 'n_neurons_1': 161, 'n_neurons_2': 144, 'n_neurons_3': 101, 'n_neurons_4': 85, 'Dropout': 0.06654868087464183, 'kernel_regularizer': 0.10994970048574872, 'learning_rate': 0.0011368215984508198, 'beta_1': 0.7622958272892895, 'min_delta': 13.278686055379467, 'batch_size': 16}. Best is trial 8 with value: 97.03100597906038.
A : MAE:  97.94620406928514
A : Best epoch:  35
A : Best epoch:  30
A : Best epoch:  9
A : Best epoch:  43
[I 2023-11-11 07:40:10,178] Trial 143 finished with value: 102.83316976763045 and parameters: {'seed': 114, 'N': 4, 'n_neurons_1': 161, 'n_neurons_2': 145, 'n_neurons_3': 101, 'n_neurons_4': 84, 'Dropout': 0.0500096146629702, 'kernel_regularizer': 0.1082859347591684, 'learning_rate': 0.001155807732336716, 'beta_1': 0.7634629233378946, 'min_delta': 13.236385501755116, 'batch_size': 16}. Best is trial 8 with value: 97.03100597906038.
A : MAE:  102.83316976763045
A : Best epoch:  18
A : Best epoch:  16
A : Best epoch:  24
A : Best epoch:  11
[I 2023-11-11 07:41:51,126] Trial 144 finished with value: 109.86432613952196 and parameters: {'seed': 109, 'N': 4, 'n_neurons_1': 164, 'n_neurons_2': 144, 'n_neurons_3': 99, 'n_neurons_4': 82, 'Dropout': 0.05500971762771491, 'kernel_regularizer': 0.1213104066229511, 'learning_rate': 0.0011292270217122822, 'beta_1': 0.7661427217993028, 'min_delta': 14.071735786848718, 'batch_size': 16}. Best is trial 8 with value: 97.03100597906038.
A : MAE:  109.86432613952196
A : Best epoch:  33
A : Best epoch:  37
A : Best epoch:  27
A : Best epoch:  31
[I 2023-11-11 07:44:02,490] Trial 145 finished with value: 102.72717621092696 and parameters: {'seed': 104, 'N': 4, 'n_neurons_1': 162, 'n_neurons_2': 142, 'n_neurons_3': 105, 'n_neurons_4': 83, 'Dropout': 0.06658860267512418, 'kernel_regularizer': 0.14641121236061436, 'learning_rate': 0.0010390141923588584, 'beta_1': 0.7599006527093444, 'min_delta': 12.540640209328684, 'batch_size': 16}. Best is trial 8 with value: 97.03100597906038.
A : MAE:  102.72717621092696
A : Best epoch:  26
A : Best epoch:  26
A : Best epoch:  30
A : Best epoch:  31
[I 2023-11-11 07:46:07,261] Trial 146 finished with value: 101.81561646232221 and parameters: {'seed': 100, 'N': 4, 'n_neurons_1': 161, 'n_neurons_2': 149, 'n_neurons_3': 102, 'n_neurons_4': 78, 'Dropout': 0.05778917275989841, 'kernel_regularizer': 0.11730316310391978, 'learning_rate': 0.0010731854989935012, 'beta_1': 0.7509824508231397, 'min_delta': 13.705134268199002, 'batch_size': 16}. Best is trial 8 with value: 97.03100597906038.
A : MAE:  101.81561646232221
A : Best epoch:  31
A : Best epoch:  31
A : Best epoch:  29
A : Best epoch:  30
[I 2023-11-11 07:48:11,781] Trial 147 finished with value: 106.1328947031364 and parameters: {'seed': 106, 'N': 4, 'n_neurons_1': 163, 'n_neurons_2': 140, 'n_neurons_3': 100, 'n_neurons_4': 81, 'Dropout': 0.0634240013112462, 'kernel_regularizer': 0.1543342959428804, 'learning_rate': 0.001015101863581844, 'beta_1': 0.770241851301743, 'min_delta': 13.267281173024012, 'batch_size': 16}. Best is trial 8 with value: 97.03100597906038.
A : MAE:  106.1328947031364
A : Best epoch:  30
A : Best epoch:  30
A : Best epoch:  30
A : Best epoch:  46
[I 2023-11-11 07:50:27,918] Trial 148 finished with value: 103.96601705711319 and parameters: {'seed': 117, 'N': 4, 'n_neurons_1': 160, 'n_neurons_2': 145, 'n_neurons_3': 103, 'n_neurons_4': 85, 'Dropout': 0.05979132239814499, 'kernel_regularizer': 0.10839274817297864, 'learning_rate': 0.0009764317421775409, 'beta_1': 0.7739308450396298, 'min_delta': 12.98498456090644, 'batch_size': 16}. Best is trial 8 with value: 97.03100597906038.
A : MAE:  103.96601705711319
A : Best epoch:  40
A : Best epoch:  33
A : Best epoch:  45
A : Best epoch:  19
[I 2023-11-11 07:52:54,197] Trial 149 finished with value: 104.07411903175704 and parameters: {'seed': 111, 'N': 4, 'n_neurons_1': 164, 'n_neurons_2': 147, 'n_neurons_3': 101, 'n_neurons_4': 87, 'Dropout': 0.06637930070136291, 'kernel_regularizer': 0.12794711884273308, 'learning_rate': 0.0009605303034937264, 'beta_1': 0.755336661191358, 'min_delta': 12.217208907390502, 'batch_size': 16}. Best is trial 8 with value: 97.03100597906038.
A : MAE:  104.07411903175704
A : Best epoch:  53
A : Best epoch:  28
A : Best epoch:  42
A : Best epoch:  25
A : Best epoch:  34
[I 2023-11-11 07:54:01,438] Trial 150 finished with value: 115.423365817881 and parameters: {'seed': 121, 'N': 5, 'n_neurons_1': 162, 'n_neurons_2': 146, 'n_neurons_3': 103, 'n_neurons_4': 82, 'Dropout': 0.08464766799558379, 'kernel_regularizer': 0.14251221555229854, 'learning_rate': 0.0009231668757914756, 'beta_1': 0.7629380926808284, 'min_delta': 13.74427967786477, 'batch_size': 64}. Best is trial 8 with value: 97.03100597906038.
A : MAE:  115.423365817881
A : Best epoch:  32
A : Best epoch:  32
A : Best epoch:  32
A : Best epoch:  32
[I 2023-11-11 07:56:08,901] Trial 151 finished with value: 97.50522252968076 and parameters: {'seed': 120, 'N': 4, 'n_neurons_1': 159, 'n_neurons_2': 144, 'n_neurons_3': 106, 'n_neurons_4': 85, 'Dropout': 0.06266767970187698, 'kernel_regularizer': 0.11378638358865406, 'learning_rate': 0.0011516157498693445, 'beta_1': 0.75918430446364, 'min_delta': 14.459316890964118, 'batch_size': 16}. Best is trial 8 with value: 97.03100597906038.
A : MAE:  97.50522252968076
A : Best epoch:  27
A : Best epoch:  10
A : Best epoch:  18
A : Best epoch:  27
[I 2023-11-11 07:58:05,139] Trial 152 finished with value: 106.59577378849507 and parameters: {'seed': 115, 'N': 4, 'n_neurons_1': 158, 'n_neurons_2': 141, 'n_neurons_3': 106, 'n_neurons_4': 85, 'Dropout': 0.06932787815245389, 'kernel_regularizer': 0.11554206120815858, 'learning_rate': 0.0011627368760865043, 'beta_1': 0.758099526290753, 'min_delta': 14.344367911930028, 'batch_size': 16}. Best is trial 8 with value: 97.03100597906038.
A : MAE:  106.59577378849507
A : Best epoch:  20
A : Best epoch:  24
A : Best epoch:  34
A : Best epoch:  23
[I 2023-11-11 07:59:58,063] Trial 153 finished with value: 101.93253134140869 and parameters: {'seed': 109, 'N': 4, 'n_neurons_1': 161, 'n_neurons_2': 144, 'n_neurons_3': 105, 'n_neurons_4': 79, 'Dropout': 0.056353635664621905, 'kernel_regularizer': 0.1223708152428241, 'learning_rate': 0.0011423843708840806, 'beta_1': 0.7660074019423384, 'min_delta': 14.59520549340883, 'batch_size': 16}. Best is trial 8 with value: 97.03100597906038.
A : MAE:  101.93253134140869
A : Best epoch:  26
A : Best epoch:  32
A : Best epoch:  32
A : Best epoch:  32
[I 2023-11-11 08:02:27,216] Trial 154 finished with value: 102.27006963107713 and parameters: {'seed': 120, 'N': 4, 'n_neurons_1': 159, 'n_neurons_2': 144, 'n_neurons_3': 102, 'n_neurons_4': 84, 'Dropout': 0.060886522311527004, 'kernel_regularizer': 0.1096261220152127, 'learning_rate': 0.0011231901853701338, 'beta_1': 0.7617933424931431, 'min_delta': 14.103773175209897, 'batch_size': 16}. Best is trial 8 with value: 97.03100597906038.
A : MAE:  102.27006963107713
A : Best epoch:  17
A : Best epoch:  23
A : Best epoch:  28
A : Best epoch:  47
[I 2023-11-11 08:04:25,814] Trial 155 finished with value: 102.75785712785562 and parameters: {'seed': 103, 'N': 4, 'n_neurons_1': 160, 'n_neurons_2': 145, 'n_neurons_3': 101, 'n_neurons_4': 74, 'Dropout': 0.05347283214589497, 'kernel_regularizer': 0.10272961878469956, 'learning_rate': 0.0010278833279113485, 'beta_1': 0.7678158180847856, 'min_delta': 13.5361719153022, 'batch_size': 16}. Best is trial 8 with value: 97.03100597906038.
A : MAE:  102.75785712785562
A : Best epoch:  32
A : Best epoch:  38
A : Best epoch:  38
A : Best epoch:  41
[I 2023-11-11 08:06:47,431] Trial 156 finished with value: 97.70440820112894 and parameters: {'seed': 117, 'N': 4, 'n_neurons_1': 163, 'n_neurons_2': 148, 'n_neurons_3': 104, 'n_neurons_4': 83, 'Dropout': 0.06332815095582987, 'kernel_regularizer': 0.11653447981967767, 'learning_rate': 0.0011724646032428665, 'beta_1': 0.7554067858465543, 'min_delta': 14.969107597854224, 'batch_size': 16}. Best is trial 8 with value: 97.03100597906038.
A : MAE:  97.70440820112894
A : Best epoch:  34
A : Best epoch:  37
A : Best epoch:  35
A : Best epoch:  19
[I 2023-11-11 08:08:55,500] Trial 157 finished with value: 104.51145455223899 and parameters: {'seed': 118, 'N': 4, 'n_neurons_1': 163, 'n_neurons_2': 143, 'n_neurons_3': 106, 'n_neurons_4': 83, 'Dropout': 0.06322149376796421, 'kernel_regularizer': 0.13664433794374484, 'learning_rate': 0.0011793344708086956, 'beta_1': 0.7536495970817293, 'min_delta': 14.886250893393782, 'batch_size': 16}. Best is trial 8 with value: 97.03100597906038.
A : MAE:  104.51145455223899
A : Best epoch:  24
A : Best epoch:  18
A : Best epoch:  34
A : Best epoch:  34
[I 2023-11-11 08:10:47,966] Trial 158 finished with value: 98.25123149805053 and parameters: {'seed': 113, 'N': 4, 'n_neurons_1': 164, 'n_neurons_2': 148, 'n_neurons_3': 126, 'n_neurons_4': 84, 'Dropout': 0.06651734281145148, 'kernel_regularizer': 0.1242050740669871, 'learning_rate': 0.001143337191363619, 'beta_1': 0.7568001112496148, 'min_delta': 15.068867946452809, 'batch_size': 16}. Best is trial 8 with value: 97.03100597906038.
A : MAE:  98.25123149805053
[I 2023-11-11 08:11:09,697] Trial 159 finished with value: 109.01420860598999 and parameters: {'seed': 197, 'N': 1, 'n_neurons_1': 164, 'n_neurons_2': 146, 'n_neurons_3': 126, 'n_neurons_4': 84, 'Dropout': 0.05877884930852601, 'kernel_regularizer': 0.12562894472466074, 'learning_rate': 0.001114365012215333, 'beta_1': 0.7567852811912499, 'min_delta': 15.195380839293165, 'batch_size': 16}. Best is trial 8 with value: 97.03100597906038.
A : Best epoch:  14
A : MAE:  109.01420860598999
A : Best epoch:  16
A : Best epoch:  16
A : Best epoch:  31
A : Best epoch:  31
