[I 2023-11-11 03:52:06,064] A new study created in memory with name: no-name-7b34338a-7ac9-4c6b-aa40-736f8d4bd4b2
A : Best epoch:  42
A : Best epoch:  23
A : Best epoch:  16
A : Best epoch:  24
A : Best epoch:  16
[I 2023-11-11 03:54:28,725] Trial 0 finished with value: 108.52780600462813 and parameters: {'seed': 123, 'N': 5, 'n_neurons_1': 155, 'n_neurons_2': 131, 'n_neurons_3': 118, 'n_neurons_4': 64, 'Dropout': 0.16671873062458703, 'kernel_regularizer': 0.21776166507523642, 'learning_rate': 0.0009562504720450707, 'beta_1': 0.8559382582400816, 'min_delta': 13.43260946190724, 'batch_size': 16}. Best is trial 0 with value: 108.52780600462813.
A : MAE:  108.52780600462813
A : Best epoch:  26
A : Best epoch:  22
A : Best epoch:  31
A : Best epoch:  26
A : Best epoch:  27
[I 2023-11-11 03:56:43,091] Trial 1 finished with value: 111.0949097564465 and parameters: {'seed': 141, 'N': 5, 'n_neurons_1': 160, 'n_neurons_2': 151, 'n_neurons_3': 91, 'n_neurons_4': 66, 'Dropout': 0.0943866068615935, 'kernel_regularizer': 0.16727608580028758, 'learning_rate': 0.000886189908553535, 'beta_1': 0.8194386686477827, 'min_delta': 14.016947727662043, 'batch_size': 16}. Best is trial 0 with value: 108.52780600462813.
A : MAE:  111.0949097564465
A : Best epoch:  25
A : Best epoch:  33
A : Best epoch:  23
[I 2023-11-11 03:58:02,585] Trial 2 finished with value: 110.09634037741897 and parameters: {'seed': 168, 'N': 3, 'n_neurons_1': 141, 'n_neurons_2': 154, 'n_neurons_3': 94, 'n_neurons_4': 75, 'Dropout': 0.07487810991273532, 'kernel_regularizer': 0.1767840903601175, 'learning_rate': 0.0011313608097161766, 'beta_1': 0.848810822624038, 'min_delta': 17.611329808958395, 'batch_size': 16}. Best is trial 0 with value: 108.52780600462813.
A : MAE:  110.09634037741897
[I 2023-11-11 03:58:53,042] Trial 3 finished with value: 110.19343003341322 and parameters: {'seed': 188, 'N': 2, 'n_neurons_1': 153, 'n_neurons_2': 131, 'n_neurons_3': 105, 'n_neurons_4': 66, 'Dropout': 0.08496308007861793, 'kernel_regularizer': 0.13927068510195642, 'learning_rate': 0.000972909995360649, 'beta_1': 0.7602235852923556, 'min_delta': 11.106608168962538, 'batch_size': 16}. Best is trial 0 with value: 108.52780600462813.
A : Best epoch:  29
A : Best epoch:  11
A : MAE:  110.19343003341322
A : Best epoch:  18
A : Best epoch:  31
A : Best epoch:  18
A : Best epoch:  44
A : Best epoch:  29
[I 2023-11-11 04:00:09,192] Trial 4 finished with value: 104.84855213402912 and parameters: {'seed': 158, 'N': 5, 'n_neurons_1': 168, 'n_neurons_2': 128, 'n_neurons_3': 109, 'n_neurons_4': 72, 'Dropout': 0.07236687237430205, 'kernel_regularizer': 0.054294373245248995, 'learning_rate': 0.0007533048492872627, 'beta_1': 0.7791995401958939, 'min_delta': 19.88321666682976, 'batch_size': 32}. Best is trial 4 with value: 104.84855213402912.
A : MAE:  104.84855213402912
[I 2023-11-11 04:00:26,439] Trial 5 finished with value: 113.97630100755838 and parameters: {'seed': 178, 'N': 1, 'n_neurons_1': 165, 'n_neurons_2': 134, 'n_neurons_3': 117, 'n_neurons_4': 62, 'Dropout': 0.11772428078680643, 'kernel_regularizer': 0.20532188373082677, 'learning_rate': 0.000929190354225354, 'beta_1': 0.7583644182747211, 'min_delta': 18.892980792845343, 'batch_size': 32}. Best is trial 4 with value: 104.84855213402912.
A : Best epoch:  34
A : MAE:  113.97630100755838
[I 2023-11-11 04:00:40,622] Trial 6 finished with value: 111.0329220894778 and parameters: {'seed': 161, 'N': 1, 'n_neurons_1': 170, 'n_neurons_2': 143, 'n_neurons_3': 127, 'n_neurons_4': 84, 'Dropout': 0.0671710698717686, 'kernel_regularizer': 0.09926573202265461, 'learning_rate': 0.0011785898628996418, 'beta_1': 0.7785241387969835, 'min_delta': 8.979625226232972, 'batch_size': 64}. Best is trial 4 with value: 104.84855213402912.
A : Best epoch:  35
A : MAE:  111.0329220894778
A : Best epoch:  18
A : Best epoch:  19
A : Best epoch:  31
A : Best epoch:  30
[I 2023-11-11 04:01:56,208] Trial 7 finished with value: 105.36555474050991 and parameters: {'seed': 176, 'N': 4, 'n_neurons_1': 173, 'n_neurons_2': 151, 'n_neurons_3': 103, 'n_neurons_4': 69, 'Dropout': 0.16560474231219674, 'kernel_regularizer': 0.1697901481697197, 'learning_rate': 0.001117473124454182, 'beta_1': 0.751636589272948, 'min_delta': 12.174825517823399, 'batch_size': 32}. Best is trial 4 with value: 104.84855213402912.
A : MAE:  105.36555474050991
[I 2023-11-11 04:02:15,596] Trial 8 finished with value: 97.03100597906038 and parameters: {'seed': 116, 'N': 1, 'n_neurons_1': 151, 'n_neurons_2': 140, 'n_neurons_3': 120, 'n_neurons_4': 81, 'Dropout': 0.09383093573944673, 'kernel_regularizer': 0.11773957743563133, 'learning_rate': 0.001016593414835498, 'beta_1': 0.8291904274779878, 'min_delta': 13.889451426029188, 'batch_size': 64}. Best is trial 8 with value: 97.03100597906038.
A : Best epoch:  50
A : MAE:  97.03100597906038
A : Best epoch:  25
A : Best epoch:  42
A : Best epoch:  12
A : Best epoch:  44
A : Best epoch:  26
[I 2023-11-11 04:03:47,738] Trial 9 finished with value: 106.02675084989738 and parameters: {'seed': 187, 'N': 5, 'n_neurons_1': 153, 'n_neurons_2': 160, 'n_neurons_3': 105, 'n_neurons_4': 86, 'Dropout': 0.15223814136829567, 'kernel_regularizer': 0.2112796490538013, 'learning_rate': 0.0010930891604856894, 'beta_1': 0.7560834578799281, 'min_delta': 16.846090333196138, 'batch_size': 32}. Best is trial 8 with value: 97.03100597906038.
A : MAE:  106.02675084989738
A : Best epoch:  78
A : Best epoch:  32
A : Best epoch:  42
[I 2023-11-11 04:04:45,578] Trial 10 finished with value: 107.63989056258757 and parameters: {'seed': 105, 'N': 3, 'n_neurons_1': 141, 'n_neurons_2': 120, 'n_neurons_3': 129, 'n_neurons_4': 81, 'Dropout': 0.18953964538959778, 'kernel_regularizer': 0.24472288814403753, 'learning_rate': 0.0010667180496615758, 'beta_1': 0.8918209086284016, 'min_delta': 6.010576278283087, 'batch_size': 64}. Best is trial 8 with value: 97.03100597906038.
A : MAE:  107.63989056258757
A : Best epoch:  27
A : Best epoch:  16
A : Best epoch:  28
A : Best epoch:  17
A : Best epoch:  42
A : Best epoch:  28
[I 2023-11-11 04:06:01,050] Trial 11 finished with value: 109.09393741433038 and parameters: {'seed': 141, 'N': 6, 'n_neurons_1': 179, 'n_neurons_2': 123, 'n_neurons_3': 115, 'n_neurons_4': 74, 'Dropout': 0.052269109793826186, 'kernel_regularizer': 0.05870651497506471, 'learning_rate': 0.0007754969221067626, 'beta_1': 0.8039228872515626, 'min_delta': 19.95922796563615, 'batch_size': 64}. Best is trial 8 with value: 97.03100597906038.
A : MAE:  109.09393741433038
A : Best epoch:  34
A : Best epoch:  29
A : Best epoch:  31
A : Best epoch:  23
[I 2023-11-11 04:06:45,061] Trial 12 finished with value: 111.37602529830757 and parameters: {'seed': 101, 'N': 4, 'n_neurons_1': 149, 'n_neurons_2': 140, 'n_neurons_3': 122, 'n_neurons_4': 80, 'Dropout': 0.10453405677523595, 'kernel_regularizer': 0.05492000556324224, 'learning_rate': 0.0007725361186029383, 'beta_1': 0.7929796949787248, 'min_delta': 16.413342586357242, 'batch_size': 64}. Best is trial 8 with value: 97.03100597906038.
A : MAE:  111.37602529830757
A : Best epoch:  12
A : Best epoch:  29
A : Best epoch:  21
A : Best epoch:  38
A : Best epoch:  26
A : Best epoch:  16
[I 2023-11-11 04:08:18,576] Trial 13 finished with value: 111.18028885315734 and parameters: {'seed': 123, 'N': 6, 'n_neurons_1': 163, 'n_neurons_2': 140, 'n_neurons_3': 111, 'n_neurons_4': 89, 'Dropout': 0.10793415635292289, 'kernel_regularizer': 0.10316904363097659, 'learning_rate': 0.0010321541980078015, 'beta_1': 0.8190721151506931, 'min_delta': 15.637202968107134, 'batch_size': 32}. Best is trial 8 with value: 97.03100597906038.
A : MAE:  111.18028885315734
[I 2023-11-11 04:08:43,993] Trial 14 finished with value: 114.20855595001711 and parameters: {'seed': 153, 'N': 2, 'n_neurons_1': 147, 'n_neurons_2': 126, 'n_neurons_3': 100, 'n_neurons_4': 72, 'Dropout': 0.13250004690076894, 'kernel_regularizer': 0.08846070330925171, 'learning_rate': 0.0008557431990054712, 'beta_1': 0.7838983519043874, 'min_delta': 19.88492088248099, 'batch_size': 64}. Best is trial 8 with value: 97.03100597906038.
A : Best epoch:  33
A : Best epoch:  33
A : MAE:  114.20855595001711
[I 2023-11-11 04:09:12,628] Trial 15 finished with value: 110.80489970778859 and parameters: {'seed': 123, 'N': 2, 'n_neurons_1': 171, 'n_neurons_2': 144, 'n_neurons_3': 112, 'n_neurons_4': 78, 'Dropout': 0.05010038306366209, 'kernel_regularizer': 0.13005606105311693, 'learning_rate': 0.0010202056661026823, 'beta_1': 0.803524009140163, 'min_delta': 17.972110218825062, 'batch_size': 32}. Best is trial 8 with value: 97.03100597906038.
A : Best epoch:  16
A : Best epoch:  24
A : MAE:  110.80489970778859
A : Best epoch:  47
A : Best epoch:  31
A : Best epoch:  47
A : Best epoch:  29
[I 2023-11-11 04:10:08,069] Trial 16 finished with value: 109.24274683808159 and parameters: {'seed': 140, 'N': 4, 'n_neurons_1': 159, 'n_neurons_2': 135, 'n_neurons_3': 121, 'n_neurons_4': 71, 'Dropout': 0.08857130658871405, 'kernel_regularizer': 0.07321336499843634, 'learning_rate': 0.0008336401467048729, 'beta_1': 0.8324619214533603, 'min_delta': 15.276038269416174, 'batch_size': 64}. Best is trial 8 with value: 97.03100597906038.
A : MAE:  109.24274683808159
A : Best epoch:  22
A : Best epoch:  41
A : Best epoch:  19
[I 2023-11-11 04:11:05,290] Trial 17 finished with value: 107.17027189026666 and parameters: {'seed': 154, 'N': 3, 'n_neurons_1': 180, 'n_neurons_2': 127, 'n_neurons_3': 124, 'n_neurons_4': 77, 'Dropout': 0.06950797205895604, 'kernel_regularizer': 0.11673906570484768, 'learning_rate': 0.0009261222791411251, 'beta_1': 0.7834946225125906, 'min_delta': 14.471081488087506, 'batch_size': 32}. Best is trial 8 with value: 97.03100597906038.
A : MAE:  107.17027189026666
A : Best epoch:  39
A : Best epoch:  31
A : Best epoch:  26
A : Best epoch:  39
A : Best epoch:  31
[I 2023-11-11 04:12:08,636] Trial 18 finished with value: 109.39856877763579 and parameters: {'seed': 114, 'N': 5, 'n_neurons_1': 166, 'n_neurons_2': 138, 'n_neurons_3': 109, 'n_neurons_4': 84, 'Dropout': 0.09660322775447897, 'kernel_regularizer': 0.08072831571706683, 'learning_rate': 0.0007514409435118337, 'beta_1': 0.8347028549559278, 'min_delta': 17.62774583434722, 'batch_size': 64}. Best is trial 8 with value: 97.03100597906038.
A : MAE:  109.39856877763579
[I 2023-11-11 04:12:25,386] Trial 19 finished with value: 106.1583893809943 and parameters: {'seed': 200, 'N': 1, 'n_neurons_1': 147, 'n_neurons_2': 146, 'n_neurons_3': 97, 'n_neurons_4': 81, 'Dropout': 0.1248977486132415, 'kernel_regularizer': 0.1141527444263604, 'learning_rate': 0.0010153372974066367, 'beta_1': 0.7730648073562854, 'min_delta': 15.803128074895536, 'batch_size': 32}. Best is trial 8 with value: 97.03100597906038.
A : Best epoch:  30
A : MAE:  106.1583893809943
A : Best epoch:  17
A : Best epoch:  37
A : Best epoch:  21
A : Best epoch:  17
A : Best epoch:  40
A : Best epoch:  14
[I 2023-11-11 04:13:34,125] Trial 20 finished with value: 109.53327971359985 and parameters: {'seed': 133, 'N': 6, 'n_neurons_1': 158, 'n_neurons_2': 129, 'n_neurons_3': 108, 'n_neurons_4': 60, 'Dropout': 0.07679064928833246, 'kernel_regularizer': 0.07628751703658385, 'learning_rate': 0.0008129825143486358, 'beta_1': 0.804734804864781, 'min_delta': 12.099248203370479, 'batch_size': 64}. Best is trial 8 with value: 97.03100597906038.
A : MAE:  109.53327971359985
A : Best epoch:  38
A : Best epoch:  40
A : Best epoch:  28
A : Best epoch:  28
[I 2023-11-11 04:14:58,452] Trial 21 finished with value: 98.95061042081178 and parameters: {'seed': 169, 'N': 4, 'n_neurons_1': 174, 'n_neurons_2': 149, 'n_neurons_3': 102, 'n_neurons_4': 69, 'Dropout': 0.13386949481349902, 'kernel_regularizer': 0.15235780122434558, 'learning_rate': 0.00111155212339737, 'beta_1': 0.7684910494577689, 'min_delta': 11.955279745107743, 'batch_size': 32}. Best is trial 8 with value: 97.03100597906038.
A : MAE:  98.95061042081178
A : Best epoch:  30
A : Best epoch:  21
A : Best epoch:  41
A : Best epoch:  41
[I 2023-11-11 04:16:14,588] Trial 22 finished with value: 104.66894738031773 and parameters: {'seed': 162, 'N': 4, 'n_neurons_1': 175, 'n_neurons_2': 148, 'n_neurons_3': 102, 'n_neurons_4': 69, 'Dropout': 0.11121267870651667, 'kernel_regularizer': 0.13929262488137142, 'learning_rate': 0.0008950668660857867, 'beta_1': 0.7702211654146961, 'min_delta': 14.058896461235888, 'batch_size': 32}. Best is trial 8 with value: 97.03100597906038.
A : MAE:  104.66894738031773
A : Best epoch:  23
A : Best epoch:  17
A : Best epoch:  17
A : Best epoch:  38
[I 2023-11-11 04:17:30,384] Trial 23 finished with value: 107.91213795408844 and parameters: {'seed': 165, 'N': 4, 'n_neurons_1': 174, 'n_neurons_2': 148, 'n_neurons_3': 101, 'n_neurons_4': 68, 'Dropout': 0.1356064584735943, 'kernel_regularizer': 0.14918109189370155, 'learning_rate': 0.0010019948896143182, 'beta_1': 0.7627420937578566, 'min_delta': 13.23650134676471, 'batch_size': 32}. Best is trial 8 with value: 97.03100597906038.
A : MAE:  107.91213795408844
[I 2023-11-11 04:18:38,623] Trial 24 finished with value: 103.46606800436756 and parameters: {'seed': 174, 'N': 3, 'n_neurons_1': 176, 'n_neurons_2': 159, 'n_neurons_3': 97, 'n_neurons_4': 69, 'Dropout': 0.11387902743564314, 'kernel_regularizer': 0.12819394772465725, 'learning_rate': 0.0010577247269567373, 'beta_1': 0.7680155020521328, 'min_delta': 14.567120298361406, 'batch_size': 32}. Best is trial 8 with value: 97.03100597906038.
A : Best epoch:  43
A : Best epoch:  43
A : Best epoch:  30
A : MAE:  103.46606800436756
[I 2023-11-11 04:19:21,727] Trial 25 finished with value: 107.02345025261496 and parameters: {'seed': 174, 'N': 2, 'n_neurons_1': 179, 'n_neurons_2': 160, 'n_neurons_3': 97, 'n_neurons_4': 75, 'Dropout': 0.11952526784360033, 'kernel_regularizer': 0.12682604537165937, 'learning_rate': 0.001059202173289443, 'beta_1': 0.7929555482579268, 'min_delta': 11.344434696721247, 'batch_size': 32}. Best is trial 8 with value: 97.03100597906038.
A : Best epoch:  30
A : Best epoch:  31
A : MAE:  107.02345025261496
A : Best epoch:  31
A : Best epoch:  26
A : Best epoch:  8
[I 2023-11-11 04:20:08,777] Trial 26 finished with value: 108.68742094525672 and parameters: {'seed': 185, 'N': 3, 'n_neurons_1': 177, 'n_neurons_2': 156, 'n_neurons_3': 91, 'n_neurons_4': 66, 'Dropout': 0.10267172442844762, 'kernel_regularizer': 0.15513692867156248, 'learning_rate': 0.0010582634501167293, 'beta_1': 0.751529405660311, 'min_delta': 14.972074428253103, 'batch_size': 32}. Best is trial 8 with value: 97.03100597906038.
A : MAE:  108.68742094525672
[I 2023-11-11 04:20:43,708] Trial 27 finished with value: 111.86894577529213 and parameters: {'seed': 200, 'N': 2, 'n_neurons_1': 163, 'n_neurons_2': 156, 'n_neurons_3': 97, 'n_neurons_4': 78, 'Dropout': 0.1349642360048138, 'kernel_regularizer': 0.11521966059280828, 'learning_rate': 0.0011478817858973222, 'beta_1': 0.7675147081546978, 'min_delta': 13.163633186839796, 'batch_size': 32}. Best is trial 8 with value: 97.03100597906038.
A : Best epoch:  30
A : Best epoch:  30
A : MAE:  111.86894577529213
[I 2023-11-11 04:21:15,859] Trial 28 finished with value: 107.74362715473706 and parameters: {'seed': 170, 'N': 1, 'n_neurons_1': 170, 'n_neurons_2': 152, 'n_neurons_3': 94, 'n_neurons_4': 71, 'Dropout': 0.11485787384557064, 'kernel_regularizer': 0.09960881307592094, 'learning_rate': 0.0011934020563805936, 'beta_1': 0.7695490372837319, 'min_delta': 10.391866159559516, 'batch_size': 16}. Best is trial 8 with value: 97.03100597906038.
A : Best epoch:  30
A : MAE:  107.74362715473706
[I 2023-11-11 04:21:48,589] Trial 29 finished with value: 111.08031122417455 and parameters: {'seed': 131, 'N': 3, 'n_neurons_1': 156, 'n_neurons_2': 157, 'n_neurons_3': 116, 'n_neurons_4': 63, 'Dropout': 0.14704097498259916, 'kernel_regularizer': 0.1534744523921645, 'learning_rate': 0.001094412091733291, 'beta_1': 0.7921817780614598, 'min_delta': 13.06548570767575, 'batch_size': 64}. Best is trial 8 with value: 97.03100597906038.
A : Best epoch:  19
A : Best epoch:  20
A : Best epoch:  34
A : MAE:  111.08031122417455
A : Best epoch:  20
A : Best epoch:  20
A : Best epoch:  19
A : Best epoch:  26
[I 2023-11-11 04:24:09,715] Trial 30 finished with value: 110.24162932338096 and parameters: {'seed': 147, 'N': 4, 'n_neurons_1': 150, 'n_neurons_2': 143, 'n_neurons_3': 106, 'n_neurons_4': 65, 'Dropout': 0.1226072984205935, 'kernel_regularizer': 0.18525243516340822, 'learning_rate': 0.0009887243989542488, 'beta_1': 0.8134628843251853, 'min_delta': 14.369330608279506, 'batch_size': 16}. Best is trial 8 with value: 97.03100597906038.
A : MAE:  110.24162932338096
A : Best epoch:  25
A : Best epoch:  25
A : Best epoch:  39
A : Best epoch:  41
[I 2023-11-11 04:25:31,186] Trial 31 finished with value: 102.13500484225564 and parameters: {'seed': 162, 'N': 4, 'n_neurons_1': 175, 'n_neurons_2': 148, 'n_neurons_3': 100, 'n_neurons_4': 68, 'Dropout': 0.11385756415863865, 'kernel_regularizer': 0.136725280422699, 'learning_rate': 0.000960365105626978, 'beta_1': 0.7668950509016338, 'min_delta': 14.047683743634584, 'batch_size': 32}. Best is trial 8 with value: 97.03100597906038.
A : MAE:  102.13500484225564
A : Best epoch:  45
A : Best epoch:  19
A : Best epoch:  25
A : Best epoch:  45
A : Best epoch:  34
[I 2023-11-11 04:27:17,404] Trial 32 finished with value: 104.03564093684642 and parameters: {'seed': 180, 'N': 5, 'n_neurons_1': 176, 'n_neurons_2': 149, 'n_neurons_3': 94, 'n_neurons_4': 67, 'Dropout': 0.09923600469125582, 'kernel_regularizer': 0.13248973543766485, 'learning_rate': 0.0009656880994305968, 'beta_1': 0.7627931859050571, 'min_delta': 14.06630106690034, 'batch_size': 32}. Best is trial 8 with value: 97.03100597906038.
A : MAE:  104.03564093684642
[I 2023-11-11 04:28:13,390] Trial 33 finished with value: 105.71049372637734 and parameters: {'seed': 147, 'N': 3, 'n_neurons_1': 177, 'n_neurons_2': 145, 'n_neurons_3': 99, 'n_neurons_4': 70, 'Dropout': 0.11091730239364038, 'kernel_regularizer': 0.16259013089843918, 'learning_rate': 0.0010346878786841687, 'beta_1': 0.777613387048422, 'min_delta': 13.49594276998943, 'batch_size': 32}. Best is trial 8 with value: 97.03100597906038.
A : Best epoch:  38
A : Best epoch:  16
A : Best epoch:  37
A : MAE:  105.71049372637734
A : Best epoch:  12
A : Best epoch:  27
A : Best epoch:  23
A : Best epoch:  23
[I 2023-11-11 04:30:15,682] Trial 34 finished with value: 107.30910135965009 and parameters: {'seed': 171, 'N': 4, 'n_neurons_1': 172, 'n_neurons_2': 153, 'n_neurons_3': 91, 'n_neurons_4': 73, 'Dropout': 0.0934554381023967, 'kernel_regularizer': 0.14235493312363354, 'learning_rate': 0.0009994192614047204, 'beta_1': 0.7503943972882349, 'min_delta': 15.057161638443167, 'batch_size': 16}. Best is trial 8 with value: 97.03100597906038.
A : MAE:  107.30910135965009
[I 2023-11-11 04:31:05,573] Trial 35 finished with value: 109.7641809831552 and parameters: {'seed': 193, 'N': 3, 'n_neurons_1': 167, 'n_neurons_2': 137, 'n_neurons_3': 104, 'n_neurons_4': 63, 'Dropout': 0.08639297575750442, 'kernel_regularizer': 0.12407426610469384, 'learning_rate': 0.0009568008402250679, 'beta_1': 0.7693575672189513, 'min_delta': 12.586798074566268, 'batch_size': 32}. Best is trial 8 with value: 97.03100597906038.
A : Best epoch:  23
A : Best epoch:  29
A : Best epoch:  26
A : MAE:  109.7641809831552
A : Best epoch:  17
A : Best epoch:  29
A : Best epoch:  29
A : Best epoch:  19
A : Best epoch:  24
[I 2023-11-11 04:32:30,693] Trial 36 finished with value: 106.86637943479299 and parameters: {'seed': 158, 'N': 5, 'n_neurons_1': 142, 'n_neurons_2': 150, 'n_neurons_3': 98, 'n_neurons_4': 60, 'Dropout': 0.12637875033781365, 'kernel_regularizer': 0.14945575097227182, 'learning_rate': 0.0009775156087433008, 'beta_1': 0.7619055634442676, 'min_delta': 16.31393557584713, 'batch_size': 32}. Best is trial 8 with value: 97.03100597906038.
A : MAE:  106.86637943479299
A : Best epoch:  22
A : Best epoch:  20
A : Best epoch:  22
A : Best epoch:  22
[I 2023-11-11 04:34:17,770] Trial 37 finished with value: 105.42078263083671 and parameters: {'seed': 166, 'N': 4, 'n_neurons_1': 162, 'n_neurons_2': 142, 'n_neurons_3': 113, 'n_neurons_4': 76, 'Dropout': 0.1048773331947905, 'kernel_regularizer': 0.14002733059227102, 'learning_rate': 0.0009402470011505413, 'beta_1': 0.7860404881998496, 'min_delta': 14.55722336170279, 'batch_size': 16}. Best is trial 8 with value: 97.03100597906038.
A : MAE:  105.42078263083671
[I 2023-11-11 04:34:47,276] Trial 38 finished with value: 111.67590417449594 and parameters: {'seed': 181, 'N': 2, 'n_neurons_1': 168, 'n_neurons_2': 132, 'n_neurons_3': 95, 'n_neurons_4': 67, 'Dropout': 0.11559641379798762, 'kernel_regularizer': 0.18384737804965226, 'learning_rate': 0.001043429408034492, 'beta_1': 0.7777965418962802, 'min_delta': 12.429857953758155, 'batch_size': 32}. Best is trial 8 with value: 97.03100597906038.
A : Best epoch:  22
A : Best epoch:  27
A : MAE:  111.67590417449594
A : Best epoch:  30
A : Best epoch:  23
A : Best epoch:  19
A : Best epoch:  23
A : Best epoch:  41
[I 2023-11-11 04:36:01,762] Trial 39 finished with value: 110.30407495664214 and parameters: {'seed': 117, 'N': 5, 'n_neurons_1': 144, 'n_neurons_2': 154, 'n_neurons_3': 120, 'n_neurons_4': 65, 'Dropout': 0.09589545932165383, 'kernel_regularizer': 0.15978626667498075, 'learning_rate': 0.0010837454311050502, 'beta_1': 0.759894993570389, 'min_delta': 13.552631134079538, 'batch_size': 32}. Best is trial 8 with value: 97.03100597906038.
A : MAE:  110.30407495664214
