[I 2023-11-11 08:13:17,830] Trial 160 finished with value: 103.50737367626061 and parameters: {'seed': 123, 'N': 4, 'n_neurons_1': 162, 'n_neurons_2': 147, 'n_neurons_3': 130, 'n_neurons_4': 83, 'Dropout': 0.06640686745338703, 'kernel_regularizer': 0.13017664169639268, 'learning_rate': 0.0011320548713213833, 'beta_1': 0.7502724433242416, 'min_delta': 14.921960816466594, 'batch_size': 16}. Best is trial 8 with value: 97.03100597906038.
A : MAE:  103.50737367626061
A : Best epoch:  20
A : Best epoch:  29
A : Best epoch:  29
A : Best epoch:  43
[I 2023-11-11 08:15:41,051] Trial 161 finished with value: 104.00776363566953 and parameters: {'seed': 114, 'N': 4, 'n_neurons_1': 166, 'n_neurons_2': 150, 'n_neurons_3': 122, 'n_neurons_4': 85, 'Dropout': 0.0627097630067651, 'kernel_regularizer': 0.11856063233358034, 'learning_rate': 0.0011428065169649963, 'beta_1': 0.7583803267569665, 'min_delta': 14.486274692342791, 'batch_size': 16}. Best is trial 8 with value: 97.03100597906038.
A : MAE:  104.00776363566953
A : Best epoch:  28
A : Best epoch:  11
A : Best epoch:  20
A : Best epoch:  23
[I 2023-11-11 08:17:26,193] Trial 162 finished with value: 106.04644088452967 and parameters: {'seed': 116, 'N': 4, 'n_neurons_1': 164, 'n_neurons_2': 143, 'n_neurons_3': 104, 'n_neurons_4': 82, 'Dropout': 0.05602115492573804, 'kernel_regularizer': 0.12137397709670271, 'learning_rate': 0.001153200073704483, 'beta_1': 0.7546965243707217, 'min_delta': 14.623264677919602, 'batch_size': 16}. Best is trial 8 with value: 97.03100597906038.
A : MAE:  106.04644088452967
A : Best epoch:  8
A : Best epoch:  18
A : Best epoch:  8
A : Best epoch:  13
[I 2023-11-11 08:18:59,512] Trial 163 finished with value: 106.15396093681883 and parameters: {'seed': 112, 'N': 4, 'n_neurons_1': 165, 'n_neurons_2': 148, 'n_neurons_3': 112, 'n_neurons_4': 86, 'Dropout': 0.13127391861528792, 'kernel_regularizer': 0.1149479128901969, 'learning_rate': 0.0011071365458823485, 'beta_1': 0.7637223727214941, 'min_delta': 15.359928189177092, 'batch_size': 16}. Best is trial 8 with value: 97.03100597906038.
A : MAE:  106.15396093681883
A : Best epoch:  32
A : Best epoch:  32
A : Best epoch:  14
A : Best epoch:  21
[I 2023-11-11 08:21:15,524] Trial 164 finished with value: 102.33999509517311 and parameters: {'seed': 119, 'N': 4, 'n_neurons_1': 161, 'n_neurons_2': 148, 'n_neurons_3': 103, 'n_neurons_4': 83, 'Dropout': 0.07679485307634723, 'kernel_regularizer': 0.1233880624327261, 'learning_rate': 0.0011701203914901341, 'beta_1': 0.7851229783842273, 'min_delta': 14.100266923584991, 'batch_size': 16}. Best is trial 8 with value: 97.03100597906038.
A : MAE:  102.33999509517311
A : Best epoch:  22
A : Best epoch:  47
A : Best epoch:  23
A : Best epoch:  33
[I 2023-11-11 08:23:18,627] Trial 165 finished with value: 99.70925071690851 and parameters: {'seed': 135, 'N': 4, 'n_neurons_1': 140, 'n_neurons_2': 149, 'n_neurons_3': 115, 'n_neurons_4': 84, 'Dropout': 0.052582209229961006, 'kernel_regularizer': 0.13286383614732022, 'learning_rate': 0.001139535549646647, 'beta_1': 0.7702936360558003, 'min_delta': 15.781777452529312, 'batch_size': 16}. Best is trial 8 with value: 97.03100597906038.
A : MAE:  99.70925071690851
A : Best epoch:  37
A : Best epoch:  33
A : Best epoch:  23
A : Best epoch:  23
[I 2023-11-11 08:25:33,336] Trial 166 finished with value: 101.7150124028202 and parameters: {'seed': 135, 'N': 4, 'n_neurons_1': 146, 'n_neurons_2': 150, 'n_neurons_3': 122, 'n_neurons_4': 84, 'Dropout': 0.05259642162513519, 'kernel_regularizer': 0.13300994492190232, 'learning_rate': 0.001178938800315708, 'beta_1': 0.7604297138314423, 'min_delta': 15.569116968190507, 'batch_size': 16}. Best is trial 8 with value: 97.03100597906038.
A : MAE:  101.7150124028202
A : Best epoch:  14
A : Best epoch:  19
A : Best epoch:  31
A : Best epoch:  19
[I 2023-11-11 08:27:10,361] Trial 167 finished with value: 109.63171404391382 and parameters: {'seed': 138, 'N': 4, 'n_neurons_1': 144, 'n_neurons_2': 149, 'n_neurons_3': 127, 'n_neurons_4': 81, 'Dropout': 0.05012659558717453, 'kernel_regularizer': 0.13702603550348533, 'learning_rate': 0.0011373528655028151, 'beta_1': 0.7691264013137639, 'min_delta': 15.688271470108933, 'batch_size': 16}. Best is trial 8 with value: 97.03100597906038.
A : MAE:  109.63171404391382
A : Best epoch:  33
A : Best epoch:  33
A : Best epoch:  40
A : Best epoch:  15
[I 2023-11-11 08:27:53,130] Trial 168 finished with value: 114.67894781352356 and parameters: {'seed': 144, 'N': 4, 'n_neurons_1': 162, 'n_neurons_2': 122, 'n_neurons_3': 116, 'n_neurons_4': 84, 'Dropout': 0.055809138288869235, 'kernel_regularizer': 0.12836831422405826, 'learning_rate': 0.0011484235420670004, 'beta_1': 0.7652532636963838, 'min_delta': 14.992218747721767, 'batch_size': 64}. Best is trial 8 with value: 97.03100597906038.
A : MAE:  114.67894781352356
[I 2023-11-11 08:29:09,146] Trial 169 finished with value: 107.40817758949184 and parameters: {'seed': 116, 'N': 3, 'n_neurons_1': 157, 'n_neurons_2': 143, 'n_neurons_3': 119, 'n_neurons_4': 85, 'Dropout': 0.060751865952889554, 'kernel_regularizer': 0.14942825521501232, 'learning_rate': 0.0011216719722756203, 'beta_1': 0.7536621816006299, 'min_delta': 15.791242422947626, 'batch_size': 16}. Best is trial 8 with value: 97.03100597906038.
A : Best epoch:  11
A : Best epoch:  23
A : Best epoch:  20
A : MAE:  107.40817758949184
A : Best epoch:  34
A : Best epoch:  30
A : Best epoch:  30
A : Best epoch:  24
[I 2023-11-11 08:31:08,500] Trial 170 finished with value: 97.37002245731249 and parameters: {'seed': 113, 'N': 4, 'n_neurons_1': 161, 'n_neurons_2': 147, 'n_neurons_3': 115, 'n_neurons_4': 61, 'Dropout': 0.053544426653295334, 'kernel_regularizer': 0.11770453935605875, 'learning_rate': 0.0011367678717650145, 'beta_1': 0.7571951222765515, 'min_delta': 15.167097299648473, 'batch_size': 16}. Best is trial 8 with value: 97.03100597906038.
A : MAE:  97.37002245731249
A : Best epoch:  30
A : Best epoch:  53
A : Best epoch:  25
A : Best epoch:  34
[I 2023-11-11 08:33:11,242] Trial 171 finished with value: 98.68874293194118 and parameters: {'seed': 113, 'N': 4, 'n_neurons_1': 142, 'n_neurons_2': 147, 'n_neurons_3': 114, 'n_neurons_4': 61, 'Dropout': 0.05279852791297139, 'kernel_regularizer': 0.11840459160068736, 'learning_rate': 0.0011307615132528789, 'beta_1': 0.7570133998239893, 'min_delta': 15.292713085037713, 'batch_size': 16}. Best is trial 8 with value: 97.03100597906038.
A : MAE:  98.68874293194118
A : Best epoch:  38
A : Best epoch:  34
A : Best epoch:  30
A : Best epoch:  30
[I 2023-11-11 08:35:31,030] Trial 172 finished with value: 97.87366920429837 and parameters: {'seed': 113, 'N': 4, 'n_neurons_1': 140, 'n_neurons_2': 146, 'n_neurons_3': 114, 'n_neurons_4': 61, 'Dropout': 0.05873683092690599, 'kernel_regularizer': 0.11350668698832897, 'learning_rate': 0.0011382416823261497, 'beta_1': 0.7571033513611877, 'min_delta': 15.263876334723697, 'batch_size': 16}. Best is trial 8 with value: 97.03100597906038.
A : MAE:  97.87366920429837
A : Best epoch:  19
A : Best epoch:  34
A : Best epoch:  36
A : Best epoch:  21
[I 2023-11-11 08:37:15,636] Trial 173 finished with value: 104.32159796349706 and parameters: {'seed': 113, 'N': 4, 'n_neurons_1': 140, 'n_neurons_2': 147, 'n_neurons_3': 113, 'n_neurons_4': 86, 'Dropout': 0.059291111093230035, 'kernel_regularizer': 0.12430061274598105, 'learning_rate': 0.001135344117998048, 'beta_1': 0.7526423388698924, 'min_delta': 16.391075226988736, 'batch_size': 16}. Best is trial 8 with value: 97.03100597906038.
A : MAE:  104.32159796349706
A : Best epoch:  45
A : Best epoch:  42
A : Best epoch:  33
A : Best epoch:  31
[I 2023-11-11 08:39:31,803] Trial 174 finished with value: 104.04098974799597 and parameters: {'seed': 115, 'N': 4, 'n_neurons_1': 163, 'n_neurons_2': 145, 'n_neurons_3': 114, 'n_neurons_4': 61, 'Dropout': 0.05365514630943436, 'kernel_regularizer': 0.11353438675340798, 'learning_rate': 0.0011296808655396845, 'beta_1': 0.7574384895871004, 'min_delta': 15.252112661458723, 'batch_size': 16}. Best is trial 8 with value: 97.03100597906038.
A : MAE:  104.04098974799597
A : Best epoch:  43
A : Best epoch:  27
A : Best epoch:  29
A : Best epoch:  29
[I 2023-11-11 08:41:21,398] Trial 175 finished with value: 101.86423035461279 and parameters: {'seed': 142, 'N': 4, 'n_neurons_1': 141, 'n_neurons_2': 146, 'n_neurons_3': 116, 'n_neurons_4': 61, 'Dropout': 0.06467252502405835, 'kernel_regularizer': 0.11837194503589699, 'learning_rate': 0.0011452111741038192, 'beta_1': 0.7506543813607591, 'min_delta': 16.075757901081616, 'batch_size': 16}. Best is trial 8 with value: 97.03100597906038.
A : MAE:  101.86423035461279
A : Best epoch:  31
A : Best epoch:  11
A : Best epoch:  33
A : Best epoch:  36
[I 2023-11-11 08:43:13,573] Trial 176 finished with value: 106.33354430456413 and parameters: {'seed': 118, 'N': 4, 'n_neurons_1': 140, 'n_neurons_2': 146, 'n_neurons_3': 115, 'n_neurons_4': 60, 'Dropout': 0.058184777857548824, 'kernel_regularizer': 0.13140612618095343, 'learning_rate': 0.0011597823597147522, 'beta_1': 0.7557527598944396, 'min_delta': 15.477761203765525, 'batch_size': 16}. Best is trial 8 with value: 97.03100597906038.
A : MAE:  106.33354430456413
A : Best epoch:  38
A : Best epoch:  48
A : Best epoch:  38
A : Best epoch:  36
[I 2023-11-11 08:45:27,202] Trial 177 finished with value: 97.19220984491821 and parameters: {'seed': 113, 'N': 4, 'n_neurons_1': 142, 'n_neurons_2': 145, 'n_neurons_3': 114, 'n_neurons_4': 63, 'Dropout': 0.08839071863183899, 'kernel_regularizer': 0.1400790708113107, 'learning_rate': 0.0011209344203108637, 'beta_1': 0.7595725288913727, 'min_delta': 15.149130037525993, 'batch_size': 16}. Best is trial 8 with value: 97.03100597906038.
A : MAE:  97.19220984491821
[I 2023-11-11 08:46:21,346] Trial 178 finished with value: 103.1640286717327 and parameters: {'seed': 113, 'N': 2, 'n_neurons_1': 140, 'n_neurons_2': 145, 'n_neurons_3': 115, 'n_neurons_4': 63, 'Dropout': 0.10306583921477075, 'kernel_regularizer': 0.14073924806528446, 'learning_rate': 0.001120572824896488, 'beta_1': 0.7603681452430577, 'min_delta': 15.881946948321819, 'batch_size': 16}. Best is trial 8 with value: 97.03100597906038.
A : Best epoch:  36
A : Best epoch:  14
A : MAE:  103.1640286717327
A : Best epoch:  18
A : Best epoch:  25
A : Best epoch:  25
A : Best epoch:  18
[I 2023-11-11 08:47:49,176] Trial 179 finished with value: 113.44253003461684 and parameters: {'seed': 111, 'N': 4, 'n_neurons_1': 142, 'n_neurons_2': 147, 'n_neurons_3': 114, 'n_neurons_4': 62, 'Dropout': 0.08850679901855626, 'kernel_regularizer': 0.13422205964577855, 'learning_rate': 0.0011501601491439892, 'beta_1': 0.7584901465535212, 'min_delta': 15.139210840620663, 'batch_size': 16}. Best is trial 8 with value: 97.03100597906038.
A : MAE:  113.44253003461684
A : Best epoch:  36
A : Best epoch:  39
A : Best epoch:  22
A : Best epoch:  19
[I 2023-11-11 08:49:42,897] Trial 180 finished with value: 106.4144251661258 and parameters: {'seed': 121, 'N': 4, 'n_neurons_1': 143, 'n_neurons_2': 139, 'n_neurons_3': 117, 'n_neurons_4': 61, 'Dropout': 0.08182055629694793, 'kernel_regularizer': 0.15947699513825156, 'learning_rate': 0.0011356726267934725, 'beta_1': 0.8109699092246, 'min_delta': 15.495292531715814, 'batch_size': 16}. Best is trial 8 with value: 97.03100597906038.
A : MAE:  106.4144251661258
A : Best epoch:  35
A : Best epoch:  29
A : Best epoch:  35
A : Best epoch:  29
[I 2023-11-11 08:51:54,648] Trial 181 finished with value: 105.41306796088907 and parameters: {'seed': 114, 'N': 4, 'n_neurons_1': 142, 'n_neurons_2': 144, 'n_neurons_3': 111, 'n_neurons_4': 62, 'Dropout': 0.06705289008669255, 'kernel_regularizer': 0.1215861642836691, 'learning_rate': 0.001114596037189923, 'beta_1': 0.75496080191672, 'min_delta': 14.964043492720682, 'batch_size': 16}. Best is trial 8 with value: 97.03100597906038.
A : MAE:  105.41306796088907
A : Best epoch:  24
A : Best epoch:  23
A : Best epoch:  24
A : Best epoch:  30
[I 2023-11-11 08:54:03,925] Trial 182 finished with value: 104.19784199013645 and parameters: {'seed': 117, 'N': 4, 'n_neurons_1': 142, 'n_neurons_2': 147, 'n_neurons_3': 113, 'n_neurons_4': 64, 'Dropout': 0.09678276448456262, 'kernel_regularizer': 0.1264347048848132, 'learning_rate': 0.0011389318997051493, 'beta_1': 0.7608519414509829, 'min_delta': 15.261512493945864, 'batch_size': 16}. Best is trial 8 with value: 97.03100597906038.
A : MAE:  104.19784199013645
A : Best epoch:  36
A : Best epoch:  37
A : Best epoch:  37
A : Best epoch:  30
[I 2023-11-11 08:56:16,449] Trial 183 finished with value: 99.1664596794494 and parameters: {'seed': 110, 'N': 4, 'n_neurons_1': 141, 'n_neurons_2': 145, 'n_neurons_3': 112, 'n_neurons_4': 62, 'Dropout': 0.062361438315682464, 'kernel_regularizer': 0.11222201796071617, 'learning_rate': 0.0010888282991810502, 'beta_1': 0.840482123616934, 'min_delta': 14.760271434175614, 'batch_size': 16}. Best is trial 8 with value: 97.03100597906038.
A : MAE:  99.1664596794494
A : Best epoch:  38
A : Best epoch:  53
A : Best epoch:  33
A : Best epoch:  51
[I 2023-11-11 08:58:47,487] Trial 184 finished with value: 95.50310257112065 and parameters: {'seed': 111, 'N': 4, 'n_neurons_1': 143, 'n_neurons_2': 142, 'n_neurons_3': 112, 'n_neurons_4': 62, 'Dropout': 0.06251933073238645, 'kernel_regularizer': 0.11001065515502795, 'learning_rate': 0.0010939281873209813, 'beta_1': 0.767592186570101, 'min_delta': 14.636099363574562, 'batch_size': 16}. Best is trial 184 with value: 95.50310257112065.
A : MAE:  95.50310257112065
A : Best epoch:  36
A : Best epoch:  29
A : Best epoch:  28
A : Best epoch:  21
[I 2023-11-11 09:00:29,512] Trial 185 finished with value: 106.13794196356436 and parameters: {'seed': 110, 'N': 4, 'n_neurons_1': 141, 'n_neurons_2': 142, 'n_neurons_3': 113, 'n_neurons_4': 62, 'Dropout': 0.06245184018305566, 'kernel_regularizer': 0.11253336752263805, 'learning_rate': 0.001088779774369564, 'beta_1': 0.8375471714928175, 'min_delta': 14.603034426249414, 'batch_size': 16}. Best is trial 184 with value: 95.50310257112065.
A : MAE:  106.13794196356436
A : Best epoch:  23
A : Best epoch:  37
A : Best epoch:  16
A : Best epoch:  16
[I 2023-11-11 09:02:03,285] Trial 186 finished with value: 110.35563110628928 and parameters: {'seed': 110, 'N': 4, 'n_neurons_1': 144, 'n_neurons_2': 142, 'n_neurons_3': 112, 'n_neurons_4': 63, 'Dropout': 0.06704509591450149, 'kernel_regularizer': 0.11052586511352974, 'learning_rate': 0.00110341758618169, 'beta_1': 0.8403941461748361, 'min_delta': 14.739990513366438, 'batch_size': 16}. Best is trial 184 with value: 95.50310257112065.
A : MAE:  110.35563110628928
A : Best epoch:  18
A : Best epoch:  31
A : Best epoch:  34
A : Best epoch:  35
[I 2023-11-11 09:02:44,308] Trial 187 finished with value: 111.65128836907071 and parameters: {'seed': 112, 'N': 4, 'n_neurons_1': 143, 'n_neurons_2': 144, 'n_neurons_3': 111, 'n_neurons_4': 61, 'Dropout': 0.07409267565574816, 'kernel_regularizer': 0.116326829664357, 'learning_rate': 0.0010928002371071168, 'beta_1': 0.7579830341347554, 'min_delta': 14.288859478100377, 'batch_size': 64}. Best is trial 184 with value: 95.50310257112065.
A : MAE:  111.65128836907071
A : Best epoch:  16
A : Best epoch:  6
A : Best epoch:  9
A : Best epoch:  16
[I 2023-11-11 09:04:13,917] Trial 188 finished with value: 121.04386940450388 and parameters: {'seed': 116, 'N': 4, 'n_neurons_1': 143, 'n_neurons_2': 141, 'n_neurons_3': 112, 'n_neurons_4': 64, 'Dropout': 0.09342104916531523, 'kernel_regularizer': 0.10603837342107682, 'learning_rate': 0.001124693255375113, 'beta_1': 0.8586236182240385, 'min_delta': 14.395057546488273, 'batch_size': 16}. Best is trial 184 with value: 95.50310257112065.
A : MAE:  121.04386940450388
A : Best epoch:  23
A : Best epoch:  18
A : Best epoch:  33
A : Best epoch:  23
[I 2023-11-11 09:05:22,797] Trial 189 finished with value: 106.29858314367844 and parameters: {'seed': 109, 'N': 4, 'n_neurons_1': 141, 'n_neurons_2': 145, 'n_neurons_3': 113, 'n_neurons_4': 61, 'Dropout': 0.06986680005195536, 'kernel_regularizer': 0.11388351855082607, 'learning_rate': 0.0011137426100572443, 'beta_1': 0.7627077103716379, 'min_delta': 15.035084180303087, 'batch_size': 32}. Best is trial 184 with value: 95.50310257112065.
A : MAE:  106.29858314367844
A : Best epoch:  12
A : Best epoch:  32
A : Best epoch:  12
A : Best epoch:  34
[I 2023-11-11 09:07:08,939] Trial 190 finished with value: 104.28144014259975 and parameters: {'seed': 112, 'N': 4, 'n_neurons_1': 142, 'n_neurons_2': 140, 'n_neurons_3': 114, 'n_neurons_4': 63, 'Dropout': 0.06405190341346872, 'kernel_regularizer': 0.1179480501917341, 'learning_rate': 0.0010848547405546073, 'beta_1': 0.7668042727896891, 'min_delta': 13.991597585287918, 'batch_size': 16}. Best is trial 184 with value: 95.50310257112065.
A : MAE:  104.28144014259975
A : Best epoch:  39
A : Best epoch:  23
A : Best epoch:  10
A : Best epoch:  18
[I 2023-11-11 09:09:00,134] Trial 191 finished with value: 101.19179210744919 and parameters: {'seed': 115, 'N': 4, 'n_neurons_1': 140, 'n_neurons_2': 146, 'n_neurons_3': 114, 'n_neurons_4': 61, 'Dropout': 0.06095512711836216, 'kernel_regularizer': 0.11094675269167584, 'learning_rate': 0.0011276418072258298, 'beta_1': 0.769180788236665, 'min_delta': 15.763648671892582, 'batch_size': 16}. Best is trial 184 with value: 95.50310257112065.
A : MAE:  101.19179210744919
A : Best epoch:  20
A : Best epoch:  13
A : Best epoch:  20
A : Best epoch:  7
[I 2023-11-11 09:10:30,363] Trial 192 finished with value: 108.14731699223788 and parameters: {'seed': 149, 'N': 4, 'n_neurons_1': 140, 'n_neurons_2': 143, 'n_neurons_3': 115, 'n_neurons_4': 60, 'Dropout': 0.05877193708115008, 'kernel_regularizer': 0.10651486782376234, 'learning_rate': 0.0011077661987484455, 'beta_1': 0.7661669987608575, 'min_delta': 15.453697362553463, 'batch_size': 16}. Best is trial 184 with value: 95.50310257112065.
A : MAE:  108.14731699223788
A : Best epoch:  21
A : Best epoch:  18
A : Best epoch:  24
A : Best epoch:  32
[I 2023-11-11 09:12:10,996] Trial 193 finished with value: 108.1492350900679 and parameters: {'seed': 119, 'N': 4, 'n_neurons_1': 141, 'n_neurons_2': 144, 'n_neurons_3': 116, 'n_neurons_4': 62, 'Dropout': 0.12206489699162079, 'kernel_regularizer': 0.11625933750572683, 'learning_rate': 0.00109718713275787, 'beta_1': 0.7605210607433005, 'min_delta': 14.813070873135562, 'batch_size': 16}. Best is trial 184 with value: 95.50310257112065.
A : MAE:  108.1492350900679
A : Best epoch:  29
A : Best epoch:  15
A : Best epoch:  14
A : Best epoch:  14
[I 2023-11-11 09:13:35,391] Trial 194 finished with value: 111.83504469621015 and parameters: {'seed': 114, 'N': 4, 'n_neurons_1': 142, 'n_neurons_2': 146, 'n_neurons_3': 124, 'n_neurons_4': 60, 'Dropout': 0.06483089277060367, 'kernel_regularizer': 0.11286503377827282, 'learning_rate': 0.0011456545786495136, 'beta_1': 0.7770874894040747, 'min_delta': 16.00689348722652, 'batch_size': 16}. Best is trial 184 with value: 95.50310257112065.
A : MAE:  111.83504469621015
A : Best epoch:  13
A : Best epoch:  19
A : Best epoch:  13
A : Best epoch:  31
[I 2023-11-11 09:15:11,322] Trial 195 finished with value: 106.95174927785139 and parameters: {'seed': 112, 'N': 4, 'n_neurons_1': 141, 'n_neurons_2': 145, 'n_neurons_3': 115, 'n_neurons_4': 62, 'Dropout': 0.05554528710568099, 'kernel_regularizer': 0.11953259562386732, 'learning_rate': 0.0011362391974551447, 'beta_1': 0.7564417013335917, 'min_delta': 15.185445695198283, 'batch_size': 16}. Best is trial 184 with value: 95.50310257112065.
A : MAE:  106.95174927785139
A : Best epoch:  40
A : Best epoch:  24
A : Best epoch:  24
A : Best epoch:  20
[I 2023-11-11 09:16:53,527] Trial 196 finished with value: 106.2136744353614 and parameters: {'seed': 107, 'N': 4, 'n_neurons_1': 143, 'n_neurons_2': 148, 'n_neurons_3': 111, 'n_neurons_4': 60, 'Dropout': 0.14129346417047586, 'kernel_regularizer': 0.14659743444831308, 'learning_rate': 0.0011669438079516719, 'beta_1': 0.7629265260915983, 'min_delta': 14.574865668346295, 'batch_size': 16}. Best is trial 184 with value: 95.50310257112065.
A : MAE:  106.2136744353614
A : Best epoch:  32
A : Best epoch:  24
A : Best epoch:  30
A : Best epoch:  30
[I 2023-11-11 09:18:38,788] Trial 197 finished with value: 102.05151110900438 and parameters: {'seed': 117, 'N': 4, 'n_neurons_1': 145, 'n_neurons_2': 143, 'n_neurons_3': 110, 'n_neurons_4': 61, 'Dropout': 0.08928766141614351, 'kernel_regularizer': 0.12251687528593763, 'learning_rate': 0.0011180142432223143, 'beta_1': 0.7728592516723873, 'min_delta': 16.561764952767636, 'batch_size': 16}. Best is trial 184 with value: 95.50310257112065.
A : MAE:  102.05151110900438
A : Best epoch:  26
A : Best epoch:  8
A : Best epoch:  27
A : Best epoch:  24
[I 2023-11-11 09:20:26,792] Trial 198 finished with value: 102.77287542047442 and parameters: {'seed': 109, 'N': 4, 'n_neurons_1': 149, 'n_neurons_2': 147, 'n_neurons_3': 118, 'n_neurons_4': 62, 'Dropout': 0.06881462520086702, 'kernel_regularizer': 0.1295616896174352, 'learning_rate': 0.0011610321377046047, 'beta_1': 0.7809863058446039, 'min_delta': 14.250590721867727, 'batch_size': 16}. Best is trial 184 with value: 95.50310257112065.
A : MAE:  102.77287542047442
A : Best epoch:  21
A : Best epoch:  7
A : Best epoch:  18
A : Best epoch:  34
[I 2023-11-11 09:21:58,445] Trial 199 finished with value: 104.1554741356048 and parameters: {'seed': 113, 'N': 4, 'n_neurons_1': 140, 'n_neurons_2': 148, 'n_neurons_3': 113, 'n_neurons_4': 63, 'Dropout': 0.06250800460490277, 'kernel_regularizer': 0.13815888017479672, 'learning_rate': 0.0010441660498692743, 'beta_1': 0.7704065087590141, 'min_delta': 15.597537295081462, 'batch_size': 16}. Best is trial 184 with value: 95.50310257112065.
A : MAE:  104.1554741356048
A : Best epoch:  23
A : Best epoch:  10
A : Best epoch:  36
A : Best epoch:  22
