[I 2023-11-11 13:01:10,866] Trial 320 finished with value: 104.94518079087271 and parameters: {'seed': 116, 'N': 4, 'n_neurons_1': 164, 'n_neurons_2': 145, 'n_neurons_3': 111, 'n_neurons_4': 84, 'Dropout': 0.06604908204612835, 'kernel_regularizer': 0.12235449574179359, 'learning_rate': 0.0010617383788099825, 'beta_1': 0.786496446042381, 'min_delta': 5.977661306330749, 'batch_size': 64}. Best is trial 184 with value: 95.50310257112065.
A : MAE:  104.94518079087271
A : Best epoch:  39
A : Best epoch:  31
A : Best epoch:  54
A : Best epoch:  35
[I 2023-11-11 13:03:48,709] Trial 321 finished with value: 99.558515490763 and parameters: {'seed': 107, 'N': 4, 'n_neurons_1': 167, 'n_neurons_2': 142, 'n_neurons_3': 109, 'n_neurons_4': 61, 'Dropout': 0.07627329480249237, 'kernel_regularizer': 0.10958898100873117, 'learning_rate': 0.0010365749801004008, 'beta_1': 0.8374259616973744, 'min_delta': 7.403594565338381, 'batch_size': 16}. Best is trial 184 with value: 95.50310257112065.
A : MAE:  99.558515490763
A : Best epoch:  27
A : Best epoch:  39
A : Best epoch:  44
A : Best epoch:  19
[I 2023-11-11 13:06:02,107] Trial 322 finished with value: 103.30485348465976 and parameters: {'seed': 121, 'N': 4, 'n_neurons_1': 163, 'n_neurons_2': 143, 'n_neurons_3': 117, 'n_neurons_4': 64, 'Dropout': 0.062288930027833055, 'kernel_regularizer': 0.1174911612493068, 'learning_rate': 0.0010531752246848705, 'beta_1': 0.8230227565040266, 'min_delta': 5.524938259020434, 'batch_size': 16}. Best is trial 184 with value: 95.50310257112065.
A : MAE:  103.30485348465976
A : Best epoch:  39
A : Best epoch:  21
A : Best epoch:  44
A : Best epoch:  25
[I 2023-11-11 13:08:23,241] Trial 323 finished with value: 101.60786293006333 and parameters: {'seed': 114, 'N': 4, 'n_neurons_1': 163, 'n_neurons_2': 145, 'n_neurons_3': 116, 'n_neurons_4': 62, 'Dropout': 0.12465502296453522, 'kernel_regularizer': 0.11422087268021826, 'learning_rate': 0.0010933169422569053, 'beta_1': 0.831211733182452, 'min_delta': 8.737445220860529, 'batch_size': 16}. Best is trial 184 with value: 95.50310257112065.
A : MAE:  101.60786293006333
A : Best epoch:  36
A : Best epoch:  23
A : Best epoch:  16
A : Best epoch:  37
[I 2023-11-11 13:10:29,772] Trial 324 finished with value: 100.50348522515002 and parameters: {'seed': 110, 'N': 4, 'n_neurons_1': 162, 'n_neurons_2': 144, 'n_neurons_3': 112, 'n_neurons_4': 65, 'Dropout': 0.06959477428793386, 'kernel_regularizer': 0.12842026352059924, 'learning_rate': 0.0010700859924866423, 'beta_1': 0.8292093715162764, 'min_delta': 15.184069412271173, 'batch_size': 16}. Best is trial 184 with value: 95.50310257112065.
A : MAE:  100.50348522515002
A : Best epoch:  30
A : Best epoch:  48
A : Best epoch:  30
A : Best epoch:  13
[I 2023-11-11 13:12:54,373] Trial 325 finished with value: 99.71424041999002 and parameters: {'seed': 139, 'N': 4, 'n_neurons_1': 166, 'n_neurons_2': 145, 'n_neurons_3': 112, 'n_neurons_4': 81, 'Dropout': 0.06009171743578008, 'kernel_regularizer': 0.1226476554651956, 'learning_rate': 0.0009841940509173063, 'beta_1': 0.8680389137599333, 'min_delta': 9.48994071685154, 'batch_size': 16}. Best is trial 184 with value: 95.50310257112065.
A : MAE:  99.71424041999002
A : Best epoch:  39
A : Best epoch:  30
A : Best epoch:  30
A : Best epoch:  30
[I 2023-11-11 13:15:11,530] Trial 326 finished with value: 99.93929851120257 and parameters: {'seed': 117, 'N': 4, 'n_neurons_1': 165, 'n_neurons_2': 144, 'n_neurons_3': 106, 'n_neurons_4': 61, 'Dropout': 0.06727145935042558, 'kernel_regularizer': 0.09974015225218058, 'learning_rate': 0.0010790932531669019, 'beta_1': 0.8338743883898965, 'min_delta': 9.895704995687609, 'batch_size': 16}. Best is trial 184 with value: 95.50310257112065.
A : MAE:  99.93929851120257
A : Best epoch:  12
A : Best epoch:  47
A : Best epoch:  20
A : Best epoch:  13
[I 2023-11-11 13:17:01,399] Trial 327 finished with value: 102.32198485192696 and parameters: {'seed': 112, 'N': 4, 'n_neurons_1': 164, 'n_neurons_2': 146, 'n_neurons_3': 113, 'n_neurons_4': 60, 'Dropout': 0.0570705677182642, 'kernel_regularizer': 0.110031750504086, 'learning_rate': 0.0011440928522339503, 'beta_1': 0.8126313002874743, 'min_delta': 13.686235492593175, 'batch_size': 16}. Best is trial 184 with value: 95.50310257112065.
A : MAE:  102.32198485192696
A : Best epoch:  41
A : Best epoch:  34
A : Best epoch:  26
A : Best epoch:  39
[I 2023-11-11 13:19:40,932] Trial 328 finished with value: 101.61751134708226 and parameters: {'seed': 115, 'N': 4, 'n_neurons_1': 161, 'n_neurons_2': 143, 'n_neurons_3': 110, 'n_neurons_4': 84, 'Dropout': 0.06372006936191976, 'kernel_regularizer': 0.11857192237515592, 'learning_rate': 0.0010198944764867781, 'beta_1': 0.8426872298082222, 'min_delta': 6.363596078642881, 'batch_size': 16}. Best is trial 184 with value: 95.50310257112065.
A : MAE:  101.61751134708226
A : Best epoch:  28
A : Best epoch:  21
A : Best epoch:  10
A : Best epoch:  21
[I 2023-11-11 13:21:12,691] Trial 329 finished with value: 106.29627860594168 and parameters: {'seed': 119, 'N': 4, 'n_neurons_1': 163, 'n_neurons_2': 141, 'n_neurons_3': 116, 'n_neurons_4': 63, 'Dropout': 0.0960081865344342, 'kernel_regularizer': 0.11405310740052285, 'learning_rate': 0.0011630668354432805, 'beta_1': 0.8445556415105935, 'min_delta': 19.36065434249778, 'batch_size': 16}. Best is trial 184 with value: 95.50310257112065.
A : MAE:  106.29627860594168
A : Best epoch:  48
A : Best epoch:  26
A : Best epoch:  34
A : Best epoch:  48
[I 2023-11-11 13:22:11,657] Trial 330 finished with value: 105.41468316807594 and parameters: {'seed': 109, 'N': 4, 'n_neurons_1': 162, 'n_neurons_2': 147, 'n_neurons_3': 115, 'n_neurons_4': 83, 'Dropout': 0.07887107470560689, 'kernel_regularizer': 0.10702377613254542, 'learning_rate': 0.0011385476035829427, 'beta_1': 0.845996209300105, 'min_delta': 8.86745792144392, 'batch_size': 64}. Best is trial 184 with value: 95.50310257112065.
A : MAE:  105.41468316807594
A : Best epoch:  30
A : Best epoch:  38
A : Best epoch:  36
A : Best epoch:  38
[I 2023-11-11 13:24:57,444] Trial 331 finished with value: 95.97552054115978 and parameters: {'seed': 113, 'N': 4, 'n_neurons_1': 164, 'n_neurons_2': 145, 'n_neurons_3': 105, 'n_neurons_4': 62, 'Dropout': 0.07056563555416827, 'kernel_regularizer': 0.12446611504150336, 'learning_rate': 0.0009587359177753849, 'beta_1': 0.7810796123804542, 'min_delta': 5.040397144352048, 'batch_size': 16}. Best is trial 184 with value: 95.50310257112065.
A : MAE:  95.97552054115978
A : Best epoch:  26
A : Best epoch:  26
A : Best epoch:  15
A : Best epoch:  36
[I 2023-11-11 13:27:14,728] Trial 332 finished with value: 100.6295773807642 and parameters: {'seed': 106, 'N': 4, 'n_neurons_1': 148, 'n_neurons_2': 145, 'n_neurons_3': 104, 'n_neurons_4': 63, 'Dropout': 0.0704981955671281, 'kernel_regularizer': 0.12469495060282071, 'learning_rate': 0.0009562601426999738, 'beta_1': 0.7818038546572055, 'min_delta': 5.651655515803162, 'batch_size': 16}. Best is trial 184 with value: 95.50310257112065.
A : MAE:  100.6295773807642
A : Best epoch:  25
A : Best epoch:  38
A : Best epoch:  19
A : Best epoch:  25
[I 2023-11-11 13:29:04,645] Trial 333 finished with value: 102.8827102603839 and parameters: {'seed': 111, 'N': 4, 'n_neurons_1': 164, 'n_neurons_2': 144, 'n_neurons_3': 105, 'n_neurons_4': 62, 'Dropout': 0.11747861099005892, 'kernel_regularizer': 0.06578056957906332, 'learning_rate': 0.0009613347150933501, 'beta_1': 0.8286726477852893, 'min_delta': 5.651849597214501, 'batch_size': 16}. Best is trial 184 with value: 95.50310257112065.
A : MAE:  102.8827102603839
A : Best epoch:  23
A : Best epoch:  38
A : Best epoch:  24
A : Best epoch:  38
[I 2023-11-11 13:31:16,226] Trial 334 finished with value: 103.97146375905092 and parameters: {'seed': 117, 'N': 4, 'n_neurons_1': 164, 'n_neurons_2': 142, 'n_neurons_3': 105, 'n_neurons_4': 64, 'Dropout': 0.07373554162854581, 'kernel_regularizer': 0.1309380742533542, 'learning_rate': 0.000969429633399771, 'beta_1': 0.8486415148876447, 'min_delta': 5.012141571034645, 'batch_size': 16}. Best is trial 184 with value: 95.50310257112065.
A : MAE:  103.97146375905092
A : Best epoch:  20
A : Best epoch:  57
A : Best epoch:  29
A : Best epoch:  20
[I 2023-11-11 13:33:53,137] Trial 335 finished with value: 99.74384604353646 and parameters: {'seed': 114, 'N': 4, 'n_neurons_1': 165, 'n_neurons_2': 145, 'n_neurons_3': 103, 'n_neurons_4': 82, 'Dropout': 0.09125475446188124, 'kernel_regularizer': 0.12676907644502416, 'learning_rate': 0.0010539458883569333, 'beta_1': 0.7787687101796212, 'min_delta': 6.839537266660365, 'batch_size': 16}. Best is trial 184 with value: 95.50310257112065.
A : MAE:  99.74384604353646
A : Best epoch:  38
A : Best epoch:  23
[I 2023-11-11 13:35:19,016] Trial 336 finished with value: 101.45419342388733 and parameters: {'seed': 130, 'N': 2, 'n_neurons_1': 166, 'n_neurons_2': 144, 'n_neurons_3': 122, 'n_neurons_4': 65, 'Dropout': 0.06707774393989065, 'kernel_regularizer': 0.12118795504007306, 'learning_rate': 0.0009524654799513457, 'beta_1': 0.8367808960641275, 'min_delta': 9.25097623919736, 'batch_size': 16}. Best is trial 184 with value: 95.50310257112065.
A : MAE:  101.45419342388733
[W 2023-11-11 13:36:26,851] Trial 337 failed with parameters: {'seed': 115, 'N': 4, 'n_neurons_1': 163, 'n_neurons_2': 146, 'n_neurons_3': 120, 'n_neurons_4': 62, 'Dropout': 0.08390457473127634, 'kernel_regularizer': 0.10320179596692615, 'learning_rate': 0.0011742223561600348, 'beta_1': 0.7826546391795345, 'min_delta': 10.20684020752871, 'batch_size': 16} because of the following error: KeyboardInterrupt().
Traceback (most recent call last):
  File "/Library/Frameworks/Python.framework/Versions/3.11/lib/python3.11/site-packages/optuna/study/_optimize.py", line 200, in _run_trial
    value_or_values = func(trial)
                      ^^^^^^^^^^^
  File "/var/folders/kq/hk1l39ys077bc7f9741ypg800000gn/T/ipykernel_24226/1981682858.py", line 98, in objective
    df_A, m_A = fit_predict('A', X_A, y_A, X_A_kaggle, y_A_hat)
                ^^^^^^^^^^^^^^^^^^^^^^^^^^^^^^^^^^^^^^^^^^^^^^^
  File "/var/folders/kq/hk1l39ys077bc7f9741ypg800000gn/T/ipykernel_24226/1981682858.py", line 60, in fit_predict
    history = model.fit(
              ^^^^^^^^^^
  File "/Library/Frameworks/Python.framework/Versions/3.11/lib/python3.11/site-packages/keras/src/utils/traceback_utils.py", line 65, in error_handler
    return fn(*args, **kwargs)
           ^^^^^^^^^^^^^^^^^^^
  File "/Library/Frameworks/Python.framework/Versions/3.11/lib/python3.11/site-packages/keras/src/engine/training.py", line 1783, in fit
    tmp_logs = self.train_function(iterator)
               ^^^^^^^^^^^^^^^^^^^^^^^^^^^^^
  File "/Library/Frameworks/Python.framework/Versions/3.11/lib/python3.11/site-packages/tensorflow/python/util/traceback_utils.py", line 150, in error_handler
    return fn(*args, **kwargs)
           ^^^^^^^^^^^^^^^^^^^
  File "/Library/Frameworks/Python.framework/Versions/3.11/lib/python3.11/site-packages/tensorflow/python/eager/polymorphic_function/polymorphic_function.py", line 831, in __call__
    result = self._call(*args, **kwds)
             ^^^^^^^^^^^^^^^^^^^^^^^^^
  File "/Library/Frameworks/Python.framework/Versions/3.11/lib/python3.11/site-packages/tensorflow/python/eager/polymorphic_function/polymorphic_function.py", line 867, in _call
    return tracing_compilation.call_function(
           ^^^^^^^^^^^^^^^^^^^^^^^^^^^^^^^^^^
  File "/Library/Frameworks/Python.framework/Versions/3.11/lib/python3.11/site-packages/tensorflow/python/eager/polymorphic_function/tracing_compilation.py", line 139, in call_function
    return function._call_flat(  # pylint: disable=protected-access
           ^^^^^^^^^^^^^^^^^^^^^^^^^^^^^^^^^^^^^^^^^^^^^^^^^^^^^^^^
  File "/Library/Frameworks/Python.framework/Versions/3.11/lib/python3.11/site-packages/tensorflow/python/eager/polymorphic_function/concrete_function.py", line 1264, in _call_flat
    return self._inference_function.flat_call(args)
           ^^^^^^^^^^^^^^^^^^^^^^^^^^^^^^^^^^^^^^^^
  File "/Library/Frameworks/Python.framework/Versions/3.11/lib/python3.11/site-packages/tensorflow/python/eager/polymorphic_function/atomic_function.py", line 217, in flat_call
    flat_outputs = self(*args)
                   ^^^^^^^^^^^
  File "/Library/Frameworks/Python.framework/Versions/3.11/lib/python3.11/site-packages/tensorflow/python/eager/polymorphic_function/atomic_function.py", line 252, in __call__
    outputs = self._bound_context.call_function(
              ^^^^^^^^^^^^^^^^^^^^^^^^^^^^^^^^^^
  File "/Library/Frameworks/Python.framework/Versions/3.11/lib/python3.11/site-packages/tensorflow/python/eager/context.py", line 1479, in call_function
    outputs = execute.execute(
              ^^^^^^^^^^^^^^^^
  File "/Library/Frameworks/Python.framework/Versions/3.11/lib/python3.11/site-packages/tensorflow/python/eager/execute.py", line 60, in quick_execute
    tensors = pywrap_tfe.TFE_Py_Execute(ctx._handle, device_name, op_name,
              ^^^^^^^^^^^^^^^^^^^^^^^^^^^^^^^^^^^^^^^^^^^^^^^^^^^^^^^^^^^^
KeyboardInterrupt
[W 2023-11-11 13:36:26,865] Trial 337 failed with value None.
