[I 2023-11-11 05:46:26,577] Trial 39 finished with value: 16880.66807806907 and parameters: {'seed': 170, 'N': 1, 'n_neurons_1': 150, 'n_neurons_2': 125, 'n_neurons_3': 120, 'n_neurons_4': 88, 'Dropout': 0.07748184605975558, 'kernel_regularizer': 0.16698578361395292, 'learning_rate': 0.0008005320662363096, 'beta_1': 0.8007751078667755, 'min_delta': 12.202892787627958, 'batch_size': 32}. Best is trial 21 with value: 10080.489484935833.
Best epoch:  15
39  MAE:  68.31521588156356
39  RMSE:  129.92562517867316
Best epoch:  8
Best epoch:  14
[I 2023-11-11 05:47:27,732] Trial 40 finished with value: 12027.457693430451 and parameters: {'seed': 189, 'N': 2, 'n_neurons_1': 143, 'n_neurons_2': 159, 'n_neurons_3': 126, 'n_neurons_4': 72, 'Dropout': 0.1320610598751255, 'kernel_regularizer': 0.18224567398501007, 'learning_rate': 0.0008489286526923557, 'beta_1': 0.865201807845445, 'min_delta': 13.893258586504373, 'batch_size': 32}. Best is trial 21 with value: 10080.489484935833.
40  MAE:  58.822281891294686
40  RMSE:  109.66976654224469
Best epoch:  18
Best epoch:  9
Best epoch:  18
Best epoch:  18
[I 2023-11-11 05:50:07,211] Trial 41 finished with value: 11178.643610164887 and parameters: {'seed': 145, 'N': 4, 'n_neurons_1': 147, 'n_neurons_2': 131, 'n_neurons_3': 113, 'n_neurons_4': 86, 'Dropout': 0.06695491333878563, 'kernel_regularizer': 0.06281398934257434, 'learning_rate': 0.0007750533586020512, 'beta_1': 0.8744506354398274, 'min_delta': 10.825085214641732, 'batch_size': 32}. Best is trial 21 with value: 10080.489484935833.
41  MAE:  54.54674328751304
41  RMSE:  105.72910483951374
Best epoch:  14
Best epoch:  34
Best epoch:  21
[I 2023-11-11 05:51:18,997] Trial 42 finished with value: 13081.50142774414 and parameters: {'seed': 173, 'N': 3, 'n_neurons_1': 154, 'n_neurons_2': 135, 'n_neurons_3': 116, 'n_neurons_4': 88, 'Dropout': 0.056902753485837634, 'kernel_regularizer': 0.13740312589664982, 'learning_rate': 0.0008317819436829448, 'beta_1': 0.8946456917750011, 'min_delta': 10.115452336036466, 'batch_size': 64}. Best is trial 21 with value: 10080.489484935833.
42  MAE:  60.29854140531837
42  RMSE:  114.37439148578733
Best epoch:  13
Best epoch:  13
[I 2023-11-11 05:52:23,712] Trial 43 finished with value: 13966.582905877485 and parameters: {'seed': 154, 'N': 2, 'n_neurons_1': 141, 'n_neurons_2': 138, 'n_neurons_3': 121, 'n_neurons_4': 84, 'Dropout': 0.07279670148412883, 'kernel_regularizer': 0.07851843268424148, 'learning_rate': 0.000869261508062449, 'beta_1': 0.8818506663078269, 'min_delta': 9.25726552912114, 'batch_size': 32}. Best is trial 21 with value: 10080.489484935833.
43  MAE:  63.920406011921266
43  RMSE:  118.1802982983098
Best epoch:  21
Best epoch:  12
Best epoch:  12
[I 2023-11-11 05:54:48,889] Trial 44 finished with value: 10505.7506345616 and parameters: {'seed': 140, 'N': 3, 'n_neurons_1': 148, 'n_neurons_2': 134, 'n_neurons_3': 101, 'n_neurons_4': 89, 'Dropout': 0.08395419112712571, 'kernel_regularizer': 0.09049458204138357, 'learning_rate': 0.000840684084898371, 'beta_1': 0.8914282589060436, 'min_delta': 17.77892654064968, 'batch_size': 16}. Best is trial 21 with value: 10080.489484935833.
44  MAE:  55.31197809835593
44  RMSE:  102.49756404208638
[I 2023-11-11 05:55:48,344] Trial 45 finished with value: 15960.991098522798 and parameters: {'seed': 190, 'N': 1, 'n_neurons_1': 145, 'n_neurons_2': 141, 'n_neurons_3': 119, 'n_neurons_4': 64, 'Dropout': 0.05536653335112289, 'kernel_regularizer': 0.10695286820929487, 'learning_rate': 0.0008953636724594492, 'beta_1': 0.8520403808409173, 'min_delta': 14.41460738454779, 'batch_size': 16}. Best is trial 21 with value: 10080.489484935833.
Best epoch:  9
45  MAE:  63.540169619533195
45  RMSE:  126.33681608510956
Best epoch:  13
Best epoch:  13
Best epoch:  26
Best epoch:  18
[I 2023-11-11 05:57:27,269] Trial 46 finished with value: 11933.86157484574 and parameters: {'seed': 114, 'N': 4, 'n_neurons_1': 151, 'n_neurons_2': 127, 'n_neurons_3': 90, 'n_neurons_4': 85, 'Dropout': 0.05023776548810993, 'kernel_regularizer': 0.05810527071888309, 'learning_rate': 0.0008138997493866895, 'beta_1': 0.862464184960329, 'min_delta': 11.990840736340214, 'batch_size': 64}. Best is trial 21 with value: 10080.489484935833.
46  MAE:  56.723058677331764
46  RMSE:  109.2422151681562
Best epoch:  13
Best epoch:  6
Best epoch:  13
[I 2023-11-11 06:00:14,118] Trial 47 finished with value: 12288.417297043434 and parameters: {'seed': 103, 'N': 3, 'n_neurons_1': 157, 'n_neurons_2': 131, 'n_neurons_3': 123, 'n_neurons_4': 81, 'Dropout': 0.0666376874151359, 'kernel_regularizer': 0.11369870661206274, 'learning_rate': 0.0008560255775205208, 'beta_1': 0.84106674969259, 'min_delta': 12.809334542309543, 'batch_size': 16}. Best is trial 21 with value: 10080.489484935833.
47  MAE:  58.117695438695144
47  RMSE:  110.85313390718115
Best epoch:  9
Best epoch:  9
[I 2023-11-11 06:01:57,537] Trial 48 finished with value: 10828.318170734907 and parameters: {'seed': 123, 'N': 2, 'n_neurons_1': 154, 'n_neurons_2': 148, 'n_neurons_3': 117, 'n_neurons_4': 87, 'Dropout': 0.07728451410831863, 'kernel_regularizer': 0.08115909314276896, 'learning_rate': 0.0009123924192761894, 'beta_1': 0.8717841888758637, 'min_delta': 10.557534925471723, 'batch_size': 16}. Best is trial 21 with value: 10080.489484935833.
48  MAE:  53.77695971115145
48  RMSE:  104.05920512254025
Best epoch:  14
Best epoch:  14
Best epoch:  14
Best epoch:  16
[I 2023-11-11 06:04:19,041] Trial 49 finished with value: 10722.92911776608 and parameters: {'seed': 166, 'N': 4, 'n_neurons_1': 161, 'n_neurons_2': 122, 'n_neurons_3': 110, 'n_neurons_4': 76, 'Dropout': 0.0630699374563229, 'kernel_regularizer': 0.09067685580209979, 'learning_rate': 0.0008828289180637064, 'beta_1': 0.8935320486128132, 'min_delta': 11.832219707893604, 'batch_size': 32}. Best is trial 21 with value: 10080.489484935833.
49  MAE:  53.294438804440574
49  RMSE:  103.55157708970965
Best epoch:  22
Best epoch:  14
Best epoch:  22
[I 2023-11-11 06:07:04,846] Trial 50 finished with value: 13486.950335667634 and parameters: {'seed': 148, 'N': 3, 'n_neurons_1': 172, 'n_neurons_2': 126, 'n_neurons_3': 93, 'n_neurons_4': 90, 'Dropout': 0.0741219466046725, 'kernel_regularizer': 0.05095549382375959, 'learning_rate': 0.0007816733696895832, 'beta_1': 0.899704506311387, 'min_delta': 11.040909036754833, 'batch_size': 16}. Best is trial 21 with value: 10080.489484935833.
50  MAE:  63.44896810327509
50  RMSE:  116.13332999474197
Best epoch:  15
Best epoch:  21
Best epoch:  18
[I 2023-11-11 06:10:16,314] Trial 51 finished with value: 13033.515087092146 and parameters: {'seed': 114, 'N': 3, 'n_neurons_1': 148, 'n_neurons_2': 137, 'n_neurons_3': 113, 'n_neurons_4': 88, 'Dropout': 0.06384388251044214, 'kernel_regularizer': 0.06903271091708194, 'learning_rate': 0.0008725962651498353, 'beta_1': 0.8824213052820286, 'min_delta': 11.479069521494628, 'batch_size': 16}. Best is trial 21 with value: 10080.489484935833.
51  MAE:  65.96257021790916
51  RMSE:  114.16442128391904
Best epoch:  13
Best epoch:  13
Best epoch:  19
[I 2023-11-11 06:12:57,717] Trial 52 finished with value: 11658.408711750675 and parameters: {'seed': 106, 'N': 3, 'n_neurons_1': 146, 'n_neurons_2': 140, 'n_neurons_3': 116, 'n_neurons_4': 86, 'Dropout': 0.056728798130801734, 'kernel_regularizer': 0.06942524665692094, 'learning_rate': 0.0009294685221377286, 'beta_1': 0.8856470696404312, 'min_delta': 12.308495445172147, 'batch_size': 16}. Best is trial 21 with value: 10080.489484935833.
52  MAE:  58.1472270863724
52  RMSE:  107.9741113033614
Best epoch:  5
Best epoch:  5
[I 2023-11-11 06:14:44,118] Trial 53 finished with value: 14239.434999953512 and parameters: {'seed': 110, 'N': 2, 'n_neurons_1': 143, 'n_neurons_2': 138, 'n_neurons_3': 120, 'n_neurons_4': 89, 'Dropout': 0.06664393327156899, 'kernel_regularizer': 0.05895757386342989, 'learning_rate': 0.0009443440900008242, 'beta_1': 0.8916061933642219, 'min_delta': 9.013964515617621, 'batch_size': 16}. Best is trial 21 with value: 10080.489484935833.
53  MAE:  60.372738840795364
53  RMSE:  119.32910374235412
Best epoch:  17
Best epoch:  4
Best epoch:  17
Best epoch:  17
[I 2023-11-11 06:17:56,364] Trial 54 finished with value: 11665.81544996693 and parameters: {'seed': 117, 'N': 4, 'n_neurons_1': 150, 'n_neurons_2': 129, 'n_neurons_3': 114, 'n_neurons_4': 70, 'Dropout': 0.05036473003916417, 'kernel_regularizer': 0.07599626366230208, 'learning_rate': 0.0008914867203325811, 'beta_1': 0.8759406611989042, 'min_delta': 10.79550133892475, 'batch_size': 16}. Best is trial 21 with value: 10080.489484935833.
54  MAE:  57.83487067599609
54  RMSE:  108.00840453393862
Best epoch:  21
Best epoch:  21
Best epoch:  5
[I 2023-11-11 06:21:47,894] Trial 55 finished with value: 11588.83499690827 and parameters: {'seed': 100, 'N': 3, 'n_neurons_1': 147, 'n_neurons_2': 135, 'n_neurons_3': 110, 'n_neurons_4': 83, 'Dropout': 0.06080743914201218, 'kernel_regularizer': 0.05757489015260252, 'learning_rate': 0.0008371032328500179, 'beta_1': 0.8840776380407847, 'min_delta': 10.092447342765551, 'batch_size': 16}. Best is trial 21 with value: 10080.489484935833.
55  MAE:  58.43821761910158
55  RMSE:  107.65145143892984
Best epoch:  17
Best epoch:  12
Best epoch:  17
Best epoch:  15
[I 2023-11-11 06:25:39,661] Trial 56 finished with value: 10443.92051499638 and parameters: {'seed': 104, 'N': 4, 'n_neurons_1': 149, 'n_neurons_2': 131, 'n_neurons_3': 106, 'n_neurons_4': 87, 'Dropout': 0.08173598836721024, 'kernel_regularizer': 0.06816350138082437, 'learning_rate': 0.0009144043439736043, 'beta_1': 0.8584718790469269, 'min_delta': 19.353711949672714, 'batch_size': 16}. Best is trial 21 with value: 10080.489484935833.
56  MAE:  54.58893463416628
56  RMSE:  102.19550144207122
Best epoch:  11
Best epoch:  21
Best epoch:  21
Best epoch:  12
[I 2023-11-11 06:29:26,566] Trial 57 finished with value: 11039.458449182763 and parameters: {'seed': 104, 'N': 4, 'n_neurons_1': 152, 'n_neurons_2': 131, 'n_neurons_3': 107, 'n_neurons_4': 85, 'Dropout': 0.09278616259033767, 'kernel_regularizer': 0.08685711932642132, 'learning_rate': 0.0009096885534227249, 'beta_1': 0.8940410965661723, 'min_delta': 19.072813358063716, 'batch_size': 16}. Best is trial 21 with value: 10080.489484935833.
57  MAE:  55.55171647860904
57  RMSE:  105.06882719999668
Best epoch:  3
Best epoch:  7
Best epoch:  12
Best epoch:  12
Best epoch:  17
[I 2023-11-11 06:33:19,735] Trial 58 finished with value: 12755.18679315064 and parameters: {'seed': 107, 'N': 5, 'n_neurons_1': 149, 'n_neurons_2': 128, 'n_neurons_3': 100, 'n_neurons_4': 87, 'Dropout': 0.08267785170195198, 'kernel_regularizer': 0.05010883901096863, 'learning_rate': 0.0008105721365426072, 'beta_1': 0.8572599475027652, 'min_delta': 19.352872206944667, 'batch_size': 16}. Best is trial 21 with value: 10080.489484935833.
58  MAE:  58.53867668480524
58  RMSE:  112.93886307711195
Best epoch:  19
Best epoch:  12
Best epoch:  17
Best epoch:  16
[I 2023-11-11 06:34:43,662] Trial 59 finished with value: 12134.524645449721 and parameters: {'seed': 134, 'N': 4, 'n_neurons_1': 153, 'n_neurons_2': 124, 'n_neurons_3': 106, 'n_neurons_4': 84, 'Dropout': 0.07570567008823537, 'kernel_regularizer': 0.07797456903439309, 'learning_rate': 0.0009933445086278585, 'beta_1': 0.864667528459028, 'min_delta': 18.459583439786524, 'batch_size': 64}. Best is trial 21 with value: 10080.489484935833.
59  MAE:  58.03873716368579
59  RMSE:  110.15681842468818
Best epoch:  10
Best epoch:  10
Best epoch:  7
Best epoch:  9
Best epoch:  18
[I 2023-11-11 06:39:05,905] Trial 60 finished with value: 10511.347001870052 and parameters: {'seed': 123, 'N': 5, 'n_neurons_1': 141, 'n_neurons_2': 133, 'n_neurons_3': 128, 'n_neurons_4': 82, 'Dropout': 0.08744117327118717, 'kernel_regularizer': 0.0668221040853483, 'learning_rate': 0.0009531751717786125, 'beta_1': 0.8461048452712855, 'min_delta': 16.145468164928644, 'batch_size': 16}. Best is trial 21 with value: 10080.489484935833.
60  MAE:  55.39496031477511
60  RMSE:  102.52486040892741
Best epoch:  12
Best epoch:  12
Best epoch:  12
[I 2023-11-11 06:41:36,620] Trial 61 finished with value: 9726.844911749864 and parameters: {'seed': 112, 'N': 3, 'n_neurons_1': 144, 'n_neurons_2': 132, 'n_neurons_3': 118, 'n_neurons_4': 87, 'Dropout': 0.06880332392403306, 'kernel_regularizer': 0.07098480271773347, 'learning_rate': 0.0008750518496498358, 'beta_1': 0.8812915281384773, 'min_delta': 19.60058137213904, 'batch_size': 16}. Best is trial 61 with value: 9726.844911749864.
61  MAE:  50.862319438148674
61  RMSE:  98.6247682468753
Best epoch:  8
Best epoch:  9
Best epoch:  8
Best epoch:  5
[I 2023-11-11 06:45:04,144] Trial 62 finished with value: 10428.725918215181 and parameters: {'seed': 109, 'N': 4, 'n_neurons_1': 144, 'n_neurons_2': 130, 'n_neurons_3': 122, 'n_neurons_4': 89, 'Dropout': 0.06993675190610957, 'kernel_regularizer': 0.05841877631178247, 'learning_rate': 0.0009153378631415827, 'beta_1': 0.8783421611149137, 'min_delta': 19.9238580100256, 'batch_size': 16}. Best is trial 61 with value: 9726.844911749864.
62  MAE:  54.17278005784625
62  RMSE:  102.12113355332079
Best epoch:  12
Best epoch:  8
Best epoch:  8
Best epoch:  5
[I 2023-11-11 06:48:31,260] Trial 63 finished with value: 11365.973818481407 and parameters: {'seed': 109, 'N': 4, 'n_neurons_1': 144, 'n_neurons_2': 129, 'n_neurons_3': 123, 'n_neurons_4': 89, 'Dropout': 0.06914611958401132, 'kernel_regularizer': 0.05983857766788252, 'learning_rate': 0.0009151780353156951, 'beta_1': 0.8745017797185441, 'min_delta': 19.94112842661498, 'batch_size': 16}. Best is trial 61 with value: 9726.844911749864.
63  MAE:  57.63320146653358
63  RMSE:  106.61132124911222
Best epoch:  6
Best epoch:  6
Best epoch:  9
[I 2023-11-11 06:51:20,713] Trial 64 finished with value: 11832.69529820511 and parameters: {'seed': 103, 'N': 3, 'n_neurons_1': 142, 'n_neurons_2': 125, 'n_neurons_3': 125, 'n_neurons_4': 87, 'Dropout': 0.08127646881136946, 'kernel_regularizer': 0.0554134815515481, 'learning_rate': 0.0009310601002147534, 'beta_1': 0.8797598703455118, 'min_delta': 19.4443297772223, 'batch_size': 16}. Best is trial 61 with value: 9726.844911749864.
64  MAE:  57.16468709566502
64  RMSE:  108.77819311886509
Best epoch:  10
Best epoch:  21
Best epoch:  21
[I 2023-11-11 06:54:11,373] Trial 65 finished with value: 12613.87803054503 and parameters: {'seed': 114, 'N': 3, 'n_neurons_1': 145, 'n_neurons_2': 130, 'n_neurons_3': 121, 'n_neurons_4': 89, 'Dropout': 0.055066469241873015, 'kernel_regularizer': 0.0747091641861801, 'learning_rate': 0.0008642148656974267, 'beta_1': 0.867529687825951, 'min_delta': 18.819107281939267, 'batch_size': 16}. Best is trial 61 with value: 9726.844911749864.
65  MAE:  61.24345361187351
65  RMSE:  112.31152225192672
Best epoch:  18
Best epoch:  13
Best epoch:  13
Best epoch:  13
[I 2023-11-11 06:58:02,847] Trial 66 finished with value: 12222.07581458176 and parameters: {'seed': 119, 'N': 4, 'n_neurons_1': 149, 'n_neurons_2': 126, 'n_neurons_3': 118, 'n_neurons_4': 86, 'Dropout': 0.07914333868361571, 'kernel_regularizer': 0.09663153328632491, 'learning_rate': 0.0009425009948757998, 'beta_1': 0.871039790571746, 'min_delta': 19.900793806553068, 'batch_size': 16}. Best is trial 61 with value: 9726.844911749864.
66  MAE:  57.722445498742374
66  RMSE:  110.55349752306238
Best epoch:  13
Best epoch:  12
Best epoch:  12
Best epoch:  12
[I 2023-11-11 07:00:29,739] Trial 67 finished with value: 12421.946442338087 and parameters: {'seed': 100, 'N': 4, 'n_neurons_1': 140, 'n_neurons_2': 132, 'n_neurons_3': 125, 'n_neurons_4': 87, 'Dropout': 0.07050221246319857, 'kernel_regularizer': 0.06774914010055864, 'learning_rate': 0.0008893130107534081, 'beta_1': 0.8943589438190092, 'min_delta': 18.317487697257118, 'batch_size': 32}. Best is trial 61 with value: 9726.844911749864.
67  MAE:  58.31532427055008
67  RMSE:  111.45378612832354
Best epoch:  13
Best epoch:  16
[I 2023-11-11 07:02:21,670] Trial 68 finished with value: 11913.531410518775 and parameters: {'seed': 111, 'N': 2, 'n_neurons_1': 144, 'n_neurons_2': 128, 'n_neurons_3': 122, 'n_neurons_4': 90, 'Dropout': 0.0604609872091368, 'kernel_regularizer': 0.08675758452936705, 'learning_rate': 0.0009192733121772202, 'beta_1': 0.8587663966286941, 'min_delta': 19.55505332761118, 'batch_size': 16}. Best is trial 61 with value: 9726.844911749864.
68  MAE:  57.10758062540577
68  RMSE:  109.14912464385033
Best epoch:  21
Best epoch:  12
Best epoch:  12
[I 2023-11-11 07:04:56,525] Trial 69 finished with value: 11901.322486279278 and parameters: {'seed': 107, 'N': 3, 'n_neurons_1': 151, 'n_neurons_2': 123, 'n_neurons_3': 119, 'n_neurons_4': 85, 'Dropout': 0.09515389254897781, 'kernel_regularizer': 0.054950161954340535, 'learning_rate': 0.0009646677460023659, 'beta_1': 0.8793635755794151, 'min_delta': 17.629239544092414, 'batch_size': 16}. Best is trial 61 with value: 9726.844911749864.
69  MAE:  59.94318457833764
69  RMSE:  109.0931825838777
Best epoch:  11
Best epoch:  17
Best epoch:  24
Best epoch:  22
Best epoch:  17
[I 2023-11-11 07:09:45,694] Trial 70 finished with value: 10714.45826582407 and parameters: {'seed': 104, 'N': 5, 'n_neurons_1': 177, 'n_neurons_2': 130, 'n_neurons_3': 129, 'n_neurons_4': 88, 'Dropout': 0.08860764692242477, 'kernel_regularizer': 0.06651476212878309, 'learning_rate': 0.0009063176548421797, 'beta_1': 0.8878542454812999, 'min_delta': 18.96585227453667, 'batch_size': 16}. Best is trial 61 with value: 9726.844911749864.
70  MAE:  54.01216580397549
70  RMSE:  103.51066740111412
Best epoch:  21
Best epoch:  14
Best epoch:  26
Best epoch:  14
[I 2023-11-11 07:14:02,077] Trial 71 finished with value: 10883.050469714617 and parameters: {'seed': 116, 'N': 4, 'n_neurons_1': 147, 'n_neurons_2': 134, 'n_neurons_3': 121, 'n_neurons_4': 86, 'Dropout': 0.05384880331950882, 'kernel_regularizer': 0.07517448103840725, 'learning_rate': 0.0008242720773493409, 'beta_1': 0.8961843799454701, 'min_delta': 19.558094403830417, 'batch_size': 16}. Best is trial 61 with value: 9726.844911749864.
71  MAE:  57.02468025730658
71  RMSE:  104.32185998013368
Best epoch:  12
Best epoch:  7
Best epoch:  12
Best epoch:  12
[I 2023-11-11 07:17:55,996] Trial 72 finished with value: 9644.473537652731 and parameters: {'seed': 112, 'N': 4, 'n_neurons_1': 146, 'n_neurons_2': 132, 'n_neurons_3': 117, 'n_neurons_4': 89, 'Dropout': 0.059709470491535674, 'kernel_regularizer': 0.06272677306314332, 'learning_rate': 0.0008860772392823191, 'beta_1': 0.8997274853415013, 'min_delta': 8.118254496074728, 'batch_size': 16}. Best is trial 72 with value: 9644.473537652731.
72  MAE:  51.884766323773164
72  RMSE:  98.20628054077159
Best epoch:  5
Best epoch:  13
Best epoch:  5
Best epoch:  11
[I 2023-11-11 07:21:27,329] Trial 73 finished with value: 12033.197406615858 and parameters: {'seed': 113, 'N': 4, 'n_neurons_1': 148, 'n_neurons_2': 132, 'n_neurons_3': 124, 'n_neurons_4': 90, 'Dropout': 0.059583311015688326, 'kernel_regularizer': 0.05699037351045151, 'learning_rate': 0.0008970689968756907, 'beta_1': 0.899421706823615, 'min_delta': 7.827569987446274, 'batch_size': 16}. Best is trial 72 with value: 9644.473537652731.
73  MAE:  54.32029608459827
73  RMSE:  109.69593158643514
Best epoch:  16
Best epoch:  16
Best epoch:  16
Best epoch:  21
[I 2023-11-11 07:24:48,158] Trial 74 finished with value: 12756.194315228408 and parameters: {'seed': 108, 'N': 4, 'n_neurons_1': 142, 'n_neurons_2': 134, 'n_neurons_3': 116, 'n_neurons_4': 89, 'Dropout': 0.06533846787440535, 'kernel_regularizer': 0.06409146686250787, 'learning_rate': 0.000882583097678845, 'beta_1': 0.8906026985219311, 'min_delta': 19.944511708502787, 'batch_size': 16}. Best is trial 72 with value: 9644.473537652731.
74  MAE:  61.033775849946906
74  RMSE:  112.9433234645962
Best epoch:  9
Best epoch:  34
Best epoch:  21
[I 2023-11-11 07:26:40,878] Trial 75 finished with value: 13008.823555981475 and parameters: {'seed': 121, 'N': 3, 'n_neurons_1': 145, 'n_neurons_2': 128, 'n_neurons_3': 118, 'n_neurons_4': 87, 'Dropout': 0.05363524351311532, 'kernel_regularizer': 0.07919613548873221, 'learning_rate': 0.0008638117052734747, 'beta_1': 0.8865769270633728, 'min_delta': 19.162024943188605, 'batch_size': 32}. Best is trial 72 with value: 9644.473537652731.
75  MAE:  59.611877544625386
75  RMSE:  114.05622979908408
[I 2023-11-11 07:27:22,099] Trial 76 finished with value: 17749.064756475356 and parameters: {'seed': 127, 'N': 1, 'n_neurons_1': 150, 'n_neurons_2': 126, 'n_neurons_3': 104, 'n_neurons_4': 88, 'Dropout': 0.0734858610632841, 'kernel_regularizer': 0.07242944766420095, 'learning_rate': 0.0009194755277637569, 'beta_1': 0.8821177627363065, 'min_delta': 14.980174755720434, 'batch_size': 16}. Best is trial 72 with value: 9644.473537652731.
Best epoch:  17
76  MAE:  70.57627941542195
76  RMSE:  133.22561599210326
Best epoch:  12
Best epoch:  14
Best epoch:  12
Best epoch:  24
[I 2023-11-11 07:28:56,531] Trial 77 finished with value: 12620.28093196928 and parameters: {'seed': 104, 'N': 4, 'n_neurons_1': 155, 'n_neurons_2': 121, 'n_neurons_3': 122, 'n_neurons_4': 84, 'Dropout': 0.06848320800754057, 'kernel_regularizer': 0.05002163364848035, 'learning_rate': 0.0009369832892169894, 'beta_1': 0.8956124176038476, 'min_delta': 16.935246038297546, 'batch_size': 64}. Best is trial 72 with value: 9644.473537652731.
77  MAE:  58.05600943603392
77  RMSE:  112.34002373139005
Best epoch:  9
Best epoch:  8
Best epoch:  18
[I 2023-11-11 07:31:34,158] Trial 78 finished with value: 12895.307275707233 and parameters: {'seed': 117, 'N': 3, 'n_neurons_1': 146, 'n_neurons_2': 136, 'n_neurons_3': 120, 'n_neurons_4': 89, 'Dropout': 0.06152823113900802, 'kernel_regularizer': 0.06107619873546488, 'learning_rate': 0.00087987195131895, 'beta_1': 0.8898724495632641, 'min_delta': 18.70197458399106, 'batch_size': 16}. Best is trial 72 with value: 9644.473537652731.
78  MAE:  59.339771794056325
78  RMSE:  113.5575064701019
Best epoch:  14
Best epoch:  7
Best epoch:  21
Best epoch:  10
