154 sub:

df_merge['0'] = pd.read_csv("dnn_kaggle3/optuna_sub_72.csv", index_col='id')
df_merge['1'] = pd.read_csv("dnn_kaggle3/optuna_sub_11.csv", index_col='id')
df_merge['2'] = pd.read_csv("dnn_kaggle3/optuna_sub_37.csv", index_col='id')
df_merge['3'] = pd.read_csv("dnn_kaggle3/optuna_sub_61.csv", index_col='id')
df_merge['4'] = pd.read_csv("dnn_kaggle3/optuna_sub_141.csv", index_col='id')



[I 2023-11-11 03:53:36,314] A new study created in memory with name: no-name-2324c3a6-ccf0-42d7-a945-ac02468bff7a
Best epoch:  15
Best epoch:  21
Best epoch:  15
Best epoch:  15
Best epoch:  15
[I 2023-11-11 03:55:36,686] Trial 0 finished with value: 10984.695854959331 and parameters: {'seed': 171, 'N': 5, 'n_neurons_1': 168, 'n_neurons_2': 155, 'n_neurons_3': 105, 'n_neurons_4': 64, 'Dropout': 0.08956871000905606, 'kernel_regularizer': 0.1743579132675262, 'learning_rate': 0.0010808179469905348, 'beta_1': 0.8564463353189165, 'min_delta': 16.390107199653677, 'batch_size': 64}. Best is trial 0 with value: 10984.695854959331.
0  MAE:  54.396598463503075
0  RMSE:  104.80789977363028
Best epoch:  6
Best epoch:  14
Best epoch:  6
Best epoch:  14
Best epoch:  27
Best epoch:  18
[I 2023-11-11 03:59:03,545] Trial 1 finished with value: 11871.693624821215 and parameters: {'seed': 192, 'N': 6, 'n_neurons_1': 169, 'n_neurons_2': 140, 'n_neurons_3': 103, 'n_neurons_4': 68, 'Dropout': 0.11638424301564798, 'kernel_regularizer': 0.1614666703940946, 'learning_rate': 0.0011430037597927958, 'beta_1': 0.8221841907801594, 'min_delta': 5.522905502440084, 'batch_size': 32}. Best is trial 0 with value: 10984.695854959331.
1  MAE:  55.528597686753976
1  RMSE:  108.95730184260812
Best epoch:  22
Best epoch:  24
Best epoch:  24
Best epoch:  19
[I 2023-11-11 04:01:56,520] Trial 2 finished with value: 12015.305174604451 and parameters: {'seed': 143, 'N': 4, 'n_neurons_1': 163, 'n_neurons_2': 139, 'n_neurons_3': 108, 'n_neurons_4': 62, 'Dropout': 0.1349884596306934, 'kernel_regularizer': 0.24484132954334537, 'learning_rate': 0.0010188086663513894, 'beta_1': 0.781799583331176, 'min_delta': 16.80608516204505, 'batch_size': 32}. Best is trial 0 with value: 10984.695854959331.
2  MAE:  59.345043364245576
2  RMSE:  109.61434748519216
[I 2023-11-11 04:02:27,295] Trial 3 finished with value: 12248.801426108379 and parameters: {'seed': 141, 'N': 1, 'n_neurons_1': 144, 'n_neurons_2': 150, 'n_neurons_3': 129, 'n_neurons_4': 72, 'Dropout': 0.09711235378130942, 'kernel_regularizer': 0.0837561124133201, 'learning_rate': 0.000767076135772081, 'beta_1': 0.7751894317136513, 'min_delta': 15.868572043961997, 'batch_size': 64}. Best is trial 0 with value: 10984.695854959331.
Best epoch:  29
3  MAE:  59.545587250519354
3  RMSE:  110.67430336852534
Best epoch:  7
Best epoch:  22
[I 2023-11-11 04:04:10,913] Trial 4 finished with value: 12015.072727010522 and parameters: {'seed': 148, 'N': 2, 'n_neurons_1': 174, 'n_neurons_2': 121, 'n_neurons_3': 117, 'n_neurons_4': 66, 'Dropout': 0.16521049964229334, 'kernel_regularizer': 0.11718352481809968, 'learning_rate': 0.0008505523408282119, 'beta_1': 0.8704191696762001, 'min_delta': 12.202572523312828, 'batch_size': 16}. Best is trial 0 with value: 10984.695854959331.
4  MAE:  58.805774762819624
4  RMSE:  109.61328718276138
[I 2023-11-11 04:04:48,892] Trial 5 finished with value: 15021.106142890882 and parameters: {'seed': 178, 'N': 1, 'n_neurons_1': 142, 'n_neurons_2': 160, 'n_neurons_3': 112, 'n_neurons_4': 66, 'Dropout': 0.1938405065748422, 'kernel_regularizer': 0.12264930576302054, 'learning_rate': 0.0008577748707053603, 'beta_1': 0.811044045587266, 'min_delta': 10.661875681226814, 'batch_size': 32}. Best is trial 0 with value: 10984.695854959331.
Best epoch:  30
5  MAE:  67.6718803018493
5  RMSE:  122.56062231765503
Best epoch:  17
Best epoch:  17
[I 2023-11-11 04:05:30,034] Trial 6 finished with value: 12260.055017151746 and parameters: {'seed': 139, 'N': 2, 'n_neurons_1': 172, 'n_neurons_2': 135, 'n_neurons_3': 101, 'n_neurons_4': 76, 'Dropout': 0.11816489769275278, 'kernel_regularizer': 0.22266213331365592, 'learning_rate': 0.000775309113824938, 'beta_1': 0.7597335631400917, 'min_delta': 13.160276298809949, 'batch_size': 64}. Best is trial 0 with value: 10984.695854959331.
6  MAE:  59.5440699712701
6  RMSE:  110.72513272582583
[I 2023-11-11 04:05:54,299] Trial 7 finished with value: 19901.88694993869 and parameters: {'seed': 195, 'N': 1, 'n_neurons_1': 154, 'n_neurons_2': 151, 'n_neurons_3': 97, 'n_neurons_4': 77, 'Dropout': 0.07573284225308859, 'kernel_regularizer': 0.2389757148297022, 'learning_rate': 0.000878385317822336, 'beta_1': 0.7805301383472942, 'min_delta': 16.851627336464432, 'batch_size': 64}. Best is trial 0 with value: 10984.695854959331.
Best epoch:  17
7  MAE:  75.29490008045741
7  RMSE:  141.07404775485352
Best epoch:  15
Best epoch:  8
Best epoch:  33
Best epoch:  33
[I 2023-11-11 04:10:14,810] Trial 8 finished with value: 11608.422717216921 and parameters: {'seed': 198, 'N': 4, 'n_neurons_1': 141, 'n_neurons_2': 141, 'n_neurons_3': 90, 'n_neurons_4': 67, 'Dropout': 0.0721479454457957, 'kernel_regularizer': 0.2174479696763298, 'learning_rate': 0.0009829795038960806, 'beta_1': 0.8491376834826548, 'min_delta': 15.711592226723806, 'batch_size': 16}. Best is trial 0 with value: 10984.695854959331.
8  MAE:  57.7005600371668
8  RMSE:  107.74239053045427
Best epoch:  11
Best epoch:  5
Best epoch:  25
Best epoch:  15
[I 2023-11-11 04:13:41,305] Trial 9 finished with value: 10447.653265927085 and parameters: {'seed': 146, 'N': 4, 'n_neurons_1': 146, 'n_neurons_2': 132, 'n_neurons_3': 115, 'n_neurons_4': 83, 'Dropout': 0.06207788501478988, 'kernel_regularizer': 0.0629607022044426, 'learning_rate': 0.0008264928348074004, 'beta_1': 0.8882712636379225, 'min_delta': 9.144848938791569, 'batch_size': 16}. Best is trial 9 with value: 10447.653265927085.
9  MAE:  55.2973762593843
9  RMSE:  102.2137626052729
Best epoch:  10
Best epoch:  13
Best epoch:  13
[I 2023-11-11 04:16:13,843] Trial 10 finished with value: 10268.954731885025 and parameters: {'seed': 106, 'N': 3, 'n_neurons_1': 152, 'n_neurons_2': 125, 'n_neurons_3': 120, 'n_neurons_4': 87, 'Dropout': 0.051727420272720474, 'kernel_regularizer': 0.05341695058409751, 'learning_rate': 0.0009277750999602036, 'beta_1': 0.8986646109287096, 'min_delta': 19.977754987767415, 'batch_size': 16}. Best is trial 10 with value: 10268.954731885025.
10  MAE:  53.97938478443217
10  RMSE:  101.33585116771371
Best epoch:  19
Best epoch:  3
Best epoch:  6
[I 2023-11-11 04:18:58,848] Trial 11 finished with value: 10149.402371261647 and parameters: {'seed': 103, 'N': 3, 'n_neurons_1': 152, 'n_neurons_2': 125, 'n_neurons_3': 122, 'n_neurons_4': 87, 'Dropout': 0.05008817615531408, 'kernel_regularizer': 0.05150178881381144, 'learning_rate': 0.000930782039659612, 'beta_1': 0.8987855235136082, 'min_delta': 8.608324968727153, 'batch_size': 16}. Best is trial 11 with value: 10149.402371261647.
11  MAE:  50.56309348996878
11  RMSE:  100.74424237276116
Best epoch:  7
Best epoch:  7
Best epoch:  7
[I 2023-11-11 04:21:39,403] Trial 12 finished with value: 12401.67457158636 and parameters: {'seed': 101, 'N': 3, 'n_neurons_1': 155, 'n_neurons_2': 123, 'n_neurons_3': 124, 'n_neurons_4': 90, 'Dropout': 0.05035834532709104, 'kernel_regularizer': 0.05734506171737233, 'learning_rate': 0.0009020852257578798, 'beta_1': 0.8915846851419021, 'min_delta': 19.729449780453564, 'batch_size': 16}. Best is trial 11 with value: 10149.402371261647.
12  MAE:  59.38428996544212
12  RMSE:  111.36280605115138
Best epoch:  8
Best epoch:  21
Best epoch:  8
[I 2023-11-11 04:24:09,809] Trial 13 finished with value: 12441.330084665664 and parameters: {'seed': 102, 'N': 3, 'n_neurons_1': 153, 'n_neurons_2': 126, 'n_neurons_3': 122, 'n_neurons_4': 89, 'Dropout': 0.05005938357953502, 'kernel_regularizer': 0.0511241053591373, 'learning_rate': 0.0009315655212977531, 'beta_1': 0.8950559171552942, 'min_delta': 19.999567307915576, 'batch_size': 16}. Best is trial 11 with value: 10149.402371261647.
13  MAE:  56.48626730312015
13  RMSE:  111.5407104364396
Best epoch:  14
Best epoch:  7
Best epoch:  14
[I 2023-11-11 04:26:48,193] Trial 14 finished with value: 10956.834077109925 and parameters: {'seed': 120, 'N': 3, 'n_neurons_1': 149, 'n_neurons_2': 129, 'n_neurons_3': 120, 'n_neurons_4': 84, 'Dropout': 0.08188925218838713, 'kernel_regularizer': 0.08904033307551473, 'learning_rate': 0.0009458038940544702, 'beta_1': 0.8993816039599706, 'min_delta': 8.620019326884616, 'batch_size': 16}. Best is trial 11 with value: 10149.402371261647.
14  MAE:  53.59468604109962
14  RMSE:  104.67489707236365
Best epoch:  6
Best epoch:  6
[I 2023-11-11 04:28:33,598] Trial 15 finished with value: 14375.819648244484 and parameters: {'seed': 119, 'N': 2, 'n_neurons_1': 160, 'n_neurons_2': 120, 'n_neurons_3': 128, 'n_neurons_4': 83, 'Dropout': 0.06273898541482346, 'kernel_regularizer': 0.08287216429556754, 'learning_rate': 0.0009988759117721068, 'beta_1': 0.8721763411502075, 'min_delta': 6.362316556740867, 'batch_size': 16}. Best is trial 11 with value: 10149.402371261647.
15  MAE:  63.39600630408498
15  RMSE:  119.89920620356284
Best epoch:  13
Best epoch:  18
Best epoch:  7
Best epoch:  18
Best epoch:  13
[I 2023-11-11 04:33:48,643] Trial 16 finished with value: 10838.248099610368 and parameters: {'seed': 119, 'N': 5, 'n_neurons_1': 159, 'n_neurons_2': 127, 'n_neurons_3': 125, 'n_neurons_4': 86, 'Dropout': 0.09088856247620039, 'kernel_regularizer': 0.11366538324828429, 'learning_rate': 0.0009249042093581207, 'beta_1': 0.8452408672138675, 'min_delta': 13.530597786953134, 'batch_size': 16}. Best is trial 11 with value: 10149.402371261647.
16  MAE:  55.19806730141935
16  RMSE:  104.10690706965781
Best epoch:  10
Best epoch:  10
Best epoch:  7
[I 2023-11-11 04:36:46,961] Trial 17 finished with value: 11532.871063298859 and parameters: {'seed': 128, 'N': 3, 'n_neurons_1': 150, 'n_neurons_2': 133, 'n_neurons_3': 118, 'n_neurons_4': 79, 'Dropout': 0.05158943327824021, 'kernel_regularizer': 0.05345641800778108, 'learning_rate': 0.0011970126652608467, 'beta_1': 0.876746571796495, 'min_delta': 7.32964778242843, 'batch_size': 16}. Best is trial 11 with value: 10149.402371261647.
17  MAE:  56.21672651274376
17  RMSE:  107.39120570744542
Best epoch:  10
Best epoch:  10
Best epoch:  5
Best epoch:  8
Best epoch:  5
[I 2023-11-11 04:41:54,902] Trial 18 finished with value: 10802.200120178237 and parameters: {'seed': 109, 'N': 5, 'n_neurons_1': 179, 'n_neurons_2': 145, 'n_neurons_3': 111, 'n_neurons_4': 81, 'Dropout': 0.06905955875428405, 'kernel_regularizer': 0.07590960691823594, 'learning_rate': 0.0010510917117246416, 'beta_1': 0.8822727631609995, 'min_delta': 11.197622605927393, 'batch_size': 16}. Best is trial 11 with value: 10149.402371261647.
18  MAE:  54.397293706913906
18  RMSE:  103.93363324823316
Best epoch:  6
Best epoch:  9
19  MAE:  57.890641477494256
19  RMSE:  108.90348645817161
[I 2023-11-11 04:42:56,538] Trial 19 finished with value: 11859.969362745169 and parameters: {'seed': 163, 'N': 2, 'n_neurons_1': 148, 'n_neurons_2': 125, 'n_neurons_3': 114, 'n_neurons_4': 87, 'Dropout': 0.10166733353646427, 'kernel_regularizer': 0.10040575180590888, 'learning_rate': 0.0009601323757798687, 'beta_1': 0.8599334549698413, 'min_delta': 5.037848888482824, 'batch_size': 32}. Best is trial 11 with value: 10149.402371261647.
Best epoch:  10
Best epoch:  10
Best epoch:  21
Best epoch:  10
[I 2023-11-11 04:46:31,473] Trial 20 finished with value: 11799.688986248319 and parameters: {'seed': 130, 'N': 4, 'n_neurons_1': 164, 'n_neurons_2': 130, 'n_neurons_3': 126, 'n_neurons_4': 72, 'Dropout': 0.0806350920301717, 'kernel_regularizer': 0.13271698376051527, 'learning_rate': 0.0008882436665594731, 'beta_1': 0.8972901322394385, 'min_delta': 9.091790728238252, 'batch_size': 16}. Best is trial 11 with value: 10149.402371261647.
20  MAE:  57.399849069215364
20  RMSE:  108.62637334574103
Best epoch:  12
Best epoch:  14
Best epoch:  12
Best epoch:  8
[I 2023-11-11 04:50:33,782] Trial 21 finished with value: 10080.489484935833 and parameters: {'seed': 111, 'N': 4, 'n_neurons_1': 146, 'n_neurons_2': 134, 'n_neurons_3': 117, 'n_neurons_4': 86, 'Dropout': 0.059695201970138105, 'kernel_regularizer': 0.06680011552011587, 'learning_rate': 0.0008228226077793532, 'beta_1': 0.8856390423902608, 'min_delta': 9.40143135776207, 'batch_size': 16}. Best is trial 21 with value: 10080.489484935833.
21  MAE:  53.56020031832189
21  RMSE:  100.40164084782596
Best epoch:  11
Best epoch:  10
Best epoch:  17
[I 2023-11-11 04:53:37,805] Trial 22 finished with value: 12198.08309663419 and parameters: {'seed': 110, 'N': 3, 'n_neurons_1': 156, 'n_neurons_2': 136, 'n_neurons_3': 121, 'n_neurons_4': 87, 'Dropout': 0.06313667956259807, 'kernel_regularizer': 0.0640044262314717, 'learning_rate': 0.0008225455328774531, 'beta_1': 0.8853695205205127, 'min_delta': 10.292743157345944, 'batch_size': 16}. Best is trial 21 with value: 10080.489484935833.
22  MAE:  56.0513604494479
22  RMSE:  110.44493241717426
Best epoch:  16
Best epoch:  12
Best epoch:  16
Best epoch:  16
[I 2023-11-11 04:57:46,910] Trial 23 finished with value: 12201.275195506883 and parameters: {'seed': 111, 'N': 4, 'n_neurons_1': 151, 'n_neurons_2': 129, 'n_neurons_3': 118, 'n_neurons_4': 90, 'Dropout': 0.06325465326862417, 'kernel_regularizer': 0.07211593651569229, 'learning_rate': 0.0009084638175759197, 'beta_1': 0.8985035255843195, 'min_delta': 7.831438879421582, 'batch_size': 16}. Best is trial 21 with value: 10080.489484935833.
23  MAE:  58.20011501942368
23  RMSE:  110.45938255986624
Best epoch:  3
Best epoch:  4
Best epoch:  4
Best epoch:  16
Best epoch:  4
[I 2023-11-11 05:02:05,078] Trial 24 finished with value: 11795.017429993643 and parameters: {'seed': 127, 'N': 5, 'n_neurons_1': 146, 'n_neurons_2': 123, 'n_neurons_3': 122, 'n_neurons_4': 80, 'Dropout': 0.07807610973839607, 'kernel_regularizer': 0.09758101639372047, 'learning_rate': 0.0009586522614971631, 'beta_1': 0.8770393925060563, 'min_delta': 9.689471713927734, 'batch_size': 16}. Best is trial 21 with value: 10080.489484935833.
24  MAE:  57.15922203513837
24  RMSE:  108.60486835309752
Best epoch:  21
Best epoch:  11
Best epoch:  21
Best epoch:  21
Best epoch:  7
Best epoch:  21
[I 2023-11-11 05:09:06,175] Trial 25 finished with value: 11408.643297331277 and parameters: {'seed': 100, 'N': 6, 'n_neurons_1': 158, 'n_neurons_2': 133, 'n_neurons_3': 108, 'n_neurons_4': 85, 'Dropout': 0.050677150800031046, 'kernel_regularizer': 0.05115298536772808, 'learning_rate': 0.0008154800636789362, 'beta_1': 0.8686464868302692, 'min_delta': 7.723790260001103, 'batch_size': 16}. Best is trial 21 with value: 10080.489484935833.
25  MAE:  55.36017230928917
25  RMSE:  106.81125079939508
Best epoch:  12
Best epoch:  12
Best epoch:  12
[I 2023-11-11 05:11:54,590] Trial 26 finished with value: 10453.376760187255 and parameters: {'seed': 112, 'N': 3, 'n_neurons_1': 147, 'n_neurons_2': 137, 'n_neurons_3': 114, 'n_neurons_4': 88, 'Dropout': 0.06375085838477551, 'kernel_regularizer': 0.07072815789712009, 'learning_rate': 0.0008746850033458549, 'beta_1': 0.8848919886182478, 'min_delta': 11.545797458969481, 'batch_size': 16}. Best is trial 21 with value: 10080.489484935833.
26  MAE:  56.552489127703346
26  RMSE:  102.24175644122735
Best epoch:  21
Best epoch:  15
[I 2023-11-11 05:13:48,901] Trial 27 finished with value: 10950.225632008316 and parameters: {'seed': 132, 'N': 2, 'n_neurons_1': 152, 'n_neurons_2': 143, 'n_neurons_3': 130, 'n_neurons_4': 82, 'Dropout': 0.08581428836240951, 'kernel_regularizer': 0.07109355895890124, 'learning_rate': 0.0009272568324640792, 'beta_1': 0.8873043787140568, 'min_delta': 10.207778561861476, 'batch_size': 16}. Best is trial 21 with value: 10080.489484935833.
27  MAE:  55.83507413637705
27  RMSE:  104.64332578816632
Best epoch:  12
Best epoch:  21
Best epoch:  31
Best epoch:  31
[I 2023-11-11 05:15:53,982] Trial 28 finished with value: 12409.360440930383 and parameters: {'seed': 159, 'N': 4, 'n_neurons_1': 140, 'n_neurons_2': 124, 'n_neurons_3': 119, 'n_neurons_4': 78, 'Dropout': 0.10166738349114605, 'kernel_regularizer': 0.094628578133501, 'learning_rate': 0.0007913446606708435, 'beta_1': 0.8629852141044544, 'min_delta': 8.41008488591596, 'batch_size': 64}. Best is trial 21 with value: 10080.489484935833.
28  MAE:  58.19736323283738
28  RMSE:  111.39730894833313
Best epoch:  13
Best epoch:  13
Best epoch:  19
Best epoch:  12
Best epoch:  13
[I 2023-11-11 05:18:29,104] Trial 29 finished with value: 14273.710760713779 and parameters: {'seed': 106, 'N': 5, 'n_neurons_1': 144, 'n_neurons_2': 127, 'n_neurons_3': 124, 'n_neurons_4': 74, 'Dropout': 0.0717173049303205, 'kernel_regularizer': 0.10304692158404369, 'learning_rate': 0.0007515218891230087, 'beta_1': 0.8554445074090932, 'min_delta': 6.905998381442483, 'batch_size': 32}. Best is trial 21 with value: 10080.489484935833.
29  MAE:  64.47878938744591
29  RMSE:  119.47263603316777
Best epoch:  26
Best epoch:  9
Best epoch:  9
[I 2023-11-11 05:19:35,944] Trial 30 finished with value: 14431.43227158604 and parameters: {'seed': 116, 'N': 3, 'n_neurons_1': 162, 'n_neurons_2': 130, 'n_neurons_3': 127, 'n_neurons_4': 85, 'Dropout': 0.08967688434139144, 'kernel_regularizer': 0.08347837848591641, 'learning_rate': 0.0009741738150829685, 'beta_1': 0.8785242469145405, 'min_delta': 6.365498651367184, 'batch_size': 64}. Best is trial 21 with value: 10080.489484935833.
30  MAE:  67.19414390023906
30  RMSE:  120.13089640715265
Best epoch:  19
Best epoch:  6
Best epoch:  19
Best epoch:  19
[I 2023-11-11 05:23:21,685] Trial 31 finished with value: 12303.684360108477 and parameters: {'seed': 182, 'N': 4, 'n_neurons_1': 145, 'n_neurons_2': 133, 'n_neurons_3': 115, 'n_neurons_4': 84, 'Dropout': 0.059431368303211426, 'kernel_regularizer': 0.06192669487685949, 'learning_rate': 0.0008283637447390027, 'beta_1': 0.8996380071044883, 'min_delta': 9.479922675098596, 'batch_size': 16}. Best is trial 21 with value: 10080.489484935833.
31  MAE:  59.1306179380217
31  RMSE:  110.92197419857112
Best epoch:  23
Best epoch:  18
Best epoch:  18
Best epoch:  18
[I 2023-11-11 05:28:01,382] Trial 32 finished with value: 10931.052250599505 and parameters: {'seed': 161, 'N': 4, 'n_neurons_1': 149, 'n_neurons_2': 132, 'n_neurons_3': 117, 'n_neurons_4': 88, 'Dropout': 0.05645162035181438, 'kernel_regularizer': 0.06290777500666166, 'learning_rate': 0.0008461923902950172, 'beta_1': 0.8887641854988221, 'min_delta': 8.32667161777463, 'batch_size': 16}. Best is trial 21 with value: 10080.489484935833.
32  MAE:  57.0115148072296
32  RMSE:  104.55167263415495
Best epoch:  30
Best epoch:  20
Best epoch:  21
Best epoch:  11
[I 2023-11-11 05:32:24,101] Trial 33 finished with value: 11078.08973221509 and parameters: {'seed': 153, 'N': 4, 'n_neurons_1': 143, 'n_neurons_2': 139, 'n_neurons_3': 108, 'n_neurons_4': 82, 'Dropout': 0.06901456218195204, 'kernel_regularizer': 0.07285876577815092, 'learning_rate': 0.000798467688989598, 'beta_1': 0.8882189835267106, 'min_delta': 9.696153764335357, 'batch_size': 16}. Best is trial 21 with value: 10080.489484935833.
33  MAE:  55.012061615393975
33  RMSE:  105.2525046363035
Best epoch:  13
Best epoch:  22
Best epoch:  15
Best epoch:  13
Best epoch:  13
[I 2023-11-11 05:35:24,386] Trial 34 finished with value: 11055.776180288754 and parameters: {'seed': 106, 'N': 5, 'n_neurons_1': 146, 'n_neurons_2': 128, 'n_neurons_3': 115, 'n_neurons_4': 86, 'Dropout': 0.059557286884495506, 'kernel_regularizer': 0.05105138831598651, 'learning_rate': 0.0009001336758420421, 'beta_1': 0.8799280371700051, 'min_delta': 8.72462704184559, 'batch_size': 32}. Best is trial 21 with value: 10080.489484935833.
34  MAE:  55.582302071914285
34  RMSE:  105.1464511064865
Best epoch:  25
Best epoch:  14
Best epoch:  14
[I 2023-11-11 05:37:59,019] Trial 35 finished with value: 11255.872898529145 and parameters: {'seed': 135, 'N': 3, 'n_neurons_1': 156, 'n_neurons_2': 122, 'n_neurons_3': 104, 'n_neurons_4': 61, 'Dropout': 0.07189544642837516, 'kernel_regularizer': 0.08276183411034403, 'learning_rate': 0.0008545037139455101, 'beta_1': 0.8696681976945775, 'min_delta': 11.367424380301706, 'batch_size': 16}. Best is trial 21 with value: 10080.489484935833.
35  MAE:  55.91296424456265
35  RMSE:  106.09369867494085
Best epoch:  2
Best epoch:  13
Best epoch:  10
Best epoch:  22
Best epoch:  10
Best epoch:  14
[I 2023-11-11 05:43:23,326] Trial 36 finished with value: 10480.59172791241 and parameters: {'seed': 124, 'N': 6, 'n_neurons_1': 152, 'n_neurons_2': 136, 'n_neurons_3': 111, 'n_neurons_4': 83, 'Dropout': 0.05659084469732893, 'kernel_regularizer': 0.0635780949102276, 'learning_rate': 0.0008735317139412325, 'beta_1': 0.8889964031950712, 'min_delta': 5.720467019723681, 'batch_size': 16}. Best is trial 21 with value: 10080.489484935833.
36  MAE:  53.65613735494901
36  RMSE:  102.37476118610685
Best epoch:  16
Best epoch:  16
[I 2023-11-11 05:44:38,546] Trial 37 finished with value: 10319.912005639342 and parameters: {'seed': 172, 'N': 2, 'n_neurons_1': 148, 'n_neurons_2': 131, 'n_neurons_3': 123, 'n_neurons_4': 88, 'Dropout': 0.07874479190949873, 'kernel_regularizer': 0.1439179081327247, 'learning_rate': 0.0008355176384468594, 'beta_1': 0.8397125323427664, 'min_delta': 12.138314710142224, 'batch_size': 32}. Best is trial 21 with value: 10080.489484935833.
37  MAE:  52.661249889910046
37  RMSE:  101.58696769585822
[I 2023-11-11 05:45:48,152] Trial 38 finished with value: 11963.044580683198 and parameters: {'seed': 181, 'N': 2, 'n_neurons_1': 166, 'n_neurons_2': 120, 'n_neurons_3': 123, 'n_neurons_4': 90, 'Dropout': 0.10970851430738249, 'kernel_regularizer': 0.15419030638649928, 'learning_rate': 0.0010337349971904013, 'beta_1': 0.8338723036195169, 'min_delta': 12.841202812542736, 'batch_size': 32}. Best is trial 21 with value: 10080.489484935833.
Best epoch:  16
Best epoch:  18
38  MAE:  58.65890411050727
38  RMSE:  109.37570379514455
