[I 2023-11-11 12:45:57,513] Trial 155 finished with value: 11536.744367204707 and parameters: {'seed': 107, 'N': 5, 'n_neurons_1': 155, 'n_neurons_2': 140, 'n_neurons_3': 120, 'n_neurons_4': 88, 'Dropout': 0.06796879206451811, 'kernel_regularizer': 0.0634511714913733, 'learning_rate': 0.0008520809281989724, 'beta_1': 0.8616434085103837, 'min_delta': 18.64697362574216, 'batch_size': 16}. Best is trial 72 with value: 9644.473537652731.
155  MAE:  55.24670136414203
155  RMSE:  107.40923781130144
Best epoch:  9
Best epoch:  4
Best epoch:  18
Best epoch:  18
Best epoch:  4
Best epoch:  17
[I 2023-11-11 12:51:10,129] Trial 156 finished with value: 11844.826846587903 and parameters: {'seed': 117, 'N': 6, 'n_neurons_1': 151, 'n_neurons_2': 142, 'n_neurons_3': 117, 'n_neurons_4': 90, 'Dropout': 0.05344700283884119, 'kernel_regularizer': 0.060001024356147376, 'learning_rate': 0.0008647917990146964, 'beta_1': 0.876302092398202, 'min_delta': 19.537196965515133, 'batch_size': 16}. Best is trial 72 with value: 9644.473537652731.
156  MAE:  57.70980137643179
156  RMSE:  108.83394161100618
Best epoch:  6
Best epoch:  13
Best epoch:  13
Best epoch:  15
Best epoch:  6
Best epoch:  9
[I 2023-11-11 12:56:35,216] Trial 157 finished with value: 11850.673702223803 and parameters: {'seed': 137, 'N': 6, 'n_neurons_1': 152, 'n_neurons_2': 150, 'n_neurons_3': 111, 'n_neurons_4': 87, 'Dropout': 0.05763017613760342, 'kernel_regularizer': 0.054746078350325876, 'learning_rate': 0.0008846034412719032, 'beta_1': 0.8883437855670803, 'min_delta': 19.072355117123486, 'batch_size': 16}. Best is trial 72 with value: 9644.473537652731.
157  MAE:  55.781638625385575
157  RMSE:  108.8607996582048
Best epoch:  5
Best epoch:  5
Best epoch:  16
[I 2023-11-11 12:59:23,954] Trial 158 finished with value: 11712.577104532533 and parameters: {'seed': 109, 'N': 3, 'n_neurons_1': 150, 'n_neurons_2': 160, 'n_neurons_3': 116, 'n_neurons_4': 89, 'Dropout': 0.06257798613895296, 'kernel_regularizer': 0.06575828148367122, 'learning_rate': 0.0009037189219478393, 'beta_1': 0.8972639026547929, 'min_delta': 19.98795598427417, 'batch_size': 16}. Best is trial 72 with value: 9644.473537652731.
158  MAE:  56.796373365117766
158  RMSE:  108.22466033456762
Best epoch:  8
Best epoch:  12
Best epoch:  14
Best epoch:  13
Best epoch:  8
Best epoch:  17
[I 2023-11-11 13:04:13,456] Trial 159 finished with value: 10879.183662172376 and parameters: {'seed': 104, 'N': 6, 'n_neurons_1': 156, 'n_neurons_2': 141, 'n_neurons_3': 123, 'n_neurons_4': 88, 'Dropout': 0.05596947469292281, 'kernel_regularizer': 0.05277528165220627, 'learning_rate': 0.0008925396682408366, 'beta_1': 0.8845266797425294, 'min_delta': 19.66086903823333, 'batch_size': 16}. Best is trial 72 with value: 9644.473537652731.
159  MAE:  53.81006351369937
159  RMSE:  104.30332526900749
Best epoch:  9
Best epoch:  12
Best epoch:  12
[I 2023-11-11 13:07:27,352] Trial 160 finished with value: 10869.898027621015 and parameters: {'seed': 112, 'N': 3, 'n_neurons_1': 153, 'n_neurons_2': 139, 'n_neurons_3': 119, 'n_neurons_4': 87, 'Dropout': 0.07102627134877505, 'kernel_regularizer': 0.05810035288303402, 'learning_rate': 0.0009213426121822907, 'beta_1': 0.8709768489159851, 'min_delta': 8.161676875657456, 'batch_size': 16}. Best is trial 72 with value: 9644.473537652731.
160  MAE:  55.23627958302248
160  RMSE:  104.25880311811092
Best epoch:  20
Best epoch:  20
Best epoch:  24
Best epoch:  20
Best epoch:  11
[I 2023-11-11 13:10:39,980] Trial 161 finished with value: 12746.480934734653 and parameters: {'seed': 110, 'N': 5, 'n_neurons_1': 151, 'n_neurons_2': 143, 'n_neurons_3': 124, 'n_neurons_4': 89, 'Dropout': 0.06653996261459216, 'kernel_regularizer': 0.05014003654987674, 'learning_rate': 0.0008307754409363756, 'beta_1': 0.8379347010357837, 'min_delta': 8.521125324719268, 'batch_size': 32}. Best is trial 72 with value: 9644.473537652731.
161  MAE:  60.744470423707064
161  RMSE:  112.90031414807778
Best epoch:  25
Best epoch:  19
Best epoch:  25
Best epoch:  25
Best epoch:  9
Best epoch:  9
[I 2023-11-11 13:13:47,291] Trial 162 finished with value: 10133.908266582255 and parameters: {'seed': 114, 'N': 6, 'n_neurons_1': 153, 'n_neurons_2': 122, 'n_neurons_3': 118, 'n_neurons_4': 90, 'Dropout': 0.05963904182402544, 'kernel_regularizer': 0.11255613289404597, 'learning_rate': 0.0008425315272461562, 'beta_1': 0.8298000382687191, 'min_delta': 19.306260588004022, 'batch_size': 32}. Best is trial 72 with value: 9644.473537652731.
162  MAE:  52.711044922594155
162  RMSE:  100.66731478778132
Best epoch:  6
Best epoch:  19
Best epoch:  21
Best epoch:  19
Best epoch:  21
Best epoch:  14
[I 2023-11-11 13:19:47,380] Trial 163 finished with value: 11419.376601763557 and parameters: {'seed': 114, 'N': 6, 'n_neurons_1': 153, 'n_neurons_2': 140, 'n_neurons_3': 118, 'n_neurons_4': 90, 'Dropout': 0.05933071195758014, 'kernel_regularizer': 0.13247256853449643, 'learning_rate': 0.0008441265556509456, 'beta_1': 0.8179356891077584, 'min_delta': 19.38088409689876, 'batch_size': 16}. Best is trial 72 with value: 9644.473537652731.
163  MAE:  56.373904696838224
163  RMSE:  106.86148324706876
Best epoch:  21
Best epoch:  21
Best epoch:  18
Best epoch:  28
Best epoch:  13
Best epoch:  13
[I 2023-11-11 13:23:12,415] Trial 164 finished with value: 10509.738852504117 and parameters: {'seed': 107, 'N': 6, 'n_neurons_1': 154, 'n_neurons_2': 121, 'n_neurons_3': 119, 'n_neurons_4': 90, 'Dropout': 0.11727713148587456, 'kernel_regularizer': 0.10479657779577758, 'learning_rate': 0.0008630593984881333, 'beta_1': 0.8544567662847724, 'min_delta': 18.897228502331174, 'batch_size': 32}. Best is trial 72 with value: 9644.473537652731.
164  MAE:  54.36353958250956
164  RMSE:  102.5170173800629
Best epoch:  9
Best epoch:  9
Best epoch:  5
Best epoch:  5
Best epoch:  9
Best epoch:  9
[I 2023-11-11 13:28:21,202] Trial 165 finished with value: 10135.424860120174 and parameters: {'seed': 116, 'N': 6, 'n_neurons_1': 152, 'n_neurons_2': 123, 'n_neurons_3': 121, 'n_neurons_4': 89, 'Dropout': 0.05288980109481076, 'kernel_regularizer': 0.06206510774905569, 'learning_rate': 0.0008506410047654518, 'beta_1': 0.8516387157623299, 'min_delta': 19.214518374613178, 'batch_size': 16}. Best is trial 72 with value: 9644.473537652731.
165  MAE:  51.63975421352922
165  RMSE:  100.67484720683798
Best epoch:  15
Best epoch:  6
Best epoch:  7
Best epoch:  25
Best epoch:  18
Best epoch:  18
[I 2023-11-11 13:34:32,122] Trial 166 finished with value: 10973.397643820837 and parameters: {'seed': 119, 'N': 6, 'n_neurons_1': 155, 'n_neurons_2': 122, 'n_neurons_3': 120, 'n_neurons_4': 88, 'Dropout': 0.0500018060229233, 'kernel_regularizer': 0.0627979252262345, 'learning_rate': 0.0008437762035575629, 'beta_1': 0.8264500746904156, 'min_delta': 18.132395598107763, 'batch_size': 16}. Best is trial 72 with value: 9644.473537652731.
166  MAE:  55.63235718371088
166  RMSE:  104.75398629083686
[W 2023-11-11 13:39:50,944] Trial 167 failed with parameters: {'seed': 115, 'N': 6, 'n_neurons_1': 154, 'n_neurons_2': 124, 'n_neurons_3': 121, 'n_neurons_4': 86, 'Dropout': 0.055637947527759454, 'kernel_regularizer': 0.11228677178751507, 'learning_rate': 0.0008514721654937634, 'beta_1': 0.8515635081103721, 'min_delta': 18.596704578183747, 'batch_size': 16} because of the following error: KeyboardInterrupt().
Traceback (most recent call last):
  File "/Library/Frameworks/Python.framework/Versions/3.11/lib/python3.11/site-packages/optuna/study/_optimize.py", line 200, in _run_trial
    value_or_values = func(trial)
                      ^^^^^^^^^^^
  File "/var/folders/kq/hk1l39ys077bc7f9741ypg800000gn/T/ipykernel_19562/1548419863.py", line 60, in objective
    history = model.fit(
              ^^^^^^^^^^
  File "/Library/Frameworks/Python.framework/Versions/3.11/lib/python3.11/site-packages/keras/src/utils/traceback_utils.py", line 65, in error_handler
    return fn(*args, **kwargs)
           ^^^^^^^^^^^^^^^^^^^
  File "/Library/Frameworks/Python.framework/Versions/3.11/lib/python3.11/site-packages/keras/src/engine/training.py", line 1783, in fit
    tmp_logs = self.train_function(iterator)
               ^^^^^^^^^^^^^^^^^^^^^^^^^^^^^
  File "/Library/Frameworks/Python.framework/Versions/3.11/lib/python3.11/site-packages/tensorflow/python/util/traceback_utils.py", line 150, in error_handler
    return fn(*args, **kwargs)
           ^^^^^^^^^^^^^^^^^^^
  File "/Library/Frameworks/Python.framework/Versions/3.11/lib/python3.11/site-packages/tensorflow/python/eager/polymorphic_function/polymorphic_function.py", line 831, in __call__
    result = self._call(*args, **kwds)
             ^^^^^^^^^^^^^^^^^^^^^^^^^
  File "/Library/Frameworks/Python.framework/Versions/3.11/lib/python3.11/site-packages/tensorflow/python/eager/polymorphic_function/polymorphic_function.py", line 867, in _call
    return tracing_compilation.call_function(
           ^^^^^^^^^^^^^^^^^^^^^^^^^^^^^^^^^^
  File "/Library/Frameworks/Python.framework/Versions/3.11/lib/python3.11/site-packages/tensorflow/python/eager/polymorphic_function/tracing_compilation.py", line 132, in call_function
    function = trace_function(
               ^^^^^^^^^^^^^^^
  File "/Library/Frameworks/Python.framework/Versions/3.11/lib/python3.11/site-packages/tensorflow/python/eager/polymorphic_function/tracing_compilation.py", line 178, in trace_function
    concrete_function = _maybe_define_function(
                        ^^^^^^^^^^^^^^^^^^^^^^^
  File "/Library/Frameworks/Python.framework/Versions/3.11/lib/python3.11/site-packages/tensorflow/python/eager/polymorphic_function/tracing_compilation.py", line 240, in _maybe_define_function
    concrete_function = tracing_options.function_cache.lookup(
                        ^^^^^^^^^^^^^^^^^^^^^^^^^^^^^^^^^^^^^^
  File "/Library/Frameworks/Python.framework/Versions/3.11/lib/python3.11/site-packages/tensorflow/core/function/polymorphism/function_cache.py", line 50, in lookup
    return self._primary[(context, dispatch_type)]
           ~~~~~~~~~~~~~^^^^^^^^^^^^^^^^^^^^^^^^^^
  File "/Library/Frameworks/Python.framework/Versions/3.11/lib/python3.11/site-packages/tensorflow/core/function/polymorphism/function_type.py", line 449, in __hash__
    return hash((tuple(self.parameters.items()), tuple(self.captures.items())))
           ^^^^^^^^^^^^^^^^^^^^^^^^^^^^^^^^^^^^^^^^^^^^^^^^^^^^^^^^^^^^^^^^^^^^
  File "/Library/Frameworks/Python.framework/Versions/3.11/lib/python3.11/site-packages/tensorflow/python/framework/tensor.py", line 895, in __hash__
    return hash((self._shape, self.dtype))
           ^^^^^^^^^^^^^^^^^^^^^^^^^^^^^^^
KeyboardInterrupt
[W 2023-11-11 13:39:50,958] Trial 167 failed with value None.
