[I 2023-11-11 07:35:42,789] Trial 79 finished with value: 11488.529508137764 and parameters: {'seed': 111, 'N': 4, 'n_neurons_1': 152, 'n_neurons_2': 130, 'n_neurons_3': 126, 'n_neurons_4': 86, 'Dropout': 0.05804135161378167, 'kernel_regularizer': 0.08269354904323434, 'learning_rate': 0.0008549834750343167, 'beta_1': 0.8760193397527898, 'min_delta': 8.18208205860761, 'batch_size': 16}. Best is trial 72 with value: 9644.473537652731.
79  MAE:  57.19546339724243
79  RMSE:  107.18455816085526
Best epoch:  12
Best epoch:  12
Best epoch:  12
Best epoch:  12
Best epoch:  13
[I 2023-11-11 07:38:29,010] Trial 80 finished with value: 13553.09872666038 and parameters: {'seed': 102, 'N': 5, 'n_neurons_1': 143, 'n_neurons_2': 131, 'n_neurons_3': 119, 'n_neurons_4': 85, 'Dropout': 0.05001427555003244, 'kernel_regularizer': 0.05577973709457549, 'learning_rate': 0.0009040288856898523, 'beta_1': 0.89980581550572, 'min_delta': 8.762606697127165, 'batch_size': 32}. Best is trial 72 with value: 9644.473537652731.
80  MAE:  59.541882965664385
80  RMSE:  116.41777667805025
Best epoch:  10
Best epoch:  12
Best epoch:  12
Best epoch:  10
[I 2023-11-11 07:42:19,448] Trial 81 finished with value: 11978.460548147277 and parameters: {'seed': 185, 'N': 4, 'n_neurons_1': 146, 'n_neurons_2': 132, 'n_neurons_3': 117, 'n_neurons_4': 88, 'Dropout': 0.06358593955863877, 'kernel_regularizer': 0.06592892701166886, 'learning_rate': 0.0008593208661753152, 'beta_1': 0.8853885566480411, 'min_delta': 7.353886058569583, 'batch_size': 16}. Best is trial 72 with value: 9644.473537652731.
81  MAE:  58.67608240131066
81  RMSE:  109.44615364711214
Best epoch:  10
Best epoch:  10
Best epoch:  16
Best epoch:  10
[I 2023-11-11 07:46:04,025] Trial 82 finished with value: 13080.62438914311 and parameters: {'seed': 175, 'N': 4, 'n_neurons_1': 148, 'n_neurons_2': 134, 'n_neurons_3': 115, 'n_neurons_4': 90, 'Dropout': 0.054533456245301405, 'kernel_regularizer': 0.07171780327181103, 'learning_rate': 0.0008348430714021779, 'beta_1': 0.8923284790906746, 'min_delta': 9.04262153917573, 'batch_size': 16}. Best is trial 72 with value: 9644.473537652731.
82  MAE:  59.77663676238485
82  RMSE:  114.3705573525945
Best epoch:  15
Best epoch:  20
Best epoch:  8
Best epoch:  20
[I 2023-11-11 07:51:00,124] Trial 83 finished with value: 11452.952615072634 and parameters: {'seed': 157, 'N': 4, 'n_neurons_1': 144, 'n_neurons_2': 127, 'n_neurons_3': 113, 'n_neurons_4': 83, 'Dropout': 0.07152416085951965, 'kernel_regularizer': 0.06349537587271396, 'learning_rate': 0.000934504472519546, 'beta_1': 0.8963733466020934, 'min_delta': 9.626798997722176, 'batch_size': 16}. Best is trial 72 with value: 9644.473537652731.
83  MAE:  56.48062232562172
83  RMSE:  107.01846857002128
Best epoch:  9
Best epoch:  13
Best epoch:  13
[I 2023-11-11 07:53:34,964] Trial 84 finished with value: 12282.13553342474 and parameters: {'seed': 137, 'N': 3, 'n_neurons_1': 147, 'n_neurons_2': 129, 'n_neurons_3': 111, 'n_neurons_4': 87, 'Dropout': 0.06622850407520546, 'kernel_regularizer': 0.060990239078442796, 'learning_rate': 0.0008452216944081214, 'beta_1': 0.8785478712453882, 'min_delta': 19.32851624769073, 'batch_size': 16}. Best is trial 72 with value: 9644.473537652731.
84  MAE:  56.97668053127158
84  RMSE:  110.82479656387707
Best epoch:  13
Best epoch:  12
Best epoch:  11
Best epoch:  13
Best epoch:  17
[I 2023-11-11 07:58:59,020] Trial 85 finished with value: 11163.48309744067 and parameters: {'seed': 194, 'N': 5, 'n_neurons_1': 142, 'n_neurons_2': 132, 'n_neurons_3': 123, 'n_neurons_4': 79, 'Dropout': 0.07796272737877781, 'kernel_regularizer': 0.05440858130210161, 'learning_rate': 0.0008726757709221028, 'beta_1': 0.8900073636284498, 'min_delta': 8.305851126770463, 'batch_size': 16}. Best is trial 72 with value: 9644.473537652731.
85  MAE:  56.26734476740653
85  RMSE:  105.65738543727396
Best epoch:  15
Best epoch:  15
Best epoch:  22
Best epoch:  18
[I 2023-11-11 08:03:31,686] Trial 86 finished with value: 12492.051099348648 and parameters: {'seed': 198, 'N': 4, 'n_neurons_1': 145, 'n_neurons_2': 133, 'n_neurons_3': 118, 'n_neurons_4': 88, 'Dropout': 0.058841151574631594, 'kernel_regularizer': 0.06940582328892192, 'learning_rate': 0.0008891158031615903, 'beta_1': 0.8831199854432393, 'min_delta': 9.883616535042963, 'batch_size': 16}. Best is trial 72 with value: 9644.473537652731.
86  MAE:  59.95054704229722
86  RMSE:  111.76784465734609
Best epoch:  6
Best epoch:  17
Best epoch:  17
[I 2023-11-11 08:06:53,419] Trial 87 finished with value: 11837.805358989614 and parameters: {'seed': 166, 'N': 3, 'n_neurons_1': 159, 'n_neurons_2': 135, 'n_neurons_3': 109, 'n_neurons_4': 74, 'Dropout': 0.08537868027856577, 'kernel_regularizer': 0.09263461762962472, 'learning_rate': 0.0009242398301747727, 'beta_1': 0.8733197591554667, 'min_delta': 9.407353737020093, 'batch_size': 16}. Best is trial 72 with value: 9644.473537652731.
87  MAE:  56.95327205932792
87  RMSE:  108.80167902651877
Best epoch:  12
Best epoch:  8
[I 2023-11-11 08:07:57,953] Trial 88 finished with value: 10596.161958837192 and parameters: {'seed': 109, 'N': 2, 'n_neurons_1': 149, 'n_neurons_2': 137, 'n_neurons_3': 122, 'n_neurons_4': 86, 'Dropout': 0.07011733991010113, 'kernel_regularizer': 0.08619620835249409, 'learning_rate': 0.0008994558495545521, 'beta_1': 0.887607973533957, 'min_delta': 10.465099495669024, 'batch_size': 32}. Best is trial 72 with value: 9644.473537652731.
88  MAE:  55.05108820494934
88  RMSE:  102.93766054674641
Best epoch:  15
Best epoch:  8
Best epoch:  8
Best epoch:  8
[I 2023-11-11 08:11:55,995] Trial 89 finished with value: 10788.411398842985 and parameters: {'seed': 105, 'N': 4, 'n_neurons_1': 151, 'n_neurons_2': 124, 'n_neurons_3': 120, 'n_neurons_4': 89, 'Dropout': 0.05274402415209448, 'kernel_regularizer': 0.07819872002408686, 'learning_rate': 0.0008224125291395038, 'beta_1': 0.8683604180403818, 'min_delta': 8.758598660511806, 'batch_size': 16}. Best is trial 72 with value: 9644.473537652731.
89  MAE:  53.982951689433605
89  RMSE:  103.86727780606839
Best epoch:  17
Best epoch:  18
Best epoch:  11
[I 2023-11-11 08:13:02,446] Trial 90 finished with value: 10727.885813667 and parameters: {'seed': 142, 'N': 3, 'n_neurons_1': 153, 'n_neurons_2': 153, 'n_neurons_3': 116, 'n_neurons_4': 87, 'Dropout': 0.06259157501556445, 'kernel_regularizer': 0.05850797963603905, 'learning_rate': 0.0008473453218137364, 'beta_1': 0.8972745837972311, 'min_delta': 13.349783599027576, 'batch_size': 64}. Best is trial 72 with value: 9644.473537652731.
90  MAE:  52.871163287922016
90  RMSE:  103.57550778860319
Best epoch:  15
Best epoch:  15
Best epoch:  5
[I 2023-11-11 08:15:22,707] Trial 91 finished with value: 11530.609856427092 and parameters: {'seed': 113, 'N': 3, 'n_neurons_1': 147, 'n_neurons_2': 136, 'n_neurons_3': 114, 'n_neurons_4': 88, 'Dropout': 0.07539081224057817, 'kernel_regularizer': 0.06940201225403268, 'learning_rate': 0.0008762360021392227, 'beta_1': 0.8846177160180342, 'min_delta': 19.660702293483418, 'batch_size': 16}. Best is trial 72 with value: 9644.473537652731.
91  MAE:  54.84601372349195
91  RMSE:  107.38067729543846
Best epoch:  12
Best epoch:  7
Best epoch:  12
[I 2023-11-11 08:18:22,980] Trial 92 finished with value: 10250.314969692861 and parameters: {'seed': 112, 'N': 3, 'n_neurons_1': 150, 'n_neurons_2': 138, 'n_neurons_3': 112, 'n_neurons_4': 85, 'Dropout': 0.06529910987030502, 'kernel_regularizer': 0.07299803697418722, 'learning_rate': 0.0009503436719098989, 'beta_1': 0.8931232591173316, 'min_delta': 11.599340837446835, 'batch_size': 16}. Best is trial 72 with value: 9644.473537652731.
92  MAE:  54.043152602470805
92  RMSE:  101.24383916907172
Best epoch:  13
Best epoch:  16
Best epoch:  17
[I 2023-11-11 08:21:24,870] Trial 93 finished with value: 12735.820376131522 and parameters: {'seed': 108, 'N': 3, 'n_neurons_1': 150, 'n_neurons_2': 142, 'n_neurons_3': 117, 'n_neurons_4': 84, 'Dropout': 0.0661773120200109, 'kernel_regularizer': 0.054040144771976405, 'learning_rate': 0.0009490344506733689, 'beta_1': 0.8922029588798706, 'min_delta': 12.789979830010617, 'batch_size': 16}. Best is trial 72 with value: 9644.473537652731.
93  MAE:  59.60254161186388
93  RMSE:  112.85309200961896
Best epoch:  5
Best epoch:  14
Best epoch:  9
Best epoch:  13
[I 2023-11-11 08:24:55,321] Trial 94 finished with value: 10442.310380697265 and parameters: {'seed': 116, 'N': 4, 'n_neurons_1': 149, 'n_neurons_2': 138, 'n_neurons_3': 112, 'n_neurons_4': 85, 'Dropout': 0.05703369556950397, 'kernel_regularizer': 0.0747070818616623, 'learning_rate': 0.0009668220522913345, 'beta_1': 0.8940594178830152, 'min_delta': 11.169058817461563, 'batch_size': 16}. Best is trial 72 with value: 9644.473537652731.
94  MAE:  54.16315419606122
94  RMSE:  102.1876234222974
Best epoch:  8
Best epoch:  8
Best epoch:  10
Best epoch:  10
[I 2023-11-11 08:28:36,082] Trial 95 finished with value: 11217.509187287631 and parameters: {'seed': 120, 'N': 4, 'n_neurons_1': 149, 'n_neurons_2': 140, 'n_neurons_3': 112, 'n_neurons_4': 85, 'Dropout': 0.05771658158606924, 'kernel_regularizer': 0.08248068362497227, 'learning_rate': 0.000968130925183729, 'beta_1': 0.8963188665925799, 'min_delta': 11.752975127162905, 'batch_size': 16}. Best is trial 72 with value: 9644.473537652731.
95  MAE:  55.246838940015856
95  RMSE:  105.91274327146678
Best epoch:  21
Best epoch:  4
Best epoch:  9
[I 2023-11-11 08:31:19,395] Trial 96 finished with value: 12084.72701570018 and parameters: {'seed': 116, 'N': 3, 'n_neurons_1': 154, 'n_neurons_2': 138, 'n_neurons_3': 108, 'n_neurons_4': 86, 'Dropout': 0.05505230844912805, 'kernel_regularizer': 0.07412447931441761, 'learning_rate': 0.0009779102163130762, 'beta_1': 0.8935087778936819, 'min_delta': 12.530713277225114, 'batch_size': 16}. Best is trial 72 with value: 9644.473537652731.
96  MAE:  60.0045610262869
96  RMSE:  109.93055542341347
Best epoch:  14
Best epoch:  13
[I 2023-11-11 08:33:19,975] Trial 97 finished with value: 12912.521590057095 and parameters: {'seed': 102, 'N': 2, 'n_neurons_1': 148, 'n_neurons_2': 143, 'n_neurons_3': 112, 'n_neurons_4': 83, 'Dropout': 0.0736138395633053, 'kernel_regularizer': 0.06429799715555774, 'learning_rate': 0.0009579630505264019, 'beta_1': 0.880904459674272, 'min_delta': 11.310683631447269, 'batch_size': 16}. Best is trial 72 with value: 9644.473537652731.
97  MAE:  60.33175262409352
97  RMSE:  113.63327677250663
Best epoch:  12
Best epoch:  12
Best epoch:  16
Best epoch:  12
[I 2023-11-11 08:37:46,548] Trial 98 finished with value: 10164.524942091306 and parameters: {'seed': 111, 'N': 4, 'n_neurons_1': 153, 'n_neurons_2': 135, 'n_neurons_3': 106, 'n_neurons_4': 87, 'Dropout': 0.06035267790982603, 'kernel_regularizer': 0.10201921447008361, 'learning_rate': 0.0009516177787423281, 'beta_1': 0.889269280059565, 'min_delta': 10.897031565117349, 'batch_size': 16}. Best is trial 72 with value: 9644.473537652731.
98  MAE:  52.7006587103092
98  RMSE:  100.81926870440643
Best epoch:  9
Best epoch:  12
Best epoch:  9
Best epoch:  9
[I 2023-11-11 08:39:56,291] Trial 99 finished with value: 10857.188039467559 and parameters: {'seed': 112, 'N': 4, 'n_neurons_1': 156, 'n_neurons_2': 135, 'n_neurons_3': 124, 'n_neurons_4': 85, 'Dropout': 0.06102836417736534, 'kernel_regularizer': 0.09010549226352033, 'learning_rate': 0.0009492117015173876, 'beta_1': 0.8893864166436964, 'min_delta': 10.968462442273188, 'batch_size': 32}. Best is trial 72 with value: 9644.473537652731.
99  MAE:  53.02949557444608
99  RMSE:  104.19783126086435
Best epoch:  26
Best epoch:  19
Best epoch:  9
[I 2023-11-11 08:43:03,033] Trial 100 finished with value: 11305.927984795397 and parameters: {'seed': 118, 'N': 3, 'n_neurons_1': 151, 'n_neurons_2': 139, 'n_neurons_3': 109, 'n_neurons_4': 89, 'Dropout': 0.05332858971627782, 'kernel_regularizer': 0.10585866656815088, 'learning_rate': 0.0009391792933430073, 'beta_1': 0.8966529600360522, 'min_delta': 11.879020930925734, 'batch_size': 16}. Best is trial 72 with value: 9644.473537652731.
100  MAE:  56.43566184125334
100  RMSE:  106.32933736648319
Best epoch:  12
Best epoch:  6
Best epoch:  9
Best epoch:  9
[I 2023-11-11 08:46:48,898] Trial 101 finished with value: 12655.033485996872 and parameters: {'seed': 115, 'N': 4, 'n_neurons_1': 153, 'n_neurons_2': 137, 'n_neurons_3': 106, 'n_neurons_4': 87, 'Dropout': 0.06668283205609446, 'kernel_regularizer': 0.060969425656189305, 'learning_rate': 0.0009172149824438799, 'beta_1': 0.8868607142306737, 'min_delta': 10.505531990892916, 'batch_size': 16}. Best is trial 72 with value: 9644.473537652731.
101  MAE:  59.215503913787224
101  RMSE:  112.49459314116777
Best epoch:  13
Best epoch:  13
Best epoch:  10
Best epoch:  3
[I 2023-11-11 08:50:24,988] Trial 102 finished with value: 12338.413328077875 and parameters: {'seed': 106, 'N': 4, 'n_neurons_1': 152, 'n_neurons_2': 133, 'n_neurons_3': 106, 'n_neurons_4': 88, 'Dropout': 0.0638060051716859, 'kernel_regularizer': 0.08002783644802476, 'learning_rate': 0.0009277287822492419, 'beta_1': 0.8916703973182387, 'min_delta': 10.928180624036115, 'batch_size': 16}. Best is trial 72 with value: 9644.473537652731.
102  MAE:  60.24069024178645
102  RMSE:  111.07841071998588
Best epoch:  12
Best epoch:  11
Best epoch:  6
Best epoch:  11
[I 2023-11-11 08:54:30,002] Trial 103 finished with value: 11408.624948450532 and parameters: {'seed': 110, 'N': 4, 'n_neurons_1': 150, 'n_neurons_2': 131, 'n_neurons_3': 103, 'n_neurons_4': 86, 'Dropout': 0.05812998340054257, 'kernel_regularizer': 0.06708000715117186, 'learning_rate': 0.000957097632499301, 'beta_1': 0.8993322035128988, 'min_delta': 11.135789064519289, 'batch_size': 16}. Best is trial 72 with value: 9644.473537652731.
103  MAE:  56.575068364714355
103  RMSE:  106.81116490540926
Best epoch:  12
Best epoch:  9
Best epoch:  12
Best epoch:  9
[I 2023-11-11 08:58:34,039] Trial 104 finished with value: 10686.768845327513 and parameters: {'seed': 112, 'N': 4, 'n_neurons_1': 155, 'n_neurons_2': 135, 'n_neurons_3': 102, 'n_neurons_4': 90, 'Dropout': 0.07043317449442779, 'kernel_regularizer': 0.07449592165610937, 'learning_rate': 0.0009871708378067316, 'beta_1': 0.8780335375426825, 'min_delta': 11.480355333424596, 'batch_size': 16}. Best is trial 72 with value: 9644.473537652731.
104  MAE:  52.30505253244749
104  RMSE:  103.37682934452727
Best epoch:  13
Best epoch:  10
Best epoch:  17
Best epoch:  10
[I 2023-11-11 09:02:33,826] Trial 105 finished with value: 10790.679047748294 and parameters: {'seed': 122, 'N': 4, 'n_neurons_1': 146, 'n_neurons_2': 134, 'n_neurons_3': 98, 'n_neurons_4': 81, 'Dropout': 0.08095850141943764, 'kernel_regularizer': 0.10120253570769058, 'learning_rate': 0.0009677993117451616, 'beta_1': 0.8940821720049961, 'min_delta': 19.68806995946682, 'batch_size': 16}. Best is trial 72 with value: 9644.473537652731.
105  MAE:  53.9973776630064
105  RMSE:  103.87819332154508
Best epoch:  10
Best epoch:  10
Best epoch:  15
[I 2023-11-11 09:05:32,504] Trial 106 finished with value: 11171.957504780332 and parameters: {'seed': 125, 'N': 3, 'n_neurons_1': 169, 'n_neurons_2': 136, 'n_neurons_3': 105, 'n_neurons_4': 87, 'Dropout': 0.05143072544655531, 'kernel_regularizer': 0.054306488669276835, 'learning_rate': 0.0009398634115206297, 'beta_1': 0.8833712845223342, 'min_delta': 19.242570134329892, 'batch_size': 16}. Best is trial 72 with value: 9644.473537652731.
106  MAE:  55.359198674723515
106  RMSE:  105.69748107112265
Best epoch:  15
Best epoch:  16
Best epoch:  3
Best epoch:  16
[I 2023-11-11 09:09:01,847] Trial 107 finished with value: 11193.411116072415 and parameters: {'seed': 108, 'N': 4, 'n_neurons_1': 149, 'n_neurons_2': 139, 'n_neurons_3': 119, 'n_neurons_4': 64, 'Dropout': 0.060562271993434426, 'kernel_regularizer': 0.07174201365083652, 'learning_rate': 0.0009104581779115273, 'beta_1': 0.8895539829041327, 'min_delta': 12.236477788852117, 'batch_size': 16}. Best is trial 72 with value: 9644.473537652731.
107  MAE:  53.75571784077264
107  RMSE:  105.79891831239304
Best epoch:  21
Best epoch:  14
Best epoch:  7
[I 2023-11-11 09:11:35,560] Trial 108 finished with value: 12966.381982159784 and parameters: {'seed': 100, 'N': 3, 'n_neurons_1': 148, 'n_neurons_2': 133, 'n_neurons_3': 121, 'n_neurons_4': 85, 'Dropout': 0.05618188116249668, 'kernel_regularizer': 0.09661656357626168, 'learning_rate': 0.0009244252184142379, 'beta_1': 0.8999053707217974, 'min_delta': 9.95294500035797, 'batch_size': 16}. Best is trial 72 with value: 9644.473537652731.
108  MAE:  60.3175122591744
108  RMSE:  113.87002231561995
[I 2023-11-11 09:12:22,913] Trial 109 finished with value: 12387.239844201293 and parameters: {'seed': 106, 'N': 1, 'n_neurons_1': 144, 'n_neurons_2': 129, 'n_neurons_3': 107, 'n_neurons_4': 89, 'Dropout': 0.06754680138314705, 'kernel_regularizer': 0.05965179022000965, 'learning_rate': 0.0009028107941786726, 'beta_1': 0.8758512997584347, 'min_delta': 11.596460568966906, 'batch_size': 16}. Best is trial 72 with value: 9644.473537652731.
Best epoch:  9
109  MAE:  60.71899337242932
109  RMSE:  111.29797771838126
Best epoch:  24
Best epoch:  20
Best epoch:  11
Best epoch:  20
[I 2023-11-11 09:15:12,906] Trial 110 finished with value: 11114.811384345541 and parameters: {'seed': 110, 'N': 4, 'n_neurons_1': 151, 'n_neurons_2': 131, 'n_neurons_3': 111, 'n_neurons_4': 69, 'Dropout': 0.06440409446132178, 'kernel_regularizer': 0.08610164265653972, 'learning_rate': 0.0008937958888193666, 'beta_1': 0.8863993588094248, 'min_delta': 10.389269024645632, 'batch_size': 32}. Best is trial 72 with value: 9644.473537652731.
110  MAE:  56.53228986798355
110  RMSE:  105.42680581496123
Best epoch:  15
Best epoch:  15
Best epoch:  14
Best epoch:  15
[I 2023-11-11 09:18:27,425] Trial 111 finished with value: 12352.10971096325 and parameters: {'seed': 146, 'N': 4, 'n_neurons_1': 145, 'n_neurons_2': 130, 'n_neurons_3': 115, 'n_neurons_4': 84, 'Dropout': 0.07597294419448433, 'kernel_regularizer': 0.06491619406188819, 'learning_rate': 0.000932326703153918, 'beta_1': 0.8807230275460238, 'min_delta': 9.308275442019575, 'batch_size': 16}. Best is trial 72 with value: 9644.473537652731.
111  MAE:  57.72094339173931
111  RMSE:  111.14004548749857
Best epoch:  3
Best epoch:  9
Best epoch:  9
Best epoch:  13
[I 2023-11-11 09:22:02,374] Trial 112 finished with value: 10251.67035121005 and parameters: {'seed': 129, 'N': 4, 'n_neurons_1': 147, 'n_neurons_2': 132, 'n_neurons_3': 113, 'n_neurons_4': 86, 'Dropout': 0.06193850703328156, 'kernel_regularizer': 0.05018577569059772, 'learning_rate': 0.0009483477050184689, 'beta_1': 0.8934340390503784, 'min_delta': 10.713065716079136, 'batch_size': 16}. Best is trial 72 with value: 9644.473537652731.
112  MAE:  52.51972015995991
112  RMSE:  101.25053259716736
Best epoch:  6
Best epoch:  13
Best epoch:  14
Best epoch:  11
[I 2023-11-11 09:26:05,783] Trial 113 finished with value: 10573.935369668943 and parameters: {'seed': 115, 'N': 4, 'n_neurons_1': 164, 'n_neurons_2': 133, 'n_neurons_3': 113, 'n_neurons_4': 87, 'Dropout': 0.05992864061446687, 'kernel_regularizer': 0.05597207689430388, 'learning_rate': 0.0009456427692378315, 'beta_1': 0.8944523295438238, 'min_delta': 10.735520994515133, 'batch_size': 16}. Best is trial 72 with value: 9644.473537652731.
113  MAE:  53.9752719375813
113  RMSE:  102.82964246592003
Best epoch:  8
Best epoch:  7
Best epoch:  12
Best epoch:  9
[I 2023-11-11 09:29:51,019] Trial 114 finished with value: 11344.930182240654 and parameters: {'seed': 105, 'N': 4, 'n_neurons_1': 147, 'n_neurons_2': 134, 'n_neurons_3': 109, 'n_neurons_4': 86, 'Dropout': 0.05269594011601638, 'kernel_regularizer': 0.05039821853528369, 'learning_rate': 0.0009520687925468206, 'beta_1': 0.8968868043075686, 'min_delta': 10.256962806441466, 'batch_size': 16}. Best is trial 72 with value: 9644.473537652731.
114  MAE:  56.287436345953566
114  RMSE:  106.51258227195815
Best epoch:  21
Best epoch:  10
[I 2023-11-11 09:31:46,643] Trial 115 finished with value: 11310.018458096636 and parameters: {'seed': 130, 'N': 2, 'n_neurons_1': 146, 'n_neurons_2': 138, 'n_neurons_3': 116, 'n_neurons_4': 88, 'Dropout': 0.05694282123281545, 'kernel_regularizer': 0.05954183559210498, 'learning_rate': 0.0009631479674323957, 'beta_1': 0.8914215810564395, 'min_delta': 11.183803593294657, 'batch_size': 16}. Best is trial 72 with value: 9644.473537652731.
115  MAE:  56.575375027537504
115  RMSE:  106.34857055032116
Best epoch:  18
Best epoch:  13
Best epoch:  24
Best epoch:  33
[I 2023-11-11 09:33:42,893] Trial 116 finished with value: 12525.145056619791 and parameters: {'seed': 118, 'N': 4, 'n_neurons_1': 150, 'n_neurons_2': 132, 'n_neurons_3': 114, 'n_neurons_4': 86, 'Dropout': 0.0685988319430357, 'kernel_regularizer': 0.06815932693686133, 'learning_rate': 0.0009264115038980756, 'beta_1': 0.8539343754988664, 'min_delta': 12.006595412621222, 'batch_size': 64}. Best is trial 72 with value: 9644.473537652731.
116  MAE:  58.26692427834464
116  RMSE:  111.915794491304
Best epoch:  25
Best epoch:  19
Best epoch:  8
Best epoch:  14
Best epoch:  13
[I 2023-11-11 09:38:28,717] Trial 117 finished with value: 10624.870134520925 and parameters: {'seed': 102, 'N': 5, 'n_neurons_1': 153, 'n_neurons_2': 137, 'n_neurons_3': 110, 'n_neurons_4': 87, 'Dropout': 0.06251771871777004, 'kernel_regularizer': 0.07700919394485056, 'learning_rate': 0.0009125119903341222, 'beta_1': 0.8720402055397062, 'min_delta': 19.85537252956973, 'batch_size': 16}. Best is trial 72 with value: 9644.473537652731.
117  MAE:  54.102537937775836
117  RMSE:  103.07701069841386
Best epoch:  15
Best epoch:  5
Best epoch:  15
