[I 2023-11-11 10:44:39,359] Trial 240 finished with value: 103.00448821843187 and parameters: {'seed': 108, 'N': 4, 'n_neurons_1': 163, 'n_neurons_2': 146, 'n_neurons_3': 101, 'n_neurons_4': 62, 'Dropout': 0.08010995011329672, 'kernel_regularizer': 0.11896722589942219, 'learning_rate': 0.0011414074804006514, 'beta_1': 0.7583155951283788, 'min_delta': 8.321092803084362, 'batch_size': 16}. Best is trial 184 with value: 95.50310257112065.
A : MAE:  103.00448821843187
A : Best epoch:  15
A : Best epoch:  14
A : Best epoch:  44
A : Best epoch:  29
[I 2023-11-11 10:46:51,777] Trial 241 finished with value: 106.08385471584232 and parameters: {'seed': 105, 'N': 4, 'n_neurons_1': 162, 'n_neurons_2': 147, 'n_neurons_3': 102, 'n_neurons_4': 64, 'Dropout': 0.08425612714102174, 'kernel_regularizer': 0.1225089402219561, 'learning_rate': 0.001133473302303852, 'beta_1': 0.7534882597462835, 'min_delta': 9.3497281093236, 'batch_size': 16}. Best is trial 184 with value: 95.50310257112065.
A : MAE:  106.08385471584232
A : Best epoch:  17
A : Best epoch:  36
A : Best epoch:  25
A : Best epoch:  46
[I 2023-11-11 10:48:53,906] Trial 242 finished with value: 106.74133661639817 and parameters: {'seed': 106, 'N': 4, 'n_neurons_1': 164, 'n_neurons_2': 135, 'n_neurons_3': 113, 'n_neurons_4': 63, 'Dropout': 0.08909006142657172, 'kernel_regularizer': 0.11283758179637683, 'learning_rate': 0.0010151874074652272, 'beta_1': 0.7567052418783221, 'min_delta': 10.12684891410079, 'batch_size': 16}. Best is trial 184 with value: 95.50310257112065.
A : MAE:  106.74133661639817
A : Best epoch:  11
A : Best epoch:  13
A : Best epoch:  28
A : Best epoch:  8
[I 2023-11-11 10:50:20,781] Trial 243 finished with value: 110.89783513352836 and parameters: {'seed': 112, 'N': 4, 'n_neurons_1': 161, 'n_neurons_2': 145, 'n_neurons_3': 100, 'n_neurons_4': 84, 'Dropout': 0.061113737189449735, 'kernel_regularizer': 0.128422695350157, 'learning_rate': 0.001147549268056888, 'beta_1': 0.7618809414694201, 'min_delta': 9.738920180986478, 'batch_size': 16}. Best is trial 184 with value: 95.50310257112065.
A : MAE:  110.89783513352836
A : Best epoch:  25
A : Best epoch:  28
A : Best epoch:  16
A : Best epoch:  15
[I 2023-11-11 10:52:24,930] Trial 244 finished with value: 106.19320279678581 and parameters: {'seed': 108, 'N': 4, 'n_neurons_1': 160, 'n_neurons_2': 146, 'n_neurons_3': 101, 'n_neurons_4': 81, 'Dropout': 0.09598619019009869, 'kernel_regularizer': 0.1189866718551158, 'learning_rate': 0.0011607920886208241, 'beta_1': 0.7684160757425234, 'min_delta': 15.376197185819748, 'batch_size': 16}. Best is trial 184 with value: 95.50310257112065.
A : MAE:  106.19320279678581
A : Best epoch:  28
A : Best epoch:  18
A : Best epoch:  36
A : Best epoch:  38
[I 2023-11-11 10:54:32,961] Trial 245 finished with value: 101.84728183840942 and parameters: {'seed': 113, 'N': 4, 'n_neurons_1': 162, 'n_neurons_2': 149, 'n_neurons_3': 117, 'n_neurons_4': 64, 'Dropout': 0.06538738206297512, 'kernel_regularizer': 0.1386148999542658, 'learning_rate': 0.0011107146996254182, 'beta_1': 0.8543432707205454, 'min_delta': 7.085424664808788, 'batch_size': 16}. Best is trial 184 with value: 95.50310257112065.
A : MAE:  101.84728183840942
A : Best epoch:  44
A : Best epoch:  23
A : Best epoch:  31
A : Best epoch:  28
[I 2023-11-11 10:56:46,266] Trial 246 finished with value: 102.2493489464421 and parameters: {'seed': 128, 'N': 4, 'n_neurons_1': 163, 'n_neurons_2': 144, 'n_neurons_3': 103, 'n_neurons_4': 63, 'Dropout': 0.09225849797710638, 'kernel_regularizer': 0.108429989417802, 'learning_rate': 0.0009959878188520851, 'beta_1': 0.7593549782661279, 'min_delta': 8.362829796143231, 'batch_size': 16}. Best is trial 184 with value: 95.50310257112065.
A : MAE:  102.2493489464421
A : Best epoch:  12
A : Best epoch:  28
A : Best epoch:  31
A : Best epoch:  29
[I 2023-11-11 10:58:32,389] Trial 247 finished with value: 106.8018863646888 and parameters: {'seed': 110, 'N': 4, 'n_neurons_1': 140, 'n_neurons_2': 147, 'n_neurons_3': 116, 'n_neurons_4': 66, 'Dropout': 0.05303148094350632, 'kernel_regularizer': 0.12531051448497318, 'learning_rate': 0.0008959733657662199, 'beta_1': 0.7644085693979109, 'min_delta': 14.477509532907032, 'batch_size': 16}. Best is trial 184 with value: 95.50310257112065.
A : MAE:  106.8018863646888
A : Best epoch:  36
A : Best epoch:  45
A : Best epoch:  25
A : Best epoch:  30
[I 2023-11-11 11:01:08,419] Trial 248 finished with value: 97.81356522311502 and parameters: {'seed': 117, 'N': 4, 'n_neurons_1': 142, 'n_neurons_2': 148, 'n_neurons_3': 114, 'n_neurons_4': 61, 'Dropout': 0.05748213712149716, 'kernel_regularizer': 0.11512121742739695, 'learning_rate': 0.0010446299662482616, 'beta_1': 0.7532226769545814, 'min_delta': 5.255855347552508, 'batch_size': 16}. Best is trial 184 with value: 95.50310257112065.
A : MAE:  97.81356522311502
A : Best epoch:  34
A : Best epoch:  28
A : Best epoch:  65
A : Best epoch:  45
[I 2023-11-11 11:02:13,839] Trial 249 finished with value: 104.36359789461325 and parameters: {'seed': 118, 'N': 4, 'n_neurons_1': 142, 'n_neurons_2': 140, 'n_neurons_3': 114, 'n_neurons_4': 60, 'Dropout': 0.05845263684638143, 'kernel_regularizer': 0.11488557038939347, 'learning_rate': 0.0010234423081595377, 'beta_1': 0.7947669444929653, 'min_delta': 5.494528104028053, 'batch_size': 64}. Best is trial 184 with value: 95.50310257112065.
A : MAE:  104.36359789461325
A : Best epoch:  23
A : Best epoch:  38
A : Best epoch:  30
A : Best epoch:  39
A : Best epoch:  30
[I 2023-11-11 11:04:59,443] Trial 250 finished with value: 103.80084589580332 and parameters: {'seed': 117, 'N': 5, 'n_neurons_1': 143, 'n_neurons_2': 149, 'n_neurons_3': 115, 'n_neurons_4': 61, 'Dropout': 0.06277775955986122, 'kernel_regularizer': 0.15608251357694114, 'learning_rate': 0.0010682712327351712, 'beta_1': 0.7831613687288704, 'min_delta': 6.746435089037598, 'batch_size': 16}. Best is trial 184 with value: 95.50310257112065.
A : MAE:  103.80084589580332
A : Best epoch:  41
A : Best epoch:  28
A : Best epoch:  27
A : Best epoch:  27
[I 2023-11-11 11:06:59,114] Trial 251 finished with value: 101.14627558202079 and parameters: {'seed': 121, 'N': 4, 'n_neurons_1': 141, 'n_neurons_2': 148, 'n_neurons_3': 112, 'n_neurons_4': 62, 'Dropout': 0.07091554574806763, 'kernel_regularizer': 0.11090344014523779, 'learning_rate': 0.0010868454185373113, 'beta_1': 0.754864358572952, 'min_delta': 5.265602005571855, 'batch_size': 16}. Best is trial 184 with value: 95.50310257112065.
A : MAE:  101.14627558202079
A : Best epoch:  18
A : Best epoch:  34
A : Best epoch:  50
A : Best epoch:  34
[I 2023-11-11 11:08:09,572] Trial 252 finished with value: 107.71464516281584 and parameters: {'seed': 115, 'N': 4, 'n_neurons_1': 142, 'n_neurons_2': 141, 'n_neurons_3': 110, 'n_neurons_4': 61, 'Dropout': 0.13921438647643067, 'kernel_regularizer': 0.11749991450056749, 'learning_rate': 0.0010435953924207504, 'beta_1': 0.7625045324029452, 'min_delta': 8.016355789313955, 'batch_size': 32}. Best is trial 184 with value: 95.50310257112065.
A : MAE:  107.71464516281584
A : Best epoch:  57
A : Best epoch:  8
A : Best epoch:  58
A : Best epoch:  51
[I 2023-11-11 11:10:45,454] Trial 253 finished with value: 101.91068366776021 and parameters: {'seed': 111, 'N': 4, 'n_neurons_1': 140, 'n_neurons_2': 146, 'n_neurons_3': 113, 'n_neurons_4': 63, 'Dropout': 0.08421745224792439, 'kernel_regularizer': 0.10516665273387732, 'learning_rate': 0.0010481281723124386, 'beta_1': 0.7681942231121558, 'min_delta': 5.1188476921935715, 'batch_size': 16}. Best is trial 184 with value: 95.50310257112065.
A : MAE:  101.91068366776021
A : Best epoch:  17
A : Best epoch:  17
A : Best epoch:  39
A : Best epoch:  48
[I 2023-11-11 11:13:05,331] Trial 254 finished with value: 105.02338176892476 and parameters: {'seed': 126, 'N': 4, 'n_neurons_1': 145, 'n_neurons_2': 148, 'n_neurons_3': 114, 'n_neurons_4': 61, 'Dropout': 0.05734981312804306, 'kernel_regularizer': 0.1490364154704909, 'learning_rate': 0.0009483428789594404, 'beta_1': 0.7585929172710645, 'min_delta': 9.011028177984086, 'batch_size': 16}. Best is trial 184 with value: 95.50310257112065.
A : MAE:  105.02338176892476
[I 2023-11-11 11:13:39,211] Trial 255 finished with value: 104.62973086234123 and parameters: {'seed': 156, 'N': 1, 'n_neurons_1': 144, 'n_neurons_2': 144, 'n_neurons_3': 129, 'n_neurons_4': 62, 'Dropout': 0.0668122656367532, 'kernel_regularizer': 0.11319027299680359, 'learning_rate': 0.0008466734958659889, 'beta_1': 0.7794556931510188, 'min_delta': 5.5779040046379595, 'batch_size': 16}. Best is trial 184 with value: 95.50310257112065.
A : Best epoch:  33
A : MAE:  104.62973086234123
A : Best epoch:  10
A : Best epoch:  47
A : Best epoch:  34
A : Best epoch:  34
[I 2023-11-11 11:16:01,526] Trial 256 finished with value: 100.02317796436449 and parameters: {'seed': 137, 'N': 4, 'n_neurons_1': 180, 'n_neurons_2': 150, 'n_neurons_3': 116, 'n_neurons_4': 62, 'Dropout': 0.06096644136176282, 'kernel_regularizer': 0.16708019614856817, 'learning_rate': 0.001120756979813222, 'beta_1': 0.7500861686524218, 'min_delta': 5.717976702167073, 'batch_size': 16}. Best is trial 184 with value: 95.50310257112065.
A : MAE:  100.02317796436449
A : Best epoch:  20
A : Best epoch:  29
A : Best epoch:  50
A : Best epoch:  30
[I 2023-11-11 11:18:24,787] Trial 257 finished with value: 98.78890732512615 and parameters: {'seed': 114, 'N': 4, 'n_neurons_1': 141, 'n_neurons_2': 147, 'n_neurons_3': 126, 'n_neurons_4': 86, 'Dropout': 0.08741952804995823, 'kernel_regularizer': 0.10733073988758657, 'learning_rate': 0.0011312421881389083, 'beta_1': 0.7657530208641249, 'min_delta': 10.779574071858452, 'batch_size': 16}. Best is trial 184 with value: 95.50310257112065.
A : MAE:  98.78890732512615
A : Best epoch:  29
A : Best epoch:  29
A : Best epoch:  35
A : Best epoch:  7
[I 2023-11-11 11:20:44,968] Trial 258 finished with value: 101.0024618928637 and parameters: {'seed': 153, 'N': 4, 'n_neurons_1': 142, 'n_neurons_2': 146, 'n_neurons_3': 126, 'n_neurons_4': 86, 'Dropout': 0.08938917726279348, 'kernel_regularizer': 0.10245504308272807, 'learning_rate': 0.0011297245539186671, 'beta_1': 0.7655365163989742, 'min_delta': 5.020446012926332, 'batch_size': 16}. Best is trial 184 with value: 95.50310257112065.
A : MAE:  101.0024618928637
A : Best epoch:  29
A : Best epoch:  29
A : Best epoch:  15
A : Best epoch:  46
[I 2023-11-11 11:23:13,373] Trial 259 finished with value: 101.00750772711271 and parameters: {'seed': 114, 'N': 4, 'n_neurons_1': 165, 'n_neurons_2': 145, 'n_neurons_3': 128, 'n_neurons_4': 87, 'Dropout': 0.08702905935184958, 'kernel_regularizer': 0.11134206832834401, 'learning_rate': 0.0010293876625688217, 'beta_1': 0.7611667682243282, 'min_delta': 5.834218836044474, 'batch_size': 16}. Best is trial 184 with value: 95.50310257112065.
A : MAE:  101.00750772711271
A : Best epoch:  18
A : Best epoch:  39
A : Best epoch:  38
[I 2023-11-11 11:25:07,879] Trial 260 finished with value: 101.18683512280045 and parameters: {'seed': 117, 'N': 3, 'n_neurons_1': 150, 'n_neurons_2': 143, 'n_neurons_3': 126, 'n_neurons_4': 87, 'Dropout': 0.08203072737857763, 'kernel_regularizer': 0.1081881781570295, 'learning_rate': 0.0009592372277391843, 'beta_1': 0.7565096205756106, 'min_delta': 10.865989288531184, 'batch_size': 16}. Best is trial 184 with value: 95.50310257112065.
A : MAE:  101.18683512280045
A : Best epoch:  30
A : Best epoch:  36
A : Best epoch:  28
A : Best epoch:  18
[I 2023-11-11 11:27:15,605] Trial 261 finished with value: 105.249928668325 and parameters: {'seed': 112, 'N': 4, 'n_neurons_1': 155, 'n_neurons_2': 147, 'n_neurons_3': 125, 'n_neurons_4': 87, 'Dropout': 0.11887420147183139, 'kernel_regularizer': 0.10517699148875918, 'learning_rate': 0.0009800203416456075, 'beta_1': 0.8280420318488846, 'min_delta': 10.748765851928315, 'batch_size': 16}. Best is trial 184 with value: 95.50310257112065.
A : MAE:  105.249928668325
A : Best epoch:  45
A : Best epoch:  24
A : Best epoch:  45
A : Best epoch:  45
[I 2023-11-11 11:28:17,275] Trial 262 finished with value: 107.85092089976298 and parameters: {'seed': 107, 'N': 4, 'n_neurons_1': 161, 'n_neurons_2': 147, 'n_neurons_3': 102, 'n_neurons_4': 61, 'Dropout': 0.07455663991950881, 'kernel_regularizer': 0.11603479756178754, 'learning_rate': 0.001009630674570725, 'beta_1': 0.8397545245543767, 'min_delta': 10.275141646027148, 'batch_size': 64}. Best is trial 184 with value: 95.50310257112065.
A : MAE:  107.85092089976298
[I 2023-11-11 11:29:36,138] Trial 263 finished with value: 100.13865512735974 and parameters: {'seed': 116, 'N': 2, 'n_neurons_1': 159, 'n_neurons_2': 139, 'n_neurons_3': 101, 'n_neurons_4': 86, 'Dropout': 0.07760120289922058, 'kernel_regularizer': 0.12067475314674496, 'learning_rate': 0.0009674990630016853, 'beta_1': 0.7538705792332243, 'min_delta': 5.496711183027904, 'batch_size': 16}. Best is trial 184 with value: 95.50310257112065.
A : Best epoch:  10
A : Best epoch:  42
A : MAE:  100.13865512735974
A : Best epoch:  22
A : Best epoch:  30
A : Best epoch:  30
A : Best epoch:  36
[I 2023-11-11 11:31:42,664] Trial 264 finished with value: 103.92205640727164 and parameters: {'seed': 110, 'N': 4, 'n_neurons_1': 164, 'n_neurons_2': 146, 'n_neurons_3': 120, 'n_neurons_4': 60, 'Dropout': 0.09554934056553396, 'kernel_regularizer': 0.09988095012375521, 'learning_rate': 0.0009407865809459452, 'beta_1': 0.7637556809789949, 'min_delta': 5.963149766995107, 'batch_size': 16}. Best is trial 184 with value: 95.50310257112065.
A : MAE:  103.92205640727164
A : Best epoch:  44
A : Best epoch:  43
A : Best epoch:  43
A : Best epoch:  25
[I 2023-11-11 11:33:08,090] Trial 265 finished with value: 98.07764974090954 and parameters: {'seed': 114, 'N': 4, 'n_neurons_1': 178, 'n_neurons_2': 145, 'n_neurons_3': 125, 'n_neurons_4': 64, 'Dropout': 0.06399176291856189, 'kernel_regularizer': 0.10842471889384644, 'learning_rate': 0.001115943013907324, 'beta_1': 0.8305659284433851, 'min_delta': 10.570576847344809, 'batch_size': 32}. Best is trial 184 with value: 95.50310257112065.
A : MAE:  98.07764974090954
A : Best epoch:  18
A : Best epoch:  49
A : Best epoch:  18
A : Best epoch:  36
[I 2023-11-11 11:34:27,067] Trial 266 finished with value: 102.59133538543954 and parameters: {'seed': 113, 'N': 4, 'n_neurons_1': 175, 'n_neurons_2': 145, 'n_neurons_3': 125, 'n_neurons_4': 64, 'Dropout': 0.0919252938828532, 'kernel_regularizer': 0.10812293093792516, 'learning_rate': 0.0011079581205685044, 'beta_1': 0.8224269337982494, 'min_delta': 10.585675208611587, 'batch_size': 32}. Best is trial 184 with value: 95.50310257112065.
A : MAE:  102.59133538543954
A : Best epoch:  23
A : Best epoch:  33
A : Best epoch:  30
A : Best epoch:  26
A : Best epoch:  30
[I 2023-11-11 11:36:06,965] Trial 267 finished with value: 105.89898749566467 and parameters: {'seed': 109, 'N': 5, 'n_neurons_1': 141, 'n_neurons_2': 145, 'n_neurons_3': 126, 'n_neurons_4': 65, 'Dropout': 0.06526335580147094, 'kernel_regularizer': 0.09530158467674343, 'learning_rate': 0.0011151438827128953, 'beta_1': 0.8238719605282169, 'min_delta': 9.890612412974056, 'batch_size': 32}. Best is trial 184 with value: 95.50310257112065.
A : MAE:  105.89898749566467
A : Best epoch:  43
A : Best epoch:  28
A : Best epoch:  19
A : Best epoch:  12
[I 2023-11-11 11:37:15,100] Trial 268 finished with value: 107.06087029413874 and parameters: {'seed': 112, 'N': 4, 'n_neurons_1': 164, 'n_neurons_2': 148, 'n_neurons_3': 127, 'n_neurons_4': 63, 'Dropout': 0.06901300717970173, 'kernel_regularizer': 0.11041693153861794, 'learning_rate': 0.0010528583303259689, 'beta_1': 0.8335761534851382, 'min_delta': 10.311916204618594, 'batch_size': 32}. Best is trial 184 with value: 95.50310257112065.
A : MAE:  107.06087029413874
A : Best epoch:  7
A : Best epoch:  11
A : Best epoch:  11
A : Best epoch:  42
[I 2023-11-11 11:38:19,139] Trial 269 finished with value: 111.73356308847748 and parameters: {'seed': 105, 'N': 4, 'n_neurons_1': 179, 'n_neurons_2': 144, 'n_neurons_3': 127, 'n_neurons_4': 64, 'Dropout': 0.08455069614002077, 'kernel_regularizer': 0.10603515287188175, 'learning_rate': 0.0011014667524320142, 'beta_1': 0.7732025826768087, 'min_delta': 9.75153581188749, 'batch_size': 32}. Best is trial 184 with value: 95.50310257112065.
A : MAE:  111.73356308847748
A : Best epoch:  57
A : Best epoch:  25
A : Best epoch:  43
A : Best epoch:  25
[I 2023-11-11 11:39:56,279] Trial 270 finished with value: 96.7258796554044 and parameters: {'seed': 114, 'N': 4, 'n_neurons_1': 177, 'n_neurons_2': 145, 'n_neurons_3': 124, 'n_neurons_4': 65, 'Dropout': 0.13436299571757987, 'kernel_regularizer': 0.11430427573519347, 'learning_rate': 0.0011235755411962839, 'beta_1': 0.8293540683185635, 'min_delta': 6.706975855851675, 'batch_size': 32}. Best is trial 184 with value: 95.50310257112065.
A : MAE:  96.7258796554044
A : Best epoch:  39
A : Best epoch:  44
A : Best epoch:  35
A : Best epoch:  42
[I 2023-11-11 11:41:38,670] Trial 271 finished with value: 97.54324893713267 and parameters: {'seed': 114, 'N': 4, 'n_neurons_1': 177, 'n_neurons_2': 145, 'n_neurons_3': 124, 'n_neurons_4': 65, 'Dropout': 0.13038704964904627, 'kernel_regularizer': 0.11680665591700896, 'learning_rate': 0.0011242891516004044, 'beta_1': 0.8318634487715059, 'min_delta': 6.153775500911236, 'batch_size': 32}. Best is trial 184 with value: 95.50310257112065.
A : MAE:  97.54324893713267
A : Best epoch:  34
A : Best epoch:  57
A : Best epoch:  34
A : Best epoch:  34
[I 2023-11-11 11:43:18,043] Trial 272 finished with value: 103.60551891970289 and parameters: {'seed': 115, 'N': 4, 'n_neurons_1': 179, 'n_neurons_2': 144, 'n_neurons_3': 124, 'n_neurons_4': 65, 'Dropout': 0.13792444269885157, 'kernel_regularizer': 0.12045619118919139, 'learning_rate': 0.0011237243762697155, 'beta_1': 0.830678131472945, 'min_delta': 6.322835759437572, 'batch_size': 32}. Best is trial 184 with value: 95.50310257112065.
A : MAE:  103.60551891970289
A : Best epoch:  42
A : Best epoch:  10
A : Best epoch:  35
A : Best epoch:  24
[I 2023-11-11 11:44:42,230] Trial 273 finished with value: 107.04897918502971 and parameters: {'seed': 119, 'N': 4, 'n_neurons_1': 177, 'n_neurons_2': 146, 'n_neurons_3': 125, 'n_neurons_4': 65, 'Dropout': 0.13234394816825318, 'kernel_regularizer': 0.11565672361284345, 'learning_rate': 0.0011313069640097547, 'beta_1': 0.8333341160082162, 'min_delta': 5.869900065197783, 'batch_size': 32}. Best is trial 184 with value: 95.50310257112065.
A : MAE:  107.04897918502971
A : Best epoch:  44
A : Best epoch:  43
A : Best epoch:  28
A : Best epoch:  35
[I 2023-11-11 11:46:20,509] Trial 274 finished with value: 102.79470743159504 and parameters: {'seed': 114, 'N': 4, 'n_neurons_1': 178, 'n_neurons_2': 143, 'n_neurons_3': 123, 'n_neurons_4': 64, 'Dropout': 0.13119355003283079, 'kernel_regularizer': 0.12321172789133067, 'learning_rate': 0.0011226165976388192, 'beta_1': 0.8313080345993583, 'min_delta': 5.293557161997412, 'batch_size': 32}. Best is trial 184 with value: 95.50310257112065.
A : MAE:  102.79470743159504
A : Best epoch:  44
A : Best epoch:  12
A : Best epoch:  12
A : Best epoch:  11
[I 2023-11-11 11:47:31,289] Trial 275 finished with value: 109.57854841004185 and parameters: {'seed': 116, 'N': 4, 'n_neurons_1': 178, 'n_neurons_2': 146, 'n_neurons_3': 124, 'n_neurons_4': 66, 'Dropout': 0.1276619433391014, 'kernel_regularizer': 0.11740217634883446, 'learning_rate': 0.0011387127345094089, 'beta_1': 0.8307973129137493, 'min_delta': 6.934342267233104, 'batch_size': 32}. Best is trial 184 with value: 95.50310257112065.
A : MAE:  109.57854841004185
A : Best epoch:  38
A : Best epoch:  50
A : Best epoch:  29
A : Best epoch:  29
A : Best epoch:  13
A : Best epoch:  43
[I 2023-11-11 11:49:45,073] Trial 276 finished with value: 100.36394374860824 and parameters: {'seed': 114, 'N': 6, 'n_neurons_1': 179, 'n_neurons_2': 147, 'n_neurons_3': 126, 'n_neurons_4': 65, 'Dropout': 0.08675858140092134, 'kernel_regularizer': 0.11370523073462926, 'learning_rate': 0.0011531553737499582, 'beta_1': 0.7527713538265332, 'min_delta': 6.189151318744116, 'batch_size': 32}. Best is trial 184 with value: 95.50310257112065.
A : MAE:  100.36394374860824
A : Best epoch:  34
A : Best epoch:  34
A : Best epoch:  34
A : Best epoch:  19
[I 2023-11-11 11:51:20,727] Trial 277 finished with value: 103.4633774040201 and parameters: {'seed': 160, 'N': 4, 'n_neurons_1': 176, 'n_neurons_2': 145, 'n_neurons_3': 123, 'n_neurons_4': 65, 'Dropout': 0.12470651824084963, 'kernel_regularizer': 0.1209893847690674, 'learning_rate': 0.00111273246473835, 'beta_1': 0.8255464137949292, 'min_delta': 6.507676080966279, 'batch_size': 32}. Best is trial 184 with value: 95.50310257112065.
A : MAE:  103.4633774040201
A : Best epoch:  46
A : Best epoch:  50
A : Best epoch:  34
A : Best epoch:  34
[I 2023-11-11 11:52:55,866] Trial 278 finished with value: 105.48906776087598 and parameters: {'seed': 118, 'N': 4, 'n_neurons_1': 177, 'n_neurons_2': 141, 'n_neurons_3': 125, 'n_neurons_4': 67, 'Dropout': 0.13664370729427675, 'kernel_regularizer': 0.1935936343957199, 'learning_rate': 0.0011432988589858248, 'beta_1': 0.8272197297019306, 'min_delta': 6.180790135162509, 'batch_size': 32}. Best is trial 184 with value: 95.50310257112065.
A : MAE:  105.48906776087598
A : Best epoch:  32
A : Best epoch:  22
A : Best epoch:  18
A : Best epoch:  22
[I 2023-11-11 11:54:01,843] Trial 279 finished with value: 113.68841492832269 and parameters: {'seed': 145, 'N': 4, 'n_neurons_1': 163, 'n_neurons_2': 142, 'n_neurons_3': 124, 'n_neurons_4': 73, 'Dropout': 0.1347015786473879, 'kernel_regularizer': 0.11761918049408372, 'learning_rate': 0.0011312854737291322, 'beta_1': 0.8290637613697059, 'min_delta': 5.789999797980132, 'batch_size': 32}. Best is trial 184 with value: 95.50310257112065.
A : MAE:  113.68841492832269
A : Best epoch:  11
A : Best epoch:  12
A : Best epoch:  11
A : Best epoch:  31
