[I 2023-11-11 09:41:10,677] Trial 118 finished with value: 10591.361458362064 and parameters: {'seed': 113, 'N': 3, 'n_neurons_1': 143, 'n_neurons_2': 125, 'n_neurons_3': 118, 'n_neurons_4': 88, 'Dropout': 0.0721375983699803, 'kernel_regularizer': 0.06281517485832039, 'learning_rate': 0.0009762543110201596, 'beta_1': 0.8847328193995341, 'min_delta': 18.913945670445155, 'batch_size': 16}. Best is trial 72 with value: 9644.473537652731.
118  MAE:  53.68607544460955
118  RMSE:  102.9143403922022
Best epoch:  13
Best epoch:  16
Best epoch:  16
Best epoch:  9
[I 2023-11-11 09:44:35,283] Trial 119 finished with value: 10939.780724754299 and parameters: {'seed': 108, 'N': 4, 'n_neurons_1': 148, 'n_neurons_2': 130, 'n_neurons_3': 120, 'n_neurons_4': 85, 'Dropout': 0.06490352966124842, 'kernel_regularizer': 0.05199787138776149, 'learning_rate': 0.001000250239107977, 'beta_1': 0.887838132149386, 'min_delta': 19.572270294780807, 'batch_size': 16}. Best is trial 72 with value: 9644.473537652731.
119  MAE:  55.1628439221278
119  RMSE:  104.59340669829193
Best epoch:  12
Best epoch:  5
Best epoch:  11
Best epoch:  11
[I 2023-11-11 09:48:14,075] Trial 120 finished with value: 12684.422771673726 and parameters: {'seed': 110, 'N': 4, 'n_neurons_1': 147, 'n_neurons_2': 128, 'n_neurons_3': 122, 'n_neurons_4': 84, 'Dropout': 0.0503281410933713, 'kernel_regularizer': 0.05712202097578821, 'learning_rate': 0.0009400941384210037, 'beta_1': 0.8929203068014263, 'min_delta': 9.646251807879157, 'batch_size': 16}. Best is trial 72 with value: 9644.473537652731.
120  MAE:  57.99719346979811
120  RMSE:  112.62514271544221
Best epoch:  25
Best epoch:  24
Best epoch:  24
Best epoch:  6
[I 2023-11-11 09:52:24,352] Trial 121 finished with value: 10984.667765155507 and parameters: {'seed': 103, 'N': 4, 'n_neurons_1': 145, 'n_neurons_2': 132, 'n_neurons_3': 112, 'n_neurons_4': 83, 'Dropout': 0.055326664091540634, 'kernel_regularizer': 0.12017983351010209, 'learning_rate': 0.0008361318661005161, 'beta_1': 0.8971805467017884, 'min_delta': 10.715387230117564, 'batch_size': 16}. Best is trial 72 with value: 9644.473537652731.
121  MAE:  57.45521063513552
121  RMSE:  104.80776576740632
Best epoch:  16
Best epoch:  5
Best epoch:  5
Best epoch:  5
[I 2023-11-11 09:56:17,991] Trial 122 finished with value: 11398.982557528148 and parameters: {'seed': 154, 'N': 4, 'n_neurons_1': 149, 'n_neurons_2': 132, 'n_neurons_3': 114, 'n_neurons_4': 87, 'Dropout': 0.05938504170504805, 'kernel_regularizer': 0.07090805520584491, 'learning_rate': 0.0008054561299353042, 'beta_1': 0.8905533611107056, 'min_delta': 9.10425541365921, 'batch_size': 16}. Best is trial 72 with value: 9644.473537652731.
122  MAE:  58.05257041273595
122  RMSE:  106.76601780308259
Best epoch:  9
Best epoch:  16
Best epoch:  18
Best epoch:  8
[I 2023-11-11 10:00:51,491] Trial 123 finished with value: 10729.71771922728 and parameters: {'seed': 152, 'N': 4, 'n_neurons_1': 146, 'n_neurons_2': 131, 'n_neurons_3': 117, 'n_neurons_4': 86, 'Dropout': 0.06765128786234713, 'kernel_regularizer': 0.06608840126802976, 'learning_rate': 0.0008204174936049, 'beta_1': 0.8817928374097362, 'min_delta': 9.866347563182357, 'batch_size': 16}. Best is trial 72 with value: 9644.473537652731.
123  MAE:  54.18997170636186
123  RMSE:  103.5843507448267
Best epoch:  9
Best epoch:  12
Best epoch:  7
Best epoch:  12
Best epoch:  12
Best epoch:  12
[I 2023-11-11 10:06:11,237] Trial 124 finished with value: 9989.135484343156 and parameters: {'seed': 112, 'N': 6, 'n_neurons_1': 152, 'n_neurons_2': 141, 'n_neurons_3': 115, 'n_neurons_4': 89, 'Dropout': 0.06144883867493511, 'kernel_regularizer': 0.05396133402406313, 'learning_rate': 0.0008857024629397018, 'beta_1': 0.8950237262976971, 'min_delta': 19.981594510446566, 'batch_size': 16}. Best is trial 72 with value: 9644.473537652731.
124  MAE:  51.0784347285016
124  RMSE:  99.94566265898264
Best epoch:  12
Best epoch:  12
Best epoch:  12
Best epoch:  9
Best epoch:  14
[I 2023-11-11 10:10:27,792] Trial 125 finished with value: 10282.689179488447 and parameters: {'seed': 112, 'N': 5, 'n_neurons_1': 152, 'n_neurons_2': 141, 'n_neurons_3': 115, 'n_neurons_4': 90, 'Dropout': 0.06204205864259468, 'kernel_regularizer': 0.053088554047290654, 'learning_rate': 0.0008655009094575179, 'beta_1': 0.8614845549558409, 'min_delta': 19.900465649085206, 'batch_size': 16}. Best is trial 72 with value: 9644.473537652731.
125  MAE:  51.92493450381312
125  RMSE:  101.4035954958622
Best epoch:  13
Best epoch:  13
Best epoch:  13
Best epoch:  13
Best epoch:  13
Best epoch:  13
[I 2023-11-11 10:13:42,864] Trial 126 finished with value: 11309.873749671522 and parameters: {'seed': 114, 'N': 6, 'n_neurons_1': 153, 'n_neurons_2': 145, 'n_neurons_3': 115, 'n_neurons_4': 90, 'Dropout': 0.06300130960140385, 'kernel_regularizer': 0.052899082535665394, 'learning_rate': 0.0008617548724718802, 'beta_1': 0.894191542955706, 'min_delta': 19.903354142301684, 'batch_size': 32}. Best is trial 72 with value: 9644.473537652731.
126  MAE:  54.90567032533795
126  RMSE:  106.34789019849676
Best epoch:  12
Best epoch:  12
Best epoch:  7
Best epoch:  12
Best epoch:  9
[I 2023-11-11 10:18:18,056] Trial 127 finished with value: 9909.353368361804 and parameters: {'seed': 112, 'N': 5, 'n_neurons_1': 152, 'n_neurons_2': 141, 'n_neurons_3': 113, 'n_neurons_4': 89, 'Dropout': 0.0564191649406251, 'kernel_regularizer': 0.05749001723843743, 'learning_rate': 0.0008667588039269936, 'beta_1': 0.8618144766469663, 'min_delta': 19.155697648165457, 'batch_size': 16}. Best is trial 72 with value: 9644.473537652731.
127  MAE:  51.507802206574034
127  RMSE:  99.5457350586242
Best epoch:  12
Best epoch:  12
Best epoch:  12
Best epoch:  12
Best epoch:  9
Best epoch:  12
[I 2023-11-11 10:23:38,937] Trial 128 finished with value: 10074.88458596402 and parameters: {'seed': 112, 'N': 6, 'n_neurons_1': 154, 'n_neurons_2': 141, 'n_neurons_3': 119, 'n_neurons_4': 89, 'Dropout': 0.05339591813328625, 'kernel_regularizer': 0.05030267284273419, 'learning_rate': 0.0008833970405266615, 'beta_1': 0.8674967893337869, 'min_delta': 19.20119864590969, 'batch_size': 16}. Best is trial 72 with value: 9644.473537652731.
128  MAE:  52.81849840143214
128  RMSE:  100.37372457951344
Best epoch:  13
Best epoch:  18
Best epoch:  15
Best epoch:  22
Best epoch:  13
Best epoch:  13
[I 2023-11-11 10:29:52,851] Trial 129 finished with value: 10987.094915033535 and parameters: {'seed': 119, 'N': 6, 'n_neurons_1': 155, 'n_neurons_2': 141, 'n_neurons_3': 117, 'n_neurons_4': 89, 'Dropout': 0.05361972345349751, 'kernel_regularizer': 0.05030680042599414, 'learning_rate': 0.000869897339717368, 'beta_1': 0.8515480885243066, 'min_delta': 19.071505170666335, 'batch_size': 16}. Best is trial 72 with value: 9644.473537652731.
129  MAE:  56.12158787074729
129  RMSE:  104.81934418337836
Best epoch:  14
Best epoch:  12
Best epoch:  12
Best epoch:  12
Best epoch:  12
Best epoch:  7
[I 2023-11-11 10:35:56,932] Trial 130 finished with value: 10100.09497495217 and parameters: {'seed': 112, 'N': 6, 'n_neurons_1': 154, 'n_neurons_2': 145, 'n_neurons_3': 119, 'n_neurons_4': 90, 'Dropout': 0.060515887781373484, 'kernel_regularizer': 0.054939874390978485, 'learning_rate': 0.000883903425648842, 'beta_1': 0.8670239655476727, 'min_delta': 18.658196013308057, 'batch_size': 16}. Best is trial 72 with value: 9644.473537652731.
130  MAE:  51.80882728876205
130  RMSE:  100.49922872814582
Best epoch:  14
Best epoch:  7
Best epoch:  12
Best epoch:  12
Best epoch:  12
Best epoch:  7
[I 2023-11-11 10:41:42,468] Trial 131 finished with value: 9844.408915796414 and parameters: {'seed': 112, 'N': 6, 'n_neurons_1': 154, 'n_neurons_2': 145, 'n_neurons_3': 119, 'n_neurons_4': 90, 'Dropout': 0.06004797495611884, 'kernel_regularizer': 0.05577031171736689, 'learning_rate': 0.0008791495450874456, 'beta_1': 0.8614204299252044, 'min_delta': 18.751719387885725, 'batch_size': 16}. Best is trial 72 with value: 9644.473537652731.
131  MAE:  51.17382370567224
131  RMSE:  99.21899473284545
Best epoch:  12
Best epoch:  12
Best epoch:  12
Best epoch:  12
Best epoch:  12
Best epoch:  7
[I 2023-11-11 10:47:46,484] Trial 132 finished with value: 10359.887777166941 and parameters: {'seed': 112, 'N': 6, 'n_neurons_1': 157, 'n_neurons_2': 146, 'n_neurons_3': 119, 'n_neurons_4': 90, 'Dropout': 0.050025119894741926, 'kernel_regularizer': 0.05517014221373287, 'learning_rate': 0.0008815906024454505, 'beta_1': 0.8644700064939701, 'min_delta': 18.633539781253873, 'batch_size': 16}. Best is trial 72 with value: 9644.473537652731.
132  MAE:  52.70216419845003
132  RMSE:  101.78353391962249
Best epoch:  10
Best epoch:  16
Best epoch:  8
Best epoch:  12
Best epoch:  8
Best epoch:  16
[I 2023-11-11 10:53:16,758] Trial 133 finished with value: 11455.94435121367 and parameters: {'seed': 111, 'N': 6, 'n_neurons_1': 154, 'n_neurons_2': 143, 'n_neurons_3': 116, 'n_neurons_4': 90, 'Dropout': 0.06046673895504536, 'kernel_regularizer': 0.05005753623598213, 'learning_rate': 0.0008810466981305237, 'beta_1': 0.8665651867817662, 'min_delta': 18.270745460667204, 'batch_size': 16}. Best is trial 72 with value: 9644.473537652731.
133  MAE:  55.88960129411332
133  RMSE:  107.03244532016294
Best epoch:  21
Best epoch:  3
Best epoch:  14
Best epoch:  6
Best epoch:  6
Best epoch:  14
[I 2023-11-11 10:59:02,451] Trial 134 finished with value: 11027.961529652273 and parameters: {'seed': 114, 'N': 6, 'n_neurons_1': 152, 'n_neurons_2': 145, 'n_neurons_3': 118, 'n_neurons_4': 89, 'Dropout': 0.05681711875141607, 'kernel_regularizer': 0.06126899637688363, 'learning_rate': 0.000892564779276453, 'beta_1': 0.8588480687356059, 'min_delta': 19.287855007734894, 'batch_size': 16}. Best is trial 72 with value: 9644.473537652731.
134  MAE:  55.72992170695369
134  RMSE:  105.01410157522785
Best epoch:  7
Best epoch:  12
Best epoch:  8
Best epoch:  3
Best epoch:  12
Best epoch:  7
[I 2023-11-11 11:04:21,022] Trial 135 finished with value: 10933.656711001911 and parameters: {'seed': 107, 'N': 6, 'n_neurons_1': 154, 'n_neurons_2': 142, 'n_neurons_3': 113, 'n_neurons_4': 90, 'Dropout': 0.05332267357717199, 'kernel_regularizer': 0.05698719055401258, 'learning_rate': 0.0008678724776168158, 'beta_1': 0.8704562035409378, 'min_delta': 19.010065339970403, 'batch_size': 16}. Best is trial 72 with value: 9644.473537652731.
135  MAE:  53.93095843171056
135  RMSE:  104.56412726648614
Best epoch:  9
Best epoch:  9
Best epoch:  9
Best epoch:  9
Best epoch:  11
Best epoch:  9
[I 2023-11-11 11:10:11,444] Trial 136 finished with value: 10404.570401194413 and parameters: {'seed': 116, 'N': 6, 'n_neurons_1': 156, 'n_neurons_2': 147, 'n_neurons_3': 115, 'n_neurons_4': 89, 'Dropout': 0.058510951228130034, 'kernel_regularizer': 0.05401659625135259, 'learning_rate': 0.0008528609779480878, 'beta_1': 0.8597688959264019, 'min_delta': 18.58259264525976, 'batch_size': 16}. Best is trial 72 with value: 9644.473537652731.
136  MAE:  56.29088148627416
136  RMSE:  102.00279604596344
Best epoch:  12
Best epoch:  12
Best epoch:  12
Best epoch:  12
Best epoch:  9
Best epoch:  9
[I 2023-11-11 11:15:05,185] Trial 137 finished with value: 10657.698119262515 and parameters: {'seed': 112, 'N': 6, 'n_neurons_1': 152, 'n_neurons_2': 140, 'n_neurons_3': 118, 'n_neurons_4': 88, 'Dropout': 0.06140140386060555, 'kernel_regularizer': 0.061963895832897777, 'learning_rate': 0.0008870037902409003, 'beta_1': 0.8608456400969358, 'min_delta': 18.203525118821418, 'batch_size': 16}. Best is trial 72 with value: 9644.473537652731.
137  MAE:  53.202286979004555
137  RMSE:  103.23612797496095
Best epoch:  11
Best epoch:  11
Best epoch:  19
Best epoch:  7
Best epoch:  7
Best epoch:  12
[I 2023-11-11 11:20:42,175] Trial 138 finished with value: 10460.368994602204 and parameters: {'seed': 120, 'N': 6, 'n_neurons_1': 156, 'n_neurons_2': 144, 'n_neurons_3': 117, 'n_neurons_4': 90, 'Dropout': 0.06498062957234564, 'kernel_regularizer': 0.058647279204803504, 'learning_rate': 0.0008990715132231634, 'beta_1': 0.8635760266212481, 'min_delta': 19.46934030585696, 'batch_size': 16}. Best is trial 72 with value: 9644.473537652731.
138  MAE:  54.09007421593476
138  RMSE:  102.27594533712316
Best epoch:  10
Best epoch:  10
Best epoch:  10
Best epoch:  4
Best epoch:  9
Best epoch:  10
[I 2023-11-11 11:26:26,947] Trial 139 finished with value: 10001.180669377787 and parameters: {'seed': 125, 'N': 6, 'n_neurons_1': 154, 'n_neurons_2': 151, 'n_neurons_3': 121, 'n_neurons_4': 89, 'Dropout': 0.05478494960114079, 'kernel_regularizer': 0.05408552360767899, 'learning_rate': 0.0008765723015427124, 'beta_1': 0.8744924932180743, 'min_delta': 19.611889640431123, 'batch_size': 16}. Best is trial 72 with value: 9644.473537652731.
139  MAE:  51.549963422621296
139  RMSE:  100.0059031726517
Best epoch:  11
Best epoch:  10
Best epoch:  9
Best epoch:  10
Best epoch:  9
Best epoch:  9
[I 2023-11-11 11:31:40,156] Trial 140 finished with value: 11013.501048312433 and parameters: {'seed': 129, 'N': 6, 'n_neurons_1': 158, 'n_neurons_2': 151, 'n_neurons_3': 121, 'n_neurons_4': 88, 'Dropout': 0.05437430579795912, 'kernel_regularizer': 0.06505654182841729, 'learning_rate': 0.0008770143378912991, 'beta_1': 0.873814965742585, 'min_delta': 18.774376312398047, 'batch_size': 16}. Best is trial 72 with value: 9644.473537652731.
140  MAE:  54.62002262347581
140  RMSE:  104.94522880203957
Best epoch:  8
Best epoch:  18
Best epoch:  5
Best epoch:  12
Best epoch:  8
Best epoch:  5
[I 2023-11-11 11:36:59,927] Trial 141 finished with value: 9981.28437415022 and parameters: {'seed': 109, 'N': 6, 'n_neurons_1': 154, 'n_neurons_2': 142, 'n_neurons_3': 119, 'n_neurons_4': 89, 'Dropout': 0.057706545805425676, 'kernel_regularizer': 0.055214856918381586, 'learning_rate': 0.0008609063474865809, 'beta_1': 0.866832363089307, 'min_delta': 19.67302349433671, 'batch_size': 16}. Best is trial 72 with value: 9644.473537652731.
141  MAE:  51.06718586682713
141  RMSE:  99.90637804539918
Best epoch:  11
Best epoch:  5
Best epoch:  13
Best epoch:  5
Best epoch:  5
Best epoch:  10
[I 2023-11-11 11:42:40,970] Trial 142 finished with value: 11327.868408912269 and parameters: {'seed': 109, 'N': 6, 'n_neurons_1': 155, 'n_neurons_2': 149, 'n_neurons_3': 119, 'n_neurons_4': 89, 'Dropout': 0.05656052621791044, 'kernel_regularizer': 0.0573868621205859, 'learning_rate': 0.0008557116259201019, 'beta_1': 0.8681875322406067, 'min_delta': 19.613385694659083, 'batch_size': 16}. Best is trial 72 with value: 9644.473537652731.
142  MAE:  56.14584881494314
142  RMSE:  106.43245937641518
Best epoch:  12
Best epoch:  14
Best epoch:  12
Best epoch:  12
Best epoch:  12
Best epoch:  14
[I 2023-11-11 11:47:57,315] Trial 143 finished with value: 10662.869990856256 and parameters: {'seed': 107, 'N': 6, 'n_neurons_1': 154, 'n_neurons_2': 144, 'n_neurons_3': 120, 'n_neurons_4': 89, 'Dropout': 0.052670087563158545, 'kernel_regularizer': 0.06277552910460796, 'learning_rate': 0.0008856058214164385, 'beta_1': 0.8663345338432872, 'min_delta': 19.202951319468124, 'batch_size': 16}. Best is trial 72 with value: 9644.473537652731.
143  MAE:  53.30445559061175
143  RMSE:  103.2611736852543
Best epoch:  18
Best epoch:  6
Best epoch:  18
Best epoch:  8
Best epoch:  18
Best epoch:  26
[I 2023-11-11 11:53:11,436] Trial 144 finished with value: 10864.579724391293 and parameters: {'seed': 117, 'N': 6, 'n_neurons_1': 153, 'n_neurons_2': 156, 'n_neurons_3': 121, 'n_neurons_4': 88, 'Dropout': 0.05964028333371475, 'kernel_regularizer': 0.05024806240640327, 'learning_rate': 0.000905616373688607, 'beta_1': 0.869312443592056, 'min_delta': 18.90683658569819, 'batch_size': 16}. Best is trial 72 with value: 9644.473537652731.
144  MAE:  54.7368734677575
144  RMSE:  104.23329470179523
Best epoch:  9
Best epoch:  14
Best epoch:  14
Best epoch:  9
Best epoch:  9
Best epoch:  6
[I 2023-11-11 11:58:31,579] Trial 145 finished with value: 10623.00684703557 and parameters: {'seed': 126, 'N': 6, 'n_neurons_1': 157, 'n_neurons_2': 142, 'n_neurons_3': 119, 'n_neurons_4': 89, 'Dropout': 0.05533220642530351, 'kernel_regularizer': 0.05458949982765078, 'learning_rate': 0.0008478163597770027, 'beta_1': 0.8722481985452952, 'min_delta': 19.51188171991589, 'batch_size': 16}. Best is trial 72 with value: 9644.473537652731.
145  MAE:  54.02495275410242
145  RMSE:  103.06797197498149
Best epoch:  8
Best epoch:  8
Best epoch:  8
Best epoch:  8
Best epoch:  8
Best epoch:  7
[I 2023-11-11 12:03:50,582] Trial 146 finished with value: 10906.947902224192 and parameters: {'seed': 105, 'N': 6, 'n_neurons_1': 151, 'n_neurons_2': 141, 'n_neurons_3': 120, 'n_neurons_4': 66, 'Dropout': 0.05192678176288521, 'kernel_regularizer': 0.06156785557870505, 'learning_rate': 0.0008712841590783121, 'beta_1': 0.8742234952812312, 'min_delta': 17.87846931121796, 'batch_size': 16}. Best is trial 72 with value: 9644.473537652731.
146  MAE:  55.533724666094635
146  RMSE:  104.43633420521898
Best epoch:  21
Best epoch:  21
Best epoch:  17
Best epoch:  17
Best epoch:  17
Best epoch:  10
[I 2023-11-11 12:06:12,912] Trial 147 finished with value: 11442.712245688665 and parameters: {'seed': 122, 'N': 6, 'n_neurons_1': 154, 'n_neurons_2': 139, 'n_neurons_3': 118, 'n_neurons_4': 87, 'Dropout': 0.0653578921473185, 'kernel_regularizer': 0.058175656208617865, 'learning_rate': 0.0008605416024769105, 'beta_1': 0.8785203462695546, 'min_delta': 19.215866866187355, 'batch_size': 64}. Best is trial 72 with value: 9644.473537652731.
147  MAE:  55.499397945989514
147  RMSE:  106.97061393527039
Best epoch:  6
Best epoch:  19
Best epoch:  14
Best epoch:  3
Best epoch:  19
Best epoch:  19
[I 2023-11-11 12:11:27,230] Trial 148 finished with value: 10548.77576278692 and parameters: {'seed': 114, 'N': 6, 'n_neurons_1': 155, 'n_neurons_2': 144, 'n_neurons_3': 116, 'n_neurons_4': 88, 'Dropout': 0.05851774231101079, 'kernel_regularizer': 0.0669728644964666, 'learning_rate': 0.0008974674410361871, 'beta_1': 0.8633239989593243, 'min_delta': 19.96159869983459, 'batch_size': 16}. Best is trial 72 with value: 9644.473537652731.
148  MAE:  53.690703242931555
148  RMSE:  102.70723325446421
Best epoch:  5
Best epoch:  5
Best epoch:  12
Best epoch:  12
Best epoch:  12
Best epoch:  4
[I 2023-11-11 12:17:00,940] Trial 149 finished with value: 11011.737515868605 and parameters: {'seed': 109, 'N': 6, 'n_neurons_1': 153, 'n_neurons_2': 142, 'n_neurons_3': 121, 'n_neurons_4': 90, 'Dropout': 0.05605613847742338, 'kernel_regularizer': 0.054235777248976755, 'learning_rate': 0.0008876639023867984, 'beta_1': 0.8560836628390831, 'min_delta': 18.481780728121457, 'batch_size': 16}. Best is trial 72 with value: 9644.473537652731.
149  MAE:  55.65531942758621
149  RMSE:  104.93682630930195
Best epoch:  9
Best epoch:  27
Best epoch:  9
Best epoch:  15
Best epoch:  21
[I 2023-11-11 12:21:49,761] Trial 150 finished with value: 10748.087848148043 and parameters: {'seed': 133, 'N': 5, 'n_neurons_1': 151, 'n_neurons_2': 153, 'n_neurons_3': 117, 'n_neurons_4': 88, 'Dropout': 0.06198099339855821, 'kernel_regularizer': 0.0699106295060938, 'learning_rate': 0.0008402810469726031, 'beta_1': 0.8998036179074836, 'min_delta': 19.537553257338327, 'batch_size': 16}. Best is trial 72 with value: 9644.473537652731.
150  MAE:  54.37195770209443
150  RMSE:  103.6729851414921
Best epoch:  5
Best epoch:  7
Best epoch:  8
Best epoch:  8
Best epoch:  8
[I 2023-11-11 12:26:27,346] Trial 151 finished with value: 11664.968977834054 and parameters: {'seed': 111, 'N': 5, 'n_neurons_1': 152, 'n_neurons_2': 141, 'n_neurons_3': 113, 'n_neurons_4': 90, 'Dropout': 0.06439560681976128, 'kernel_regularizer': 0.053645685688408495, 'learning_rate': 0.0008754057404718585, 'beta_1': 0.861690807272521, 'min_delta': 19.7849836927002, 'batch_size': 16}. Best is trial 72 with value: 9644.473537652731.
151  MAE:  56.62829763535351
151  RMSE:  108.00448591532694
Best epoch:  24
Best epoch:  15
Best epoch:  10
Best epoch:  15
Best epoch:  11
Best epoch:  15
[I 2023-11-11 12:31:57,150] Trial 152 finished with value: 11429.797301526216 and parameters: {'seed': 113, 'N': 6, 'n_neurons_1': 152, 'n_neurons_2': 140, 'n_neurons_3': 115, 'n_neurons_4': 90, 'Dropout': 0.061969321412542175, 'kernel_regularizer': 0.0591829198137846, 'learning_rate': 0.0008697609913608945, 'beta_1': 0.8653707019520559, 'min_delta': 19.950189326979512, 'batch_size': 16}. Best is trial 72 with value: 9644.473537652731.
152  MAE:  55.15112919443612
152  RMSE:  106.9102301069744
Best epoch:  7
Best epoch:  14
Best epoch:  7
Best epoch:  7
Best epoch:  8
[I 2023-11-11 12:36:34,536] Trial 153 finished with value: 11455.516597089665 and parameters: {'seed': 111, 'N': 5, 'n_neurons_1': 154, 'n_neurons_2': 147, 'n_neurons_3': 119, 'n_neurons_4': 89, 'Dropout': 0.05039564709044302, 'kernel_regularizer': 0.05018121215029603, 'learning_rate': 0.0008613232891146436, 'beta_1': 0.8569101153857532, 'min_delta': 18.933827544283346, 'batch_size': 16}. Best is trial 72 with value: 9644.473537652731.
153  MAE:  55.78694937829097
153  RMSE:  107.03044705638516
Best epoch:  18
Best epoch:  14
Best epoch:  13
Best epoch:  15
Best epoch:  9
Best epoch:  12
[I 2023-11-11 12:42:14,151] Trial 154 finished with value: 11365.528632612924 and parameters: {'seed': 115, 'N': 6, 'n_neurons_1': 153, 'n_neurons_2': 143, 'n_neurons_3': 114, 'n_neurons_4': 89, 'Dropout': 0.05976509844716648, 'kernel_regularizer': 0.05540764413235752, 'learning_rate': 0.0008775342912089934, 'beta_1': 0.8680209613869008, 'min_delta': 19.33936720891435, 'batch_size': 16}. Best is trial 72 with value: 9644.473537652731.
154  MAE:  55.59391280301997
154  RMSE:  106.60923333657796
Best epoch:  4
Best epoch:  9
Best epoch:  7
Best epoch:  12
Best epoch:  3
